mode: atomic
github.com/seanpor/ja4proxy/internal/cache/local.go:27.24,28.14 1 9
github.com/seanpor/ja4proxy/internal/cache/local.go:28.14,30.3 1 1
github.com/seanpor/ja4proxy/internal/cache/local.go:31.2,35.3 1 9
github.com/seanpor/ja4proxy/internal/cache/local.go:39.69,44.13 4 13
github.com/seanpor/ja4proxy/internal/cache/local.go:44.13,46.3 1 2
github.com/seanpor/ja4proxy/internal/cache/local.go:48.2,48.32 1 13
github.com/seanpor/ja4proxy/internal/cache/local.go:48.32,53.3 4 1
github.com/seanpor/ja4proxy/internal/cache/local.go:55.2,55.28 1 12
github.com/seanpor/ja4proxy/internal/cache/local.go:55.28,57.3 1 1
github.com/seanpor/ja4proxy/internal/cache/local.go:59.2,61.19 3 12
github.com/seanpor/ja4proxy/internal/cache/local.go:65.51,70.9 4 11
github.com/seanpor/ja4proxy/internal/cache/local.go:70.9,72.3 1 3
github.com/seanpor/ja4proxy/internal/cache/local.go:73.2,74.56 2 8
github.com/seanpor/ja4proxy/internal/cache/local.go:74.56,78.3 3 1
github.com/seanpor/ja4proxy/internal/cache/local.go:79.2,80.22 2 7
github.com/seanpor/ja4proxy/internal/cache/local.go:84.34,87.32 3 1
github.com/seanpor/ja4proxy/internal/cache/local.go:87.32,90.3 2 1
github.com/seanpor/ja4proxy/internal/cache/local.go:94.25,98.2 3 2
github.com/seanpor/ja4proxy/internal/cache/local.go:101.23,103.17 2 1
github.com/seanpor/ja4proxy/internal/cache/local.go:103.17,105.3 1 0
github.com/seanpor/ja4proxy/internal/cache/local.go:106.2,107.42 2 1
github.com/seanpor/ja4proxy/internal/health/state.go:36.29,37.28 1 8
github.com/seanpor/ja4proxy/internal/health/state.go:37.28,39.3 1 1
github.com/seanpor/ja4proxy/internal/health/state.go:40.2,44.3 1 8
github.com/seanpor/ja4proxy/internal/health/state.go:49.54,53.50 4 683
github.com/seanpor/ja4proxy/internal/health/state.go:53.50,56.3 2 4
github.com/seanpor/ja4proxy/internal/health/state.go:57.2,57.14 1 679
github.com/seanpor/ja4proxy/internal/health/state.go:62.49,67.2 4 669
github.com/seanpor/ja4proxy/internal/health/state.go:71.52,75.2 3 676
github.com/seanpor/ja4proxy/internal/cli/output/output.go:20.53,22.14 2 12
github.com/seanpor/ja4proxy/internal/cli/output/output.go:22.14,24.3 1 1
github.com/seanpor/ja4proxy/internal/cli/output/output.go:25.2,25.31 1 11
github.com/seanpor/ja4proxy/internal/cli/output/output.go:25.31,27.3 1 2
github.com/seanpor/ja4proxy/internal/cli/output/output.go:28.2,29.32 2 9
github.com/seanpor/ja4proxy/internal/cli/output/output.go:29.32,31.3 1 2
github.com/seanpor/ja4proxy/internal/cli/output/output.go:32.2,32.35 1 9
github.com/seanpor/ja4proxy/internal/cli/output/output.go:32.35,34.3 1 0
github.com/seanpor/ja4proxy/internal/cli/output/output.go:35.2,36.33 2 9
github.com/seanpor/ja4proxy/internal/cli/output/output.go:36.33,38.3 1 18
github.com/seanpor/ja4proxy/internal/cli/output/output.go:39.2,39.19 1 9
github.com/seanpor/ja4proxy/internal/cli/output/output.go:43.40,46.25 3 9
github.com/seanpor/ja4proxy/internal/cli/output/output.go:46.25,48.33 2 10
github.com/seanpor/ja4proxy/internal/cli/output/output.go:48.33,50.4 1 2
github.com/seanpor/ja4proxy/internal/cli/output/output.go:51.3,52.34 2 10
github.com/seanpor/ja4proxy/internal/cli/output/output.go:52.34,54.4 1 20
github.com/seanpor/ja4proxy/internal/cli/output/output.go:55.3,55.18 1 10
github.com/seanpor/ja4proxy/internal/cli/output/output.go:57.2,57.15 1 9
github.com/seanpor/ja4proxy/internal/cli/output/output.go:64.52,66.16 2 6
github.com/seanpor/ja4proxy/internal/cli/output/output.go:66.16,68.3 1 2
github.com/seanpor/ja4proxy/internal/cli/output/output.go:69.2,72.33 4 4
github.com/seanpor/ja4proxy/internal/cli/output/output.go:72.33,74.3 1 5
github.com/seanpor/ja4proxy/internal/cli/output/output.go:75.2,76.26 2 4
github.com/seanpor/ja4proxy/internal/cli/output/output.go:80.51,84.41 4 4
github.com/seanpor/ja4proxy/internal/cli/output/output.go:84.41,86.3 1 0
github.com/seanpor/ja4proxy/internal/cli/output/output.go:87.2,87.26 1 4
github.com/seanpor/ja4proxy/internal/cli/output/output.go:92.50,94.16 2 6
github.com/seanpor/ja4proxy/internal/cli/output/output.go:94.16,96.3 1 1
github.com/seanpor/ja4proxy/internal/cli/output/output.go:97.2,99.42 3 5
github.com/seanpor/ja4proxy/internal/cli/output/output.go:99.42,101.3 1 0
github.com/seanpor/ja4proxy/internal/cli/output/output.go:102.2,102.33 1 5
github.com/seanpor/ja4proxy/internal/cli/output/output.go:102.33,103.39 1 5
github.com/seanpor/ja4proxy/internal/cli/output/output.go:103.39,105.4 1 0
github.com/seanpor/ja4proxy/internal/cli/output/output.go:107.2,108.35 2 5
github.com/seanpor/ja4proxy/internal/cli/output/output.go:108.35,110.3 1 0
github.com/seanpor/ja4proxy/internal/cli/output/output.go:111.2,111.26 1 5
github.com/seanpor/ja4proxy/internal/cli/output/output.go:116.43,119.2 2 4
github.com/seanpor/ja4proxy/internal/logging/dual_formatter.go:18.69,20.16 2 6
github.com/seanpor/ja4proxy/internal/logging/dual_formatter.go:20.16,22.3 1 1
github.com/seanpor/ja4proxy/internal/logging/dual_formatter.go:23.2,24.16 2 5
github.com/seanpor/ja4proxy/internal/logging/dual_formatter.go:24.16,26.3 1 1
github.com/seanpor/ja4proxy/internal/logging/dual_formatter.go:29.2,30.55 2 4
github.com/seanpor/ja4proxy/internal/logging/ecs_formatter.go:34.68,35.24 1 68
github.com/seanpor/ja4proxy/internal/logging/ecs_formatter.go:35.24,37.3 1 3
github.com/seanpor/ja4proxy/internal/logging/ecs_formatter.go:38.2,38.23 1 65
github.com/seanpor/ja4proxy/internal/logging/ecs_formatter.go:41.70,50.2 2 3
github.com/seanpor/ja4proxy/internal/logging/ecs_formatter.go:52.67,67.20 13 65
github.com/seanpor/ja4proxy/internal/logging/ecs_formatter.go:67.20,69.3 1 65
github.com/seanpor/ja4proxy/internal/logging/ecs_formatter.go:71.2,73.31 2 65
github.com/seanpor/ja4proxy/internal/logging/ecs_formatter.go:73.31,75.3 1 1
github.com/seanpor/ja4proxy/internal/logging/ecs_formatter.go:76.2,76.37 1 65
github.com/seanpor/ja4proxy/internal/logging/ecs_formatter.go:76.37,78.3 1 1
github.com/seanpor/ja4proxy/internal/logging/ecs_formatter.go:79.2,79.39 1 65
github.com/seanpor/ja4proxy/internal/logging/ecs_formatter.go:79.39,81.3 1 1
github.com/seanpor/ja4proxy/internal/logging/ecs_formatter.go:81.8,81.40 1 64
github.com/seanpor/ja4proxy/internal/logging/ecs_formatter.go:81.40,83.3 1 20
github.com/seanpor/ja4proxy/internal/logging/ecs_formatter.go:84.2,84.36 1 65
github.com/seanpor/ja4proxy/internal/logging/ecs_formatter.go:84.36,86.3 1 9
github.com/seanpor/ja4proxy/internal/logging/ecs_formatter.go:87.2,87.35 1 65
github.com/seanpor/ja4proxy/internal/logging/ecs_formatter.go:87.35,89.24 1 2
github.com/seanpor/ja4proxy/internal/logging/ecs_formatter.go:90.12,91.14 1 2
github.com/seanpor/ja4proxy/internal/logging/ecs_formatter.go:91.14,93.5 1 1
github.com/seanpor/ja4proxy/internal/logging/ecs_formatter.go:94.16,95.14 1 0
github.com/seanpor/ja4proxy/internal/logging/ecs_formatter.go:95.14,97.5 1 0
github.com/seanpor/ja4proxy/internal/logging/ecs_formatter.go:98.11,99.26 1 0
github.com/seanpor/ja4proxy/internal/logging/ecs_formatter.go:102.2,102.30 1 65
github.com/seanpor/ja4proxy/internal/logging/ecs_formatter.go:102.30,104.3 1 1
github.com/seanpor/ja4proxy/internal/logging/ecs_formatter.go:105.2,105.31 1 65
github.com/seanpor/ja4proxy/internal/logging/ecs_formatter.go:105.31,107.3 1 1
github.com/seanpor/ja4proxy/internal/logging/ecs_formatter.go:108.2,108.31 1 65
github.com/seanpor/ja4proxy/internal/logging/ecs_formatter.go:108.31,110.3 1 1
github.com/seanpor/ja4proxy/internal/logging/ecs_formatter.go:111.2,111.32 1 65
github.com/seanpor/ja4proxy/internal/logging/ecs_formatter.go:111.32,114.3 2 5
github.com/seanpor/ja4proxy/internal/logging/ecs_formatter.go:115.2,115.30 1 65
github.com/seanpor/ja4proxy/internal/logging/ecs_formatter.go:115.30,117.3 1 1
github.com/seanpor/ja4proxy/internal/logging/ecs_formatter.go:118.2,118.31 1 65
github.com/seanpor/ja4proxy/internal/logging/ecs_formatter.go:118.31,120.3 1 1
github.com/seanpor/ja4proxy/internal/logging/ecs_formatter.go:121.2,121.34 1 65
github.com/seanpor/ja4proxy/internal/logging/ecs_formatter.go:121.34,123.3 1 1
github.com/seanpor/ja4proxy/internal/logging/ecs_formatter.go:124.2,124.38 1 65
github.com/seanpor/ja4proxy/internal/logging/ecs_formatter.go:124.38,126.3 1 1
github.com/seanpor/ja4proxy/internal/logging/ecs_formatter.go:127.2,127.37 1 65
github.com/seanpor/ja4proxy/internal/logging/ecs_formatter.go:127.37,129.3 1 1
github.com/seanpor/ja4proxy/internal/logging/ecs_formatter.go:130.2,130.42 1 65
github.com/seanpor/ja4proxy/internal/logging/ecs_formatter.go:130.42,132.3 1 1
github.com/seanpor/ja4proxy/internal/logging/ecs_formatter.go:133.2,133.31 1 65
github.com/seanpor/ja4proxy/internal/logging/ecs_formatter.go:133.31,135.3 1 1
github.com/seanpor/ja4proxy/internal/logging/ecs_formatter.go:136.2,136.34 1 65
github.com/seanpor/ja4proxy/internal/logging/ecs_formatter.go:136.34,138.3 1 2
github.com/seanpor/ja4proxy/internal/logging/ecs_formatter.go:139.2,139.35 1 65
github.com/seanpor/ja4proxy/internal/logging/ecs_formatter.go:139.35,141.3 1 1
github.com/seanpor/ja4proxy/internal/logging/ecs_formatter.go:142.2,142.35 1 65
github.com/seanpor/ja4proxy/internal/logging/ecs_formatter.go:142.35,144.3 1 1
github.com/seanpor/ja4proxy/internal/logging/ecs_formatter.go:146.2,146.33 1 65
github.com/seanpor/ja4proxy/internal/logging/ecs_formatter.go:146.33,147.30 1 20
github.com/seanpor/ja4proxy/internal/logging/ecs_formatter.go:147.30,148.20 1 20
github.com/seanpor/ja4proxy/internal/logging/ecs_formatter.go:148.20,150.5 1 4
github.com/seanpor/ja4proxy/internal/logging/ecs_formatter.go:150.10,152.5 1 16
github.com/seanpor/ja4proxy/internal/logging/ecs_formatter.go:153.4,153.39 1 20
github.com/seanpor/ja4proxy/internal/logging/ecs_formatter.go:153.39,155.5 1 20
github.com/seanpor/ja4proxy/internal/logging/ecs_formatter.go:156.4,156.18 1 20
github.com/seanpor/ja4proxy/internal/logging/ecs_formatter.go:156.18,157.42 1 6
github.com/seanpor/ja4proxy/internal/logging/ecs_formatter.go:157.42,160.38 3 3
github.com/seanpor/ja4proxy/internal/logging/ecs_formatter.go:160.38,162.7 1 1
github.com/seanpor/ja4proxy/internal/logging/ecs_formatter.go:162.12,164.7 1 2
github.com/seanpor/ja4proxy/internal/logging/ecs_formatter.go:170.2,171.16 2 65
github.com/seanpor/ja4proxy/internal/logging/ecs_formatter.go:171.16,173.3 1 0
github.com/seanpor/ja4proxy/internal/logging/ecs_formatter.go:174.2,174.29 1 65
github.com/seanpor/ja4proxy/internal/logging/ecs_formatter.go:179.58,181.2 1 5
github.com/seanpor/ja4proxy/internal/logging/redactor.go:32.58,35.2 2 8
github.com/seanpor/ja4proxy/internal/logging/redactor.go:38.58,40.2 1 18
github.com/seanpor/ja4proxy/internal/logging/redactor.go:78.66,79.32 1 18
github.com/seanpor/ja4proxy/internal/logging/redactor.go:79.32,81.3 1 1
github.com/seanpor/ja4proxy/internal/logging/redactor.go:82.2,82.31 1 17
github.com/seanpor/ja4proxy/internal/logging/redactor.go:82.31,84.10 2 21
github.com/seanpor/ja4proxy/internal/logging/redactor.go:84.10,85.12 1 1
github.com/seanpor/ja4proxy/internal/logging/redactor.go:87.3,87.35 1 20
github.com/seanpor/ja4proxy/internal/logging/redactor.go:87.35,89.12 2 6
github.com/seanpor/ja4proxy/internal/logging/redactor.go:91.3,91.35 1 14
github.com/seanpor/ja4proxy/internal/logging/redactor.go:91.35,93.12 2 3
github.com/seanpor/ja4proxy/internal/logging/redactor.go:95.3,95.37 1 11
github.com/seanpor/ja4proxy/internal/logging/redactor.go:95.37,97.12 2 2
github.com/seanpor/ja4proxy/internal/logging/redactor.go:99.3,99.17 1 9
github.com/seanpor/ja4proxy/internal/logging/redactor.go:99.17,101.4 1 6
github.com/seanpor/ja4proxy/internal/logging/redactor.go:103.2,103.12 1 17
github.com/seanpor/ja4proxy/internal/logging/redactor.go:108.34,109.13 1 6
github.com/seanpor/ja4proxy/internal/logging/redactor.go:109.13,111.3 1 0
github.com/seanpor/ja4proxy/internal/logging/redactor.go:112.2,112.25 1 6
github.com/seanpor/ja4proxy/internal/logging/redactor.go:118.37,119.16 1 3
github.com/seanpor/ja4proxy/internal/logging/redactor.go:119.16,121.3 1 0
github.com/seanpor/ja4proxy/internal/logging/redactor.go:122.2,122.71 1 3
github.com/seanpor/ja4proxy/internal/logging/redactor.go:122.71,124.26 2 3
github.com/seanpor/ja4proxy/internal/logging/redactor.go:124.26,125.26 1 11
github.com/seanpor/ja4proxy/internal/logging/redactor.go:125.26,127.5 1 0
github.com/seanpor/ja4proxy/internal/logging/redactor.go:129.3,129.30 1 3
github.com/seanpor/ja4proxy/internal/logging/redactor.go:131.2,131.21 1 0
github.com/seanpor/ja4proxy/internal/logging/redactor.go:138.40,139.15 1 6
github.com/seanpor/ja4proxy/internal/logging/redactor.go:139.15,141.3 1 0
github.com/seanpor/ja4proxy/internal/logging/redactor.go:142.2,143.14 2 6
github.com/seanpor/ja4proxy/internal/logging/redactor.go:143.14,145.3 1 1
github.com/seanpor/ja4proxy/internal/logging/redactor.go:146.2,146.35 1 5
github.com/seanpor/ja4proxy/internal/cli/config/config.go:44.39,49.2 1 19
github.com/seanpor/ja4proxy/internal/cli/config/config.go:52.35,54.16 2 20
github.com/seanpor/ja4proxy/internal/cli/config/config.go:54.16,56.3 1 0
github.com/seanpor/ja4proxy/internal/cli/config/config.go:57.2,57.68 1 20
github.com/seanpor/ja4proxy/internal/cli/config/config.go:62.33,64.16 2 14
github.com/seanpor/ja4proxy/internal/cli/config/config.go:64.16,66.3 1 0
github.com/seanpor/ja4proxy/internal/cli/config/config.go:68.2,69.16 2 14
github.com/seanpor/ja4proxy/internal/cli/config/config.go:69.16,70.37 1 2
github.com/seanpor/ja4proxy/internal/cli/config/config.go:70.37,72.4 1 1
github.com/seanpor/ja4proxy/internal/cli/config/config.go:73.3,73.18 1 1
github.com/seanpor/ja4proxy/internal/cli/config/config.go:76.2,77.50 2 12
github.com/seanpor/ja4proxy/internal/cli/config/config.go:77.50,79.3 1 1
github.com/seanpor/ja4proxy/internal/cli/config/config.go:80.2,80.17 1 11
github.com/seanpor/ja4proxy/internal/cli/config/config.go:85.33,87.16 2 6
github.com/seanpor/ja4proxy/internal/cli/config/config.go:87.16,89.3 1 0
github.com/seanpor/ja4proxy/internal/cli/config/config.go:91.2,91.63 1 6
github.com/seanpor/ja4proxy/internal/cli/config/config.go:91.63,93.3 1 1
github.com/seanpor/ja4proxy/internal/cli/config/config.go:95.2,96.16 2 5
github.com/seanpor/ja4proxy/internal/cli/config/config.go:96.16,98.3 1 0
github.com/seanpor/ja4proxy/internal/cli/config/config.go:100.2,100.40 1 5
github.com/seanpor/ja4proxy/internal/tls/ja4.go:20.30,22.2 1 599
github.com/seanpor/ja4proxy/internal/tls/ja4.go:30.47,38.37 3 42
github.com/seanpor/ja4proxy/internal/tls/ja4.go:38.37,40.44 2 26
github.com/seanpor/ja4proxy/internal/tls/ja4.go:40.44,41.35 1 35
github.com/seanpor/ja4proxy/internal/tls/ja4.go:41.35,43.5 1 26
github.com/seanpor/ja4proxy/internal/tls/ja4.go:45.3,45.19 1 26
github.com/seanpor/ja4proxy/internal/tls/ja4.go:45.19,47.4 1 26
github.com/seanpor/ja4proxy/internal/tls/ja4.go:52.2,53.21 2 42
github.com/seanpor/ja4proxy/internal/tls/ja4.go:53.21,55.3 1 22
github.com/seanpor/ja4proxy/internal/tls/ja4.go:59.2,60.39 2 42
github.com/seanpor/ja4proxy/internal/tls/ja4.go:60.39,61.20 1 217
github.com/seanpor/ja4proxy/internal/tls/ja4.go:61.20,63.4 1 209
github.com/seanpor/ja4proxy/internal/tls/ja4.go:65.2,66.22 2 42
github.com/seanpor/ja4proxy/internal/tls/ja4.go:66.22,68.3 1 0
github.com/seanpor/ja4proxy/internal/tls/ja4.go:69.2,75.38 4 42
github.com/seanpor/ja4proxy/internal/tls/ja4.go:75.38,76.21 1 183
github.com/seanpor/ja4proxy/internal/tls/ja4.go:76.21,79.38 2 179
github.com/seanpor/ja4proxy/internal/tls/ja4.go:79.38,81.5 1 148
github.com/seanpor/ja4proxy/internal/tls/ja4.go:84.2,85.19 2 42
github.com/seanpor/ja4proxy/internal/tls/ja4.go:85.19,87.3 1 0
github.com/seanpor/ja4proxy/internal/tls/ja4.go:90.2,91.46 2 42
github.com/seanpor/ja4proxy/internal/tls/ja4.go:91.46,92.20 1 164
github.com/seanpor/ja4proxy/internal/tls/ja4.go:92.20,94.4 1 164
github.com/seanpor/ja4proxy/internal/tls/ja4.go:96.2,106.3 3 42
github.com/seanpor/ja4proxy/internal/tls/ja4.go:118.10,129.2 2 1
github.com/seanpor/ja4proxy/internal/tls/ja4.go:132.40,133.11 1 68
github.com/seanpor/ja4proxy/internal/tls/ja4.go:134.14,135.14 1 1
github.com/seanpor/ja4proxy/internal/tls/ja4.go:136.14,137.14 1 0
github.com/seanpor/ja4proxy/internal/tls/ja4.go:138.14,139.14 1 41
github.com/seanpor/ja4proxy/internal/tls/ja4.go:140.14,141.14 1 26
github.com/seanpor/ja4proxy/internal/tls/ja4.go:142.14,143.14 1 0
github.com/seanpor/ja4proxy/internal/tls/ja4.go:144.10,145.14 1 0
github.com/seanpor/ja4proxy/internal/tls/ja4.go:150.44,151.25 1 51
github.com/seanpor/ja4proxy/internal/tls/ja4.go:151.25,153.3 1 25
github.com/seanpor/ja4proxy/internal/tls/ja4.go:154.2,155.20 2 26
github.com/seanpor/ja4proxy/internal/tls/ja4.go:156.9,157.14 1 1
github.com/seanpor/ja4proxy/internal/tls/ja4.go:158.9,159.32 1 2
github.com/seanpor/ja4proxy/internal/tls/ja4.go:160.10,161.56 1 23
github.com/seanpor/ja4proxy/internal/tls/ja4.go:166.43,167.23 1 43
github.com/seanpor/ja4proxy/internal/tls/ja4.go:167.23,169.3 1 2
github.com/seanpor/ja4proxy/internal/tls/ja4.go:170.2,172.41 3 41
github.com/seanpor/ja4proxy/internal/tls/ja4.go:172.41,172.73 1 565
github.com/seanpor/ja4proxy/internal/tls/ja4.go:174.2,175.28 2 41
github.com/seanpor/ja4proxy/internal/tls/ja4.go:175.28,177.3 1 211
github.com/seanpor/ja4proxy/internal/tls/ja4.go:178.2,180.34 3 41
github.com/seanpor/ja4proxy/internal/tls/ja4.go:184.59,185.20 1 44
github.com/seanpor/ja4proxy/internal/tls/ja4.go:185.20,187.3 1 8
github.com/seanpor/ja4proxy/internal/tls/ja4.go:190.2,192.45 3 36
github.com/seanpor/ja4proxy/internal/tls/ja4.go:192.45,192.85 1 234
github.com/seanpor/ja4proxy/internal/tls/ja4.go:194.2,195.33 2 36
github.com/seanpor/ja4proxy/internal/tls/ja4.go:195.33,197.3 1 154
github.com/seanpor/ja4proxy/internal/tls/ja4.go:198.2,202.22 3 36
github.com/seanpor/ja4proxy/internal/tls/ja4.go:202.22,204.30 2 17
github.com/seanpor/ja4proxy/internal/tls/ja4.go:204.30,206.4 1 164
github.com/seanpor/ja4proxy/internal/tls/ja4.go:207.3,208.35 2 17
github.com/seanpor/ja4proxy/internal/tls/ja4.go:209.8,211.3 1 19
github.com/seanpor/ja4proxy/internal/tls/ja4.go:213.2,214.34 2 36
github.com/seanpor/ja4proxy/internal/tls/ja4x.go:19.41,20.23 1 6
github.com/seanpor/ja4proxy/internal/tls/ja4x.go:20.23,22.3 1 2
github.com/seanpor/ja4proxy/internal/tls/ja4x.go:24.2,25.16 2 4
github.com/seanpor/ja4proxy/internal/tls/ja4x.go:25.16,27.3 1 2
github.com/seanpor/ja4proxy/internal/tls/ja4x.go:29.2,33.41 4 2
github.com/seanpor/ja4proxy/internal/tls/ja4x.go:37.48,39.49 2 0
github.com/seanpor/ja4proxy/internal/tls/ja4x.go:39.49,41.3 1 0
github.com/seanpor/ja4proxy/internal/tls/ja4x.go:42.2,42.33 1 0
github.com/seanpor/ja4proxy/internal/tls/ja4x.go:45.48,47.16 2 2
github.com/seanpor/ja4proxy/internal/tls/ja4x.go:47.16,49.3 1 0
github.com/seanpor/ja4proxy/internal/tls/ja4x.go:51.2,52.36 2 2
github.com/seanpor/ja4proxy/internal/tls/ja4x.go:52.36,54.3 1 2
github.com/seanpor/ja4proxy/internal/tls/ja4x.go:55.2,55.44 1 2
github.com/seanpor/ja4proxy/internal/tls/ja4x.go:55.44,57.3 1 0
github.com/seanpor/ja4proxy/internal/tls/ja4x.go:58.2,58.38 1 2
github.com/seanpor/ja4proxy/internal/tls/ja4x.go:58.38,60.3 1 0
github.com/seanpor/ja4proxy/internal/tls/ja4x.go:61.2,61.32 1 2
github.com/seanpor/ja4proxy/internal/tls/ja4x.go:61.32,63.3 1 0
github.com/seanpor/ja4proxy/internal/tls/ja4x.go:65.2,66.35 2 2
github.com/seanpor/ja4proxy/internal/tls/ja4x.go:69.40,70.26 1 4
github.com/seanpor/ja4proxy/internal/tls/ja4x.go:70.26,72.3 1 0
github.com/seanpor/ja4proxy/internal/tls/ja4x.go:73.2,78.34 4 4
github.com/seanpor/ja4proxy/internal/tls/ja4x.go:78.34,80.3 1 8
github.com/seanpor/ja4proxy/internal/tls/ja4x.go:81.2,83.29 2 4
github.com/seanpor/ja4proxy/internal/tls/ja4x.go:83.29,84.12 1 8
github.com/seanpor/ja4proxy/internal/tls/ja4x.go:84.12,86.4 1 4
github.com/seanpor/ja4proxy/internal/tls/ja4x.go:87.3,87.23 1 8
github.com/seanpor/ja4proxy/internal/tls/ja4x.go:89.2,89.20 1 4
github.com/seanpor/ja4proxy/internal/tls/ja4x.go:92.53,94.2 1 6
github.com/seanpor/ja4proxy/internal/tls/ja4x.go:96.33,97.16 1 24
github.com/seanpor/ja4proxy/internal/tls/ja4x.go:97.16,99.3 1 13
github.com/seanpor/ja4proxy/internal/tls/ja4x.go:100.2,102.34 2 11
github.com/seanpor/ja4proxy/internal/tls/parser.go:30.62,31.19 1 46
github.com/seanpor/ja4proxy/internal/tls/parser.go:31.19,33.3 1 4
github.com/seanpor/ja4proxy/internal/tls/parser.go:39.2,39.21 1 42
github.com/seanpor/ja4proxy/internal/tls/parser.go:39.21,41.3 1 6
github.com/seanpor/ja4proxy/internal/tls/parser.go:42.2,43.23 2 36
github.com/seanpor/ja4proxy/internal/tls/parser.go:43.23,45.3 1 1
github.com/seanpor/ja4proxy/internal/tls/parser.go:46.2,46.29 1 35
github.com/seanpor/ja4proxy/internal/tls/parser.go:46.29,48.3 1 4
github.com/seanpor/ja4proxy/internal/tls/parser.go:53.2,54.19 2 31
github.com/seanpor/ja4proxy/internal/tls/parser.go:54.19,56.3 1 1
github.com/seanpor/ja4proxy/internal/tls/parser.go:57.2,57.21 1 30
github.com/seanpor/ja4proxy/internal/tls/parser.go:57.21,59.3 1 1
github.com/seanpor/ja4proxy/internal/tls/parser.go:61.2,62.28 2 29
github.com/seanpor/ja4proxy/internal/tls/parser.go:62.28,64.3 1 0
github.com/seanpor/ja4proxy/internal/tls/parser.go:65.2,65.37 1 29
github.com/seanpor/ja4proxy/internal/tls/parser.go:65.37,67.3 1 1
github.com/seanpor/ja4proxy/internal/tls/parser.go:69.2,79.21 4 28
github.com/seanpor/ja4proxy/internal/tls/parser.go:79.21,81.3 1 0
github.com/seanpor/ja4proxy/internal/tls/parser.go:82.2,85.23 3 28
github.com/seanpor/ja4proxy/internal/tls/parser.go:85.23,87.3 1 0
github.com/seanpor/ja4proxy/internal/tls/parser.go:88.2,93.24 4 28
github.com/seanpor/ja4proxy/internal/tls/parser.go:93.24,95.3 1 0
github.com/seanpor/ja4proxy/internal/tls/parser.go:96.2,98.28 3 28
github.com/seanpor/ja4proxy/internal/tls/parser.go:98.28,100.3 1 0
github.com/seanpor/ja4proxy/internal/tls/parser.go:101.2,101.18 1 28
github.com/seanpor/ja4proxy/internal/tls/parser.go:101.18,103.3 1 0
github.com/seanpor/ja4proxy/internal/tls/parser.go:104.2,104.32 1 28
github.com/seanpor/ja4proxy/internal/tls/parser.go:104.32,106.31 2 187
github.com/seanpor/ja4proxy/internal/tls/parser.go:106.31,108.4 1 27
github.com/seanpor/ja4proxy/internal/tls/parser.go:109.3,109.52 1 187
github.com/seanpor/ja4proxy/internal/tls/parser.go:111.2,114.24 2 28
github.com/seanpor/ja4proxy/internal/tls/parser.go:114.24,116.3 1 0
github.com/seanpor/ja4proxy/internal/tls/parser.go:117.2,119.30 3 28
github.com/seanpor/ja4proxy/internal/tls/parser.go:119.30,121.3 1 0
github.com/seanpor/ja4proxy/internal/tls/parser.go:122.2,126.23 3 28
github.com/seanpor/ja4proxy/internal/tls/parser.go:126.23,128.3 1 2
github.com/seanpor/ja4proxy/internal/tls/parser.go:129.2,129.24 1 26
github.com/seanpor/ja4proxy/internal/tls/parser.go:129.24,131.3 1 0
github.com/seanpor/ja4proxy/internal/tls/parser.go:132.2,134.34 3 26
github.com/seanpor/ja4proxy/internal/tls/parser.go:134.34,136.3 1 1
github.com/seanpor/ja4proxy/internal/tls/parser.go:138.2,139.55 2 25
github.com/seanpor/ja4proxy/internal/tls/parser.go:139.55,141.3 1 0
github.com/seanpor/ja4proxy/internal/tls/parser.go:143.2,143.18 1 25
github.com/seanpor/ja4proxy/internal/tls/parser.go:147.64,149.22 2 25
github.com/seanpor/ja4proxy/internal/tls/parser.go:149.22,150.24 1 137
github.com/seanpor/ja4proxy/internal/tls/parser.go:150.24,152.4 1 0
github.com/seanpor/ja4proxy/internal/tls/parser.go:153.3,156.29 4 137
github.com/seanpor/ja4proxy/internal/tls/parser.go:156.29,158.4 1 0
github.com/seanpor/ja4proxy/internal/tls/parser.go:159.3,162.29 3 137
github.com/seanpor/ja4proxy/internal/tls/parser.go:162.29,164.4 1 22
github.com/seanpor/ja4proxy/internal/tls/parser.go:165.3,167.18 2 137
github.com/seanpor/ja4proxy/internal/tls/parser.go:168.15,170.27 2 15
github.com/seanpor/ja4proxy/internal/tls/parser.go:171.15,172.28 1 7
github.com/seanpor/ja4proxy/internal/tls/parser.go:173.15,174.41 1 15
github.com/seanpor/ja4proxy/internal/tls/parser.go:175.15,176.39 1 17
github.com/seanpor/ja4proxy/internal/tls/parser.go:177.15,178.43 1 17
github.com/seanpor/ja4proxy/internal/tls/parser.go:181.2,181.12 1 25
github.com/seanpor/ja4proxy/internal/tls/parser.go:189.51,190.19 1 15
github.com/seanpor/ja4proxy/internal/tls/parser.go:190.19,192.3 1 0
github.com/seanpor/ja4proxy/internal/tls/parser.go:193.2,194.42 2 15
github.com/seanpor/ja4proxy/internal/tls/parser.go:194.42,196.3 1 0
github.com/seanpor/ja4proxy/internal/tls/parser.go:198.2,199.21 2 15
github.com/seanpor/ja4proxy/internal/tls/parser.go:199.21,201.3 1 0
github.com/seanpor/ja4proxy/internal/tls/parser.go:203.2,205.27 3 15
github.com/seanpor/ja4proxy/internal/tls/parser.go:205.27,207.3 1 0
github.com/seanpor/ja4proxy/internal/tls/parser.go:208.2,208.46 1 15
github.com/seanpor/ja4proxy/internal/tls/parser.go:216.52,217.19 1 7
github.com/seanpor/ja4proxy/internal/tls/parser.go:217.19,219.3 1 0
github.com/seanpor/ja4proxy/internal/tls/parser.go:220.2,221.27 2 7
github.com/seanpor/ja4proxy/internal/tls/parser.go:221.27,223.3 1 0
github.com/seanpor/ja4proxy/internal/tls/parser.go:224.2,226.14 3 7
github.com/seanpor/ja4proxy/internal/tls/parser.go:226.14,227.16 1 12
github.com/seanpor/ja4proxy/internal/tls/parser.go:227.16,229.4 1 0
github.com/seanpor/ja4proxy/internal/tls/parser.go:230.3,232.22 3 12
github.com/seanpor/ja4proxy/internal/tls/parser.go:232.22,234.4 1 0
github.com/seanpor/ja4proxy/internal/tls/parser.go:235.3,236.15 2 12
github.com/seanpor/ja4proxy/internal/tls/parser.go:242.65,243.19 1 15
github.com/seanpor/ja4proxy/internal/tls/parser.go:243.19,245.3 1 0
github.com/seanpor/ja4proxy/internal/tls/parser.go:246.2,247.45 2 15
github.com/seanpor/ja4proxy/internal/tls/parser.go:247.45,249.3 1 0
github.com/seanpor/ja4proxy/internal/tls/parser.go:250.2,250.34 1 15
github.com/seanpor/ja4proxy/internal/tls/parser.go:250.34,253.3 2 25
github.com/seanpor/ja4proxy/internal/tls/parser.go:257.63,258.19 1 17
github.com/seanpor/ja4proxy/internal/tls/parser.go:258.19,260.3 1 0
github.com/seanpor/ja4proxy/internal/tls/parser.go:261.2,262.45 2 17
github.com/seanpor/ja4proxy/internal/tls/parser.go:262.45,264.3 1 0
github.com/seanpor/ja4proxy/internal/tls/parser.go:265.2,265.34 1 17
github.com/seanpor/ja4proxy/internal/tls/parser.go:265.34,268.3 2 94
github.com/seanpor/ja4proxy/internal/tls/parser.go:272.67,273.19 1 17
github.com/seanpor/ja4proxy/internal/tls/parser.go:273.19,275.3 1 0
github.com/seanpor/ja4proxy/internal/tls/parser.go:276.2,277.45 2 17
github.com/seanpor/ja4proxy/internal/tls/parser.go:277.45,279.3 1 0
github.com/seanpor/ja4proxy/internal/tls/parser.go:280.2,280.34 1 17
github.com/seanpor/ja4proxy/internal/tls/parser.go:280.34,283.3 2 164
github.com/seanpor/ja4proxy/internal/tls/parser.go:286.36,288.2 1 27
github.com/seanpor/ja4proxy/internal/cli/auth/auth.go:21.44,22.21 1 20
github.com/seanpor/ja4proxy/internal/cli/auth/auth.go:22.21,24.3 1 6
github.com/seanpor/ja4proxy/internal/cli/auth/auth.go:25.2,25.36 1 14
github.com/seanpor/ja4proxy/internal/cli/auth/auth.go:33.56,34.47 1 11
github.com/seanpor/ja4proxy/internal/cli/auth/auth.go:34.47,36.3 1 5
github.com/seanpor/ja4proxy/internal/cli/auth/auth.go:37.2,38.29 2 6
github.com/seanpor/ja4proxy/internal/cli/auth/auth.go:38.29,40.3 1 3
github.com/seanpor/ja4proxy/internal/cli/auth/auth.go:41.2,41.11 1 3
github.com/seanpor/ja4proxy/internal/cli/auth/auth.go:47.47,49.2 1 3
github.com/seanpor/ja4proxy/internal/cli/auth/auth.go:53.38,55.2 1 1
github.com/seanpor/ja4proxy/internal/cli/auth/auth.go:59.42,60.21 1 8
github.com/seanpor/ja4proxy/internal/cli/auth/auth.go:60.21,62.3 1 3
github.com/seanpor/ja4proxy/internal/cli/auth/auth.go:63.2,63.34 1 5
github.com/seanpor/ja4proxy/internal/proxy/proxy_protocol.go:16.28,16.59 1 9
github.com/seanpor/ja4proxy/internal/proxy/proxy_protocol.go:20.32,21.34 1 6
github.com/seanpor/ja4proxy/internal/proxy/proxy_protocol.go:21.34,23.3 1 2
github.com/seanpor/ja4proxy/internal/proxy/proxy_protocol.go:24.2,24.18 1 4
github.com/seanpor/ja4proxy/internal/proxy/proxy_protocol.go:37.104,38.18 1 6
github.com/seanpor/ja4proxy/internal/proxy/proxy_protocol.go:38.18,40.3 1 2
github.com/seanpor/ja4proxy/internal/proxy/proxy_protocol.go:41.2,41.53 1 4
github.com/seanpor/ja4proxy/internal/proxy/proxy_protocol.go:44.80,45.48 1 4
github.com/seanpor/ja4proxy/internal/proxy/proxy_protocol.go:45.48,47.3 1 1
github.com/seanpor/ja4proxy/internal/proxy/proxy_protocol.go:48.2,48.64 1 3
github.com/seanpor/ja4proxy/internal/proxy/proxy_protocol.go:48.64,50.3 1 1
github.com/seanpor/ja4proxy/internal/proxy/proxy_protocol.go:51.2,51.70 1 2
github.com/seanpor/ja4proxy/internal/proxy/proxy_protocol.go:51.70,53.3 1 1
github.com/seanpor/ja4proxy/internal/proxy/proxy_protocol.go:54.2,54.36 1 1
github.com/seanpor/ja4proxy/internal/proxy/proxy_protocol.go:57.80,60.108 3 2
github.com/seanpor/ja4proxy/internal/proxy/proxy_protocol.go:60.108,69.3 8 1
github.com/seanpor/ja4proxy/internal/proxy/proxy_protocol.go:70.2,70.114 1 1
github.com/seanpor/ja4proxy/internal/proxy/proxy_protocol.go:70.114,79.3 8 0
github.com/seanpor/ja4proxy/internal/proxy/proxy_protocol.go:81.2,84.20 4 1
github.com/seanpor/ja4proxy/internal/proxy/proxy_protocol.go:94.63,95.16 1 20
github.com/seanpor/ja4proxy/internal/proxy/proxy_protocol.go:95.16,97.3 1 1
github.com/seanpor/ja4proxy/internal/proxy/proxy_protocol.go:99.2,100.20 2 19
github.com/seanpor/ja4proxy/internal/proxy/proxy_protocol.go:100.20,102.3 1 2
github.com/seanpor/ja4proxy/internal/proxy/proxy_protocol.go:104.2,104.34 1 17
github.com/seanpor/ja4proxy/internal/proxy/proxy_protocol.go:104.34,106.3 1 1
github.com/seanpor/ja4proxy/internal/proxy/proxy_protocol.go:108.2,108.44 1 16
github.com/seanpor/ja4proxy/internal/proxy/proxy_protocol.go:116.64,117.21 1 0
github.com/seanpor/ja4proxy/internal/proxy/proxy_protocol.go:117.21,119.3 1 0
github.com/seanpor/ja4proxy/internal/proxy/proxy_protocol.go:120.2,120.31 1 0
github.com/seanpor/ja4proxy/internal/proxy/proxy_protocol.go:125.50,127.17 2 16
github.com/seanpor/ja4proxy/internal/proxy/proxy_protocol.go:127.17,129.3 1 4
github.com/seanpor/ja4proxy/internal/proxy/proxy_protocol.go:131.2,131.29 1 12
github.com/seanpor/ja4proxy/internal/proxy/proxy_protocol.go:131.29,133.17 2 18
github.com/seanpor/ja4proxy/internal/proxy/proxy_protocol.go:133.17,135.12 1 2
github.com/seanpor/ja4proxy/internal/proxy/proxy_protocol.go:137.3,137.27 1 16
github.com/seanpor/ja4proxy/internal/proxy/proxy_protocol.go:137.27,139.4 1 7
github.com/seanpor/ja4proxy/internal/proxy/proxy_protocol.go:142.2,142.14 1 5
github.com/seanpor/ja4proxy/internal/proxy/proxy_protocol.go:149.63,152.17 3 6
github.com/seanpor/ja4proxy/internal/proxy/proxy_protocol.go:152.17,154.3 1 1
github.com/seanpor/ja4proxy/internal/proxy/proxy_protocol.go:155.2,155.37 1 5
github.com/seanpor/ja4proxy/internal/proxy/proxy_protocol.go:155.37,157.3 1 1
github.com/seanpor/ja4proxy/internal/proxy/proxy_protocol.go:158.2,161.20 3 4
github.com/seanpor/ja4proxy/internal/proxy/proxy_protocol.go:161.20,163.3 1 0
github.com/seanpor/ja4proxy/internal/proxy/proxy_protocol.go:164.2,164.27 1 4
github.com/seanpor/ja4proxy/internal/proxy/proxy_protocol.go:164.27,166.3 1 1
github.com/seanpor/ja4proxy/internal/proxy/proxy_protocol.go:167.2,168.15 2 3
github.com/seanpor/ja4proxy/internal/proxy/proxy_protocol.go:168.15,170.3 1 1
github.com/seanpor/ja4proxy/internal/proxy/proxy_protocol.go:171.2,171.26 1 2
github.com/seanpor/ja4proxy/internal/proxy/proxy_protocol.go:190.65,193.2 2 16
github.com/seanpor/ja4proxy/internal/proxy/proxy_protocol.go:203.90,205.32 1 18
github.com/seanpor/ja4proxy/internal/proxy/proxy_protocol.go:205.32,207.3 1 5
github.com/seanpor/ja4proxy/internal/proxy/proxy_protocol.go:210.2,210.41 1 13
github.com/seanpor/ja4proxy/internal/proxy/proxy_protocol.go:210.41,212.3 1 3
github.com/seanpor/ja4proxy/internal/proxy/proxy_protocol.go:214.2,216.27 2 10
github.com/seanpor/ja4proxy/internal/proxy/proxy_protocol.go:216.27,218.3 1 1
github.com/seanpor/ja4proxy/internal/proxy/proxy_protocol.go:219.2,222.27 2 9
github.com/seanpor/ja4proxy/internal/proxy/proxy_protocol.go:222.27,224.3 1 1
github.com/seanpor/ja4proxy/internal/proxy/proxy_protocol.go:227.2,227.27 1 8
github.com/seanpor/ja4proxy/internal/proxy/proxy_protocol.go:227.27,229.3 1 0
github.com/seanpor/ja4proxy/internal/proxy/proxy_protocol.go:231.2,238.57 3 8
github.com/seanpor/ja4proxy/internal/proxy/proxy_protocol.go:238.57,240.3 1 1
github.com/seanpor/ja4proxy/internal/proxy/proxy_protocol.go:242.2,247.16 3 7
github.com/seanpor/ja4proxy/internal/proxy/proxy_protocol.go:248.18,250.19 1 3
github.com/seanpor/ja4proxy/internal/proxy/proxy_protocol.go:250.19,252.4 1 0
github.com/seanpor/ja4proxy/internal/proxy/proxy_protocol.go:253.3,253.55 1 3
github.com/seanpor/ja4proxy/internal/proxy/proxy_protocol.go:255.18,257.19 1 3
github.com/seanpor/ja4proxy/internal/proxy/proxy_protocol.go:257.19,259.4 1 0
github.com/seanpor/ja4proxy/internal/proxy/proxy_protocol.go:260.3,261.26 2 3
github.com/seanpor/ja4proxy/internal/proxy/proxy_protocol.go:263.10,265.22 1 1
github.com/seanpor/ja4proxy/internal/proxy/proxy_protocol.go:268.2,268.18 1 6
github.com/seanpor/ja4proxy/internal/proxy/proxy_protocol.go:268.18,270.3 1 0
github.com/seanpor/ja4proxy/internal/proxy/proxy_protocol.go:272.2,272.40 1 6
github.com/seanpor/ja4proxy/internal/cli/client/client.go:27.41,29.2 1 15
github.com/seanpor/ja4proxy/internal/cli/client/client.go:33.75,41.2 1 16
github.com/seanpor/ja4proxy/internal/cli/client/client.go:45.79,47.16 2 6
github.com/seanpor/ja4proxy/internal/cli/client/client.go:47.16,49.3 1 0
github.com/seanpor/ja4proxy/internal/cli/client/client.go:50.2,51.23 2 6
github.com/seanpor/ja4proxy/internal/cli/client/client.go:56.98,58.16 2 3
github.com/seanpor/ja4proxy/internal/cli/client/client.go:58.16,60.3 1 0
github.com/seanpor/ja4proxy/internal/cli/client/client.go:61.2,61.23 1 3
github.com/seanpor/ja4proxy/internal/cli/client/client.go:66.99,68.16 2 3
github.com/seanpor/ja4proxy/internal/cli/client/client.go:68.16,70.3 1 0
github.com/seanpor/ja4proxy/internal/cli/client/client.go:71.2,71.23 1 3
github.com/seanpor/ja4proxy/internal/cli/client/client.go:78.113,80.16 2 3
github.com/seanpor/ja4proxy/internal/cli/client/client.go:80.16,82.3 1 0
github.com/seanpor/ja4proxy/internal/cli/client/client.go:83.2,84.16 2 3
github.com/seanpor/ja4proxy/internal/cli/client/client.go:84.16,86.3 1 0
github.com/seanpor/ja4proxy/internal/cli/client/client.go:87.2,92.53 4 3
github.com/seanpor/ja4proxy/internal/cli/client/client.go:92.53,94.25 2 2
github.com/seanpor/ja4proxy/internal/cli/client/client.go:94.25,96.4 1 1
github.com/seanpor/ja4proxy/internal/cli/client/client.go:97.3,97.92 1 2
github.com/seanpor/ja4proxy/internal/cli/client/client.go:99.2,99.22 1 1
github.com/seanpor/ja4proxy/internal/cli/client/client.go:103.65,105.16 2 1
github.com/seanpor/ja4proxy/internal/cli/client/client.go:105.16,107.3 1 0
github.com/seanpor/ja4proxy/internal/cli/client/client.go:108.2,109.23 2 1
github.com/seanpor/ja4proxy/internal/cli/client/client.go:113.43,114.19 1 16
github.com/seanpor/ja4proxy/internal/cli/client/client.go:114.19,116.3 1 15
github.com/seanpor/ja4proxy/internal/cli/client/client.go:120.116,122.17 2 9
github.com/seanpor/ja4proxy/internal/cli/client/client.go:122.17,123.60 1 5
github.com/seanpor/ja4proxy/internal/cli/client/client.go:123.60,125.4 1 0
github.com/seanpor/ja4proxy/internal/cli/client/client.go:127.2,128.16 2 9
github.com/seanpor/ja4proxy/internal/cli/client/client.go:128.16,130.3 1 0
github.com/seanpor/ja4proxy/internal/cli/client/client.go:131.2,133.17 3 9
github.com/seanpor/ja4proxy/internal/cli/client/client.go:138.63,140.16 2 13
github.com/seanpor/ja4proxy/internal/cli/client/client.go:140.16,142.3 1 1
github.com/seanpor/ja4proxy/internal/cli/client/client.go:143.2,147.53 3 12
github.com/seanpor/ja4proxy/internal/cli/client/client.go:147.53,149.25 2 4
github.com/seanpor/ja4proxy/internal/cli/client/client.go:149.25,151.4 1 0
github.com/seanpor/ja4proxy/internal/cli/client/client.go:152.3,153.55 1 4
github.com/seanpor/ja4proxy/internal/cli/client/client.go:156.2,156.38 1 8
github.com/seanpor/ja4proxy/internal/cli/client/client.go:156.38,157.56 1 4
github.com/seanpor/ja4proxy/internal/cli/client/client.go:157.56,160.4 1 1
github.com/seanpor/ja4proxy/internal/cli/client/client.go:162.2,162.12 1 7
github.com/seanpor/ja4proxy/internal/compliance/classifier.go:44.46,46.44 2 17
github.com/seanpor/ja4proxy/internal/compliance/classifier.go:46.44,48.3 1 204
github.com/seanpor/ja4proxy/internal/compliance/classifier.go:49.2,49.44 1 17
github.com/seanpor/ja4proxy/internal/compliance/classifier.go:55.93,57.30 2 4
github.com/seanpor/ja4proxy/internal/compliance/classifier.go:57.30,59.3 1 5
github.com/seanpor/ja4proxy/internal/compliance/classifier.go:60.2,60.12 1 4
github.com/seanpor/ja4proxy/internal/compliance/classifier.go:64.66,66.33 2 2
github.com/seanpor/ja4proxy/internal/compliance/classifier.go:66.33,68.3 1 24
github.com/seanpor/ja4proxy/internal/compliance/classifier.go:69.2,69.12 1 2
github.com/seanpor/ja4proxy/internal/compliance/classifier.go:79.62,83.33 3 33
github.com/seanpor/ja4proxy/internal/compliance/classifier.go:83.33,85.10 2 38
github.com/seanpor/ja4proxy/internal/compliance/classifier.go:85.10,86.12 1 3
github.com/seanpor/ja4proxy/internal/compliance/classifier.go:88.3,89.66 1 35
github.com/seanpor/ja4proxy/internal/compliance/classifier.go:89.66,92.4 2 30
github.com/seanpor/ja4proxy/internal/compliance/classifier.go:94.2,94.21 1 33
github.com/seanpor/ja4proxy/internal/compliance/classifier.go:99.95,101.26 2 7
github.com/seanpor/ja4proxy/internal/compliance/classifier.go:101.26,103.3 1 13
github.com/seanpor/ja4proxy/internal/compliance/classifier.go:104.2,105.37 2 7
github.com/seanpor/ja4proxy/internal/compliance/classifier.go:105.37,106.26 1 6
github.com/seanpor/ja4proxy/internal/compliance/classifier.go:107.17,108.15 1 5
github.com/seanpor/ja4proxy/internal/compliance/classifier.go:109.22,110.27 1 1
github.com/seanpor/ja4proxy/internal/compliance/classifier.go:110.27,111.37 1 2
github.com/seanpor/ja4proxy/internal/compliance/classifier.go:111.37,113.6 1 2
github.com/seanpor/ja4proxy/internal/compliance/classifier.go:117.2,118.12 2 7
github.com/seanpor/ja4proxy/internal/compliance/classifier.go:122.100,124.27 2 2
github.com/seanpor/ja4proxy/internal/compliance/classifier.go:124.27,126.3 1 4
github.com/seanpor/ja4proxy/internal/compliance/classifier.go:127.2,127.12 1 2
github.com/seanpor/ja4proxy/internal/compliance/classifier.go:131.53,133.37 2 1
github.com/seanpor/ja4proxy/internal/compliance/classifier.go:133.37,135.3 1 12
github.com/seanpor/ja4proxy/internal/compliance/classifier.go:136.2,137.24 2 1
github.com/seanpor/ja4proxy/internal/compliance/classifier.go:137.24,139.3 1 9
github.com/seanpor/ja4proxy/internal/compliance/classifier.go:140.2,141.15 2 1
github.com/seanpor/ja4proxy/internal/compliance/pagination.go:65.72,66.22 1 7
github.com/seanpor/ja4proxy/internal/compliance/pagination.go:66.22,68.3 1 1
github.com/seanpor/ja4proxy/internal/compliance/pagination.go:69.2,69.42 1 7
github.com/seanpor/ja4proxy/internal/compliance/pagination.go:74.55,75.12 1 14
github.com/seanpor/ja4proxy/internal/compliance/pagination.go:75.12,77.3 1 3
github.com/seanpor/ja4proxy/internal/compliance/pagination.go:80.2,80.36 1 11
github.com/seanpor/ja4proxy/internal/compliance/pagination.go:80.36,83.3 2 0
github.com/seanpor/ja4proxy/internal/compliance/pagination.go:85.2,87.50 3 11
github.com/seanpor/ja4proxy/internal/compliance/pagination.go:87.50,91.3 3 1
github.com/seanpor/ja4proxy/internal/compliance/pagination.go:93.2,96.47 3 10
github.com/seanpor/ja4proxy/internal/compliance/pagination.go:96.47,98.3 1 4
github.com/seanpor/ja4proxy/internal/compliance/pagination.go:98.8,101.3 2 6
github.com/seanpor/ja4proxy/internal/compliance/pagination.go:103.2,103.24 1 10
github.com/seanpor/ja4proxy/internal/compliance/pagination.go:107.49,109.2 1 7
github.com/seanpor/ja4proxy/internal/compliance/pagination.go:112.36,114.2 1 4
github.com/seanpor/ja4proxy/internal/compliance/pagination.go:117.43,120.25 3 11
github.com/seanpor/ja4proxy/internal/compliance/pagination.go:120.25,122.3 1 1
github.com/seanpor/ja4proxy/internal/compliance/pagination.go:123.2,123.25 1 11
github.com/seanpor/ja4proxy/internal/compliance/pagination.go:123.25,125.3 1 1
github.com/seanpor/ja4proxy/internal/compliance/pagination.go:126.2,126.22 1 11
github.com/seanpor/ja4proxy/internal/compliance/pagination.go:126.22,128.3 1 1
github.com/seanpor/ja4proxy/internal/compliance/pagination.go:129.2,129.23 1 11
github.com/seanpor/ja4proxy/internal/compliance/pagination.go:129.23,131.3 1 1
github.com/seanpor/ja4proxy/internal/compliance/pagination.go:132.2,132.26 1 11
github.com/seanpor/ja4proxy/internal/compliance/pagination.go:132.26,134.3 1 1
github.com/seanpor/ja4proxy/internal/compliance/pagination.go:135.2,135.23 1 11
github.com/seanpor/ja4proxy/internal/compliance/pagination.go:135.23,137.3 1 4
github.com/seanpor/ja4proxy/internal/compliance/pagination.go:138.2,138.44 1 11
github.com/seanpor/ja4proxy/internal/compliance/pagination.go:144.85,146.21 2 1
github.com/seanpor/ja4proxy/internal/compliance/pagination.go:146.21,148.3 1 3
github.com/seanpor/ja4proxy/internal/compliance/pagination.go:149.2,149.24 1 1
github.com/seanpor/ja4proxy/internal/compliance/pagination.go:154.79,156.16 2 8
github.com/seanpor/ja4proxy/internal/compliance/pagination.go:156.16,159.17 2 2
github.com/seanpor/ja4proxy/internal/compliance/pagination.go:159.17,161.4 1 2
github.com/seanpor/ja4proxy/internal/compliance/pagination.go:163.2,168.48 2 6
github.com/seanpor/ja4proxy/internal/compliance/pagination.go:168.48,170.3 1 1
github.com/seanpor/ja4proxy/internal/compliance/pagination.go:171.2,171.41 1 5
github.com/seanpor/ja4proxy/internal/webhook/delivery.go:51.42,54.2 1 5
github.com/seanpor/ja4proxy/internal/webhook/delivery.go:57.44,59.2 1 0
github.com/seanpor/ja4proxy/internal/webhook/delivery.go:64.58,66.2 1 5
github.com/seanpor/ja4proxy/internal/webhook/delivery.go:71.56,90.2 1 4
github.com/seanpor/ja4proxy/internal/webhook/delivery.go:130.109,132.20 2 17
github.com/seanpor/ja4proxy/internal/webhook/delivery.go:132.20,134.3 1 15
github.com/seanpor/ja4proxy/internal/webhook/delivery.go:135.2,136.28 2 17
github.com/seanpor/ja4proxy/internal/webhook/delivery.go:136.28,138.3 1 1
github.com/seanpor/ja4proxy/internal/webhook/delivery.go:139.2,145.8 1 17
github.com/seanpor/ja4proxy/internal/webhook/delivery.go:155.30,156.33 1 2
github.com/seanpor/ja4proxy/internal/webhook/delivery.go:156.33,158.3 1 3
github.com/seanpor/ja4proxy/internal/webhook/delivery.go:164.56,166.37 2 19
github.com/seanpor/ja4proxy/internal/webhook/delivery.go:166.37,167.34 1 21
github.com/seanpor/ja4proxy/internal/webhook/delivery.go:167.34,168.12 1 1
github.com/seanpor/ja4proxy/internal/webhook/delivery.go:170.3,170.56 1 20
github.com/seanpor/ja4proxy/internal/webhook/delivery.go:170.56,172.4 1 6
github.com/seanpor/ja4proxy/internal/webhook/delivery.go:174.2,174.16 1 19
github.com/seanpor/ja4proxy/internal/webhook/delivery.go:178.81,179.25 1 21
github.com/seanpor/ja4proxy/internal/webhook/delivery.go:179.25,181.3 1 7
github.com/seanpor/ja4proxy/internal/webhook/delivery.go:182.2,182.30 1 14
github.com/seanpor/ja4proxy/internal/webhook/delivery.go:182.30,183.27 1 16
github.com/seanpor/ja4proxy/internal/webhook/delivery.go:183.27,185.4 1 13
github.com/seanpor/ja4proxy/internal/webhook/delivery.go:187.2,187.14 1 1
github.com/seanpor/ja4proxy/internal/webhook/delivery.go:193.86,196.22 2 20
github.com/seanpor/ja4proxy/internal/webhook/delivery.go:196.22,198.3 1 18
github.com/seanpor/ja4proxy/internal/webhook/delivery.go:199.2,199.21 1 20
github.com/seanpor/ja4proxy/internal/webhook/delivery.go:199.21,201.3 1 0
github.com/seanpor/ja4proxy/internal/webhook/delivery.go:204.2,205.25 2 20
github.com/seanpor/ja4proxy/internal/webhook/delivery.go:205.25,207.3 1 20
github.com/seanpor/ja4proxy/internal/webhook/delivery.go:208.2,212.18 3 20
github.com/seanpor/ja4proxy/internal/webhook/delivery.go:212.18,214.3 1 20
github.com/seanpor/ja4proxy/internal/webhook/delivery.go:215.2,215.18 1 20
github.com/seanpor/ja4proxy/internal/webhook/delivery.go:215.18,217.3 1 19
github.com/seanpor/ja4proxy/internal/webhook/delivery.go:218.2,231.16 4 20
github.com/seanpor/ja4proxy/internal/webhook/delivery.go:231.16,233.3 1 0
github.com/seanpor/ja4proxy/internal/webhook/delivery.go:234.2,240.16 4 20
github.com/seanpor/ja4proxy/internal/webhook/delivery.go:240.16,242.3 1 0
github.com/seanpor/ja4proxy/internal/webhook/delivery.go:244.2,245.53 2 20
github.com/seanpor/ja4proxy/internal/webhook/delivery.go:245.53,246.18 1 29
github.com/seanpor/ja4proxy/internal/webhook/delivery.go:246.18,249.4 2 9
github.com/seanpor/ja4proxy/internal/webhook/delivery.go:250.3,250.69 1 29
github.com/seanpor/ja4proxy/internal/webhook/delivery.go:250.69,252.20 2 15
github.com/seanpor/ja4proxy/internal/webhook/delivery.go:252.20,255.5 1 15
github.com/seanpor/ja4proxy/internal/webhook/delivery.go:256.4,256.12 1 15
github.com/seanpor/ja4proxy/internal/webhook/delivery.go:258.3,258.13 1 14
github.com/seanpor/ja4proxy/internal/webhook/delivery.go:262.2,262.30 1 6
github.com/seanpor/ja4proxy/internal/webhook/delivery.go:262.30,269.3 3 2
github.com/seanpor/ja4proxy/internal/webhook/delivery.go:270.2,270.16 1 6
github.com/seanpor/ja4proxy/internal/webhook/delivery.go:275.37,276.57 1 29
github.com/seanpor/ja4proxy/internal/webhook/delivery.go:276.57,278.3 1 29
github.com/seanpor/ja4proxy/internal/webhook/delivery.go:279.2,280.16 2 0
github.com/seanpor/ja4proxy/internal/webhook/delivery.go:280.16,282.3 1 0
github.com/seanpor/ja4proxy/internal/webhook/delivery.go:283.2,285.40 2 0
github.com/seanpor/ja4proxy/internal/webhook/delivery.go:285.40,287.3 1 0
github.com/seanpor/ja4proxy/internal/webhook/delivery.go:289.2,290.16 2 0
github.com/seanpor/ja4proxy/internal/webhook/delivery.go:290.16,292.3 1 0
github.com/seanpor/ja4proxy/internal/webhook/delivery.go:293.2,293.25 1 0
github.com/seanpor/ja4proxy/internal/webhook/delivery.go:293.25,294.89 1 0
github.com/seanpor/ja4proxy/internal/webhook/delivery.go:294.89,296.4 1 0
github.com/seanpor/ja4proxy/internal/webhook/delivery.go:298.2,298.14 1 0
github.com/seanpor/ja4proxy/internal/webhook/delivery.go:303.108,304.29 1 29
github.com/seanpor/ja4proxy/internal/webhook/delivery.go:304.29,306.3 1 0
github.com/seanpor/ja4proxy/internal/webhook/delivery.go:307.2,308.16 2 29
github.com/seanpor/ja4proxy/internal/webhook/delivery.go:308.16,310.3 1 0
github.com/seanpor/ja4proxy/internal/webhook/delivery.go:311.2,315.16 4 29
github.com/seanpor/ja4proxy/internal/webhook/delivery.go:315.16,317.3 1 1
github.com/seanpor/ja4proxy/internal/webhook/delivery.go:318.2,320.53 2 28
github.com/seanpor/ja4proxy/internal/webhook/delivery.go:320.53,322.3 1 14
github.com/seanpor/ja4proxy/internal/webhook/delivery.go:323.2,323.12 1 14
github.com/seanpor/ja4proxy/internal/webhook/delivery.go:327.56,331.2 3 22
github.com/seanpor/ja4proxy/internal/webhook/delivery.go:335.47,337.6 2 2
github.com/seanpor/ja4proxy/internal/webhook/delivery.go:337.6,338.10 1 3
github.com/seanpor/ja4proxy/internal/webhook/delivery.go:339.21,340.10 1 1
github.com/seanpor/ja4proxy/internal/webhook/delivery.go:341.11,341.11 0 2
github.com/seanpor/ja4proxy/internal/webhook/delivery.go:344.3,349.17 2 2
github.com/seanpor/ja4proxy/internal/webhook/delivery.go:349.17,350.51 1 1
github.com/seanpor/ja4proxy/internal/webhook/delivery.go:350.51,352.5 1 1
github.com/seanpor/ja4proxy/internal/webhook/delivery.go:354.4,354.11 1 0
github.com/seanpor/ja4proxy/internal/webhook/delivery.go:355.22,356.11 1 0
github.com/seanpor/ja4proxy/internal/webhook/delivery.go:357.12,358.13 1 0
github.com/seanpor/ja4proxy/internal/webhook/delivery.go:362.3,362.34 1 1
github.com/seanpor/ja4proxy/internal/webhook/delivery.go:362.34,363.40 1 1
github.com/seanpor/ja4proxy/internal/webhook/delivery.go:363.40,366.12 3 1
github.com/seanpor/ja4proxy/internal/webhook/delivery.go:366.12,367.14 1 0
github.com/seanpor/ja4proxy/internal/webhook/delivery.go:369.5,370.69 2 1
github.com/seanpor/ja4proxy/internal/webhook/delivery.go:370.69,371.14 1 0
github.com/seanpor/ja4proxy/internal/webhook/delivery.go:373.5,373.21 1 1
github.com/seanpor/ja4proxy/internal/cli/commands/allowlist.go:22.120,30.71 3 2
github.com/seanpor/ja4proxy/internal/cli/commands/allowlist.go:30.71,32.3 1 1
github.com/seanpor/ja4proxy/internal/cli/commands/allowlist.go:33.2,33.20 1 1
github.com/seanpor/ja4proxy/internal/cli/commands/allowlist.go:40.82,42.64 2 4
github.com/seanpor/ja4proxy/internal/cli/commands/allowlist.go:42.64,44.3 1 1
github.com/seanpor/ja4proxy/internal/cli/commands/allowlist.go:45.2,45.29 1 3
github.com/seanpor/ja4proxy/internal/cli/commands/allowlist.go:45.29,46.24 1 2
github.com/seanpor/ja4proxy/internal/cli/commands/allowlist.go:46.24,47.70 1 2
github.com/seanpor/ja4proxy/internal/cli/commands/allowlist.go:47.70,49.5 1 1
github.com/seanpor/ja4proxy/internal/cli/commands/allowlist.go:50.4,50.14 1 1
github.com/seanpor/ja4proxy/internal/cli/commands/allowlist.go:53.2,53.54 1 1
github.com/seanpor/ja4proxy/internal/cli/commands/allowlist.go:58.83,60.64 2 2
github.com/seanpor/ja4proxy/internal/cli/commands/allowlist.go:60.64,62.3 1 1
github.com/seanpor/ja4proxy/internal/cli/commands/allowlist.go:63.2,63.19 1 1
github.com/seanpor/ja4proxy/internal/cli/commands/blocklist.go:12.109,19.71 3 2
github.com/seanpor/ja4proxy/internal/cli/commands/blocklist.go:19.71,21.3 1 1
github.com/seanpor/ja4proxy/internal/cli/commands/blocklist.go:22.2,22.20 1 1
github.com/seanpor/ja4proxy/internal/cli/commands/blocklist.go:29.82,31.64 2 4
github.com/seanpor/ja4proxy/internal/cli/commands/blocklist.go:31.64,33.3 1 1
github.com/seanpor/ja4proxy/internal/cli/commands/blocklist.go:34.2,34.29 1 3
github.com/seanpor/ja4proxy/internal/cli/commands/blocklist.go:34.29,35.24 1 2
github.com/seanpor/ja4proxy/internal/cli/commands/blocklist.go:35.24,36.70 1 2
github.com/seanpor/ja4proxy/internal/cli/commands/blocklist.go:36.70,38.5 1 1
github.com/seanpor/ja4proxy/internal/cli/commands/blocklist.go:39.4,39.14 1 1
github.com/seanpor/ja4proxy/internal/cli/commands/blocklist.go:42.2,42.54 1 1
github.com/seanpor/ja4proxy/internal/cli/commands/blocklist.go:47.83,49.64 2 2
github.com/seanpor/ja4proxy/internal/cli/commands/blocklist.go:49.64,51.3 1 1
github.com/seanpor/ja4proxy/internal/cli/commands/blocklist.go:52.2,52.19 1 1
github.com/seanpor/ja4proxy/internal/cli/commands/compliance.go:35.91,37.75 2 2
github.com/seanpor/ja4proxy/internal/cli/commands/compliance.go:37.75,39.3 1 1
github.com/seanpor/ja4proxy/internal/cli/commands/compliance.go:40.2,40.21 1 1
github.com/seanpor/ja4proxy/internal/cli/commands/compliance.go:45.103,47.18 2 3
github.com/seanpor/ja4proxy/internal/cli/commands/compliance.go:47.18,49.3 1 2
github.com/seanpor/ja4proxy/internal/cli/commands/compliance.go:50.2,51.44 2 3
github.com/seanpor/ja4proxy/internal/cli/commands/compliance.go:51.44,53.3 1 1
github.com/seanpor/ja4proxy/internal/cli/commands/compliance.go:56.2,58.21 3 2
github.com/seanpor/ja4proxy/internal/cli/commands/compliance.go:74.83,76.86 2 2
github.com/seanpor/ja4proxy/internal/cli/commands/compliance.go:76.86,78.3 1 1
github.com/seanpor/ja4proxy/internal/cli/commands/compliance.go:79.2,79.21 1 1
github.com/seanpor/ja4proxy/internal/cli/commands/compliance.go:87.105,93.16 3 5
github.com/seanpor/ja4proxy/internal/cli/commands/compliance.go:93.16,95.3 1 1
github.com/seanpor/ja4proxy/internal/cli/commands/compliance.go:96.2,96.39 1 4
github.com/seanpor/ja4proxy/internal/cli/commands/compliance.go:96.39,99.3 1 1
github.com/seanpor/ja4proxy/internal/cli/commands/compliance.go:101.2,101.19 1 3
github.com/seanpor/ja4proxy/internal/cli/commands/compliance.go:101.19,104.3 2 1
github.com/seanpor/ja4proxy/internal/cli/commands/compliance.go:107.2,107.59 1 3
github.com/seanpor/ja4proxy/internal/cli/commands/compliance.go:107.59,108.49 1 2
github.com/seanpor/ja4proxy/internal/cli/commands/compliance.go:108.49,110.4 1 0
github.com/seanpor/ja4proxy/internal/cli/commands/compliance.go:113.2,113.59 1 3
github.com/seanpor/ja4proxy/internal/cli/commands/compliance.go:113.59,115.3 1 0
github.com/seanpor/ja4proxy/internal/cli/commands/compliance.go:116.2,116.21 1 3
github.com/seanpor/ja4proxy/internal/cli/commands/compliance.go:131.126,138.16 3 2
github.com/seanpor/ja4proxy/internal/cli/commands/compliance.go:138.16,140.3 1 1
github.com/seanpor/ja4proxy/internal/cli/commands/compliance.go:141.2,142.12 2 1
github.com/seanpor/ja4proxy/internal/cli/commands/compliance.go:156.98,158.84 2 2
github.com/seanpor/ja4proxy/internal/cli/commands/compliance.go:158.84,160.3 1 1
github.com/seanpor/ja4proxy/internal/cli/commands/compliance.go:161.2,161.21 1 1
github.com/seanpor/ja4proxy/internal/cli/commands/compliance.go:174.130,175.19 1 4
github.com/seanpor/ja4proxy/internal/cli/commands/compliance.go:175.19,178.3 2 1
github.com/seanpor/ja4proxy/internal/cli/commands/compliance.go:180.2,181.16 2 4
github.com/seanpor/ja4proxy/internal/cli/commands/compliance.go:181.16,183.3 1 0
github.com/seanpor/ja4proxy/internal/cli/commands/compliance.go:184.2,193.21 5 4
github.com/seanpor/ja4proxy/internal/cli/commands/compliance.go:193.21,194.34 1 3
github.com/seanpor/ja4proxy/internal/cli/commands/compliance.go:194.34,199.51 2 7
github.com/seanpor/ja4proxy/internal/cli/commands/compliance.go:199.51,201.5 1 0
github.com/seanpor/ja4proxy/internal/cli/commands/compliance.go:202.4,202.11 1 7
github.com/seanpor/ja4proxy/internal/cli/commands/compliance.go:205.2,205.35 1 4
github.com/seanpor/ja4proxy/internal/cli/commands/compliance.go:205.35,207.3 1 1
github.com/seanpor/ja4proxy/internal/cli/commands/compliance.go:209.2,209.79 1 3
github.com/seanpor/ja4proxy/internal/cli/commands/config.go:21.80,22.16 1 8
github.com/seanpor/ja4proxy/internal/cli/commands/config.go:22.16,24.3 1 3
github.com/seanpor/ja4proxy/internal/cli/commands/config.go:27.2,28.59 2 5
github.com/seanpor/ja4proxy/internal/cli/commands/config.go:28.59,30.3 1 1
github.com/seanpor/ja4proxy/internal/cli/commands/config.go:31.2,31.26 1 4
github.com/seanpor/ja4proxy/internal/cli/commands/config.go:31.26,33.3 1 1
github.com/seanpor/ja4proxy/internal/cli/commands/config.go:34.2,34.31 1 3
github.com/seanpor/ja4proxy/internal/cli/commands/config.go:34.31,35.52 1 6
github.com/seanpor/ja4proxy/internal/cli/commands/config.go:35.52,37.4 1 1
github.com/seanpor/ja4proxy/internal/cli/commands/config.go:39.2,39.12 1 2
github.com/seanpor/ja4proxy/internal/cli/commands/config.go:43.75,44.79 1 9
github.com/seanpor/ja4proxy/internal/cli/commands/config.go:44.79,46.3 1 2
github.com/seanpor/ja4proxy/internal/cli/commands/config.go:47.2,47.12 1 7
github.com/seanpor/ja4proxy/internal/cli/commands/dial.go:25.47,27.2 1 1
github.com/seanpor/ja4proxy/internal/cli/commands/dial.go:31.76,33.56 2 2
github.com/seanpor/ja4proxy/internal/cli/commands/dial.go:33.56,35.3 1 1
github.com/seanpor/ja4proxy/internal/cli/commands/dial.go:36.2,36.17 1 1
github.com/seanpor/ja4proxy/internal/cli/commands/dial.go:44.97,45.34 1 6
github.com/seanpor/ja4proxy/internal/cli/commands/dial.go:45.34,47.3 1 2
github.com/seanpor/ja4proxy/internal/cli/commands/dial.go:48.2,52.18 2 4
github.com/seanpor/ja4proxy/internal/cli/commands/dial.go:52.18,54.3 1 3
github.com/seanpor/ja4proxy/internal/cli/commands/dial.go:64.2,66.16 3 4
github.com/seanpor/ja4proxy/internal/cli/commands/dial.go:66.16,70.3 1 1
github.com/seanpor/ja4proxy/internal/cli/commands/dial.go:73.2,73.83 1 3
github.com/seanpor/ja4proxy/internal/cli/commands/dial.go:73.83,76.3 2 1
github.com/seanpor/ja4proxy/internal/cli/commands/dial.go:78.2,78.12 1 2
github.com/seanpor/ja4proxy/internal/cli/commands/dial.go:84.130,89.18 2 7
github.com/seanpor/ja4proxy/internal/cli/commands/dial.go:89.18,91.3 1 2
github.com/seanpor/ja4proxy/internal/cli/commands/dial.go:93.2,94.16 2 7
github.com/seanpor/ja4proxy/internal/cli/commands/dial.go:94.16,96.3 1 0
github.com/seanpor/ja4proxy/internal/cli/commands/dial.go:98.2,100.16 2 7
github.com/seanpor/ja4proxy/internal/cli/commands/dial.go:100.16,102.3 1 0
github.com/seanpor/ja4proxy/internal/cli/commands/dial.go:103.2,104.17 2 7
github.com/seanpor/ja4proxy/internal/cli/commands/dial.go:104.17,106.3 1 6
github.com/seanpor/ja4proxy/internal/cli/commands/dial.go:108.2,109.16 2 7
github.com/seanpor/ja4proxy/internal/cli/commands/dial.go:109.16,111.3 1 0
github.com/seanpor/ja4proxy/internal/cli/commands/dial.go:112.2,115.75 3 7
github.com/seanpor/ja4proxy/internal/cli/commands/dial.go:115.75,117.3 1 2
github.com/seanpor/ja4proxy/internal/cli/commands/dial.go:119.2,119.44 1 7
github.com/seanpor/ja4proxy/internal/cli/commands/dial.go:119.44,122.3 2 2
github.com/seanpor/ja4proxy/internal/cli/commands/dial.go:123.2,123.53 1 5
github.com/seanpor/ja4proxy/internal/cli/commands/dial.go:123.53,125.3 1 1
github.com/seanpor/ja4proxy/internal/cli/commands/dial.go:126.2,126.12 1 4
github.com/seanpor/ja4proxy/internal/cli/commands/fingerprint.go:14.109,16.17 2 3
github.com/seanpor/ja4proxy/internal/cli/commands/fingerprint.go:16.17,18.3 1 3
github.com/seanpor/ja4proxy/internal/cli/commands/fingerprint.go:19.2,20.49 2 3
github.com/seanpor/ja4proxy/internal/cli/commands/fingerprint.go:20.49,22.3 1 1
github.com/seanpor/ja4proxy/internal/cli/commands/fingerprint.go:23.2,23.19 1 2
github.com/seanpor/ja4proxy/internal/cli/commands/health.go:35.92,38.14 2 5
github.com/seanpor/ja4proxy/internal/cli/commands/health.go:38.14,40.60 2 2
github.com/seanpor/ja4proxy/internal/cli/commands/health.go:40.60,42.4 1 1
github.com/seanpor/ja4proxy/internal/cli/commands/health.go:43.3,43.43 1 1
github.com/seanpor/ja4proxy/internal/cli/commands/health.go:47.2,48.65 2 4
github.com/seanpor/ja4proxy/internal/cli/commands/health.go:48.65,50.3 1 2
github.com/seanpor/ja4proxy/internal/cli/commands/health.go:52.2,61.28 3 2
github.com/seanpor/ja4proxy/internal/cli/commands/health.go:61.28,62.31 1 1
github.com/seanpor/ja4proxy/internal/cli/commands/health.go:62.31,64.9 2 1
github.com/seanpor/ja4proxy/internal/cli/commands/health.go:67.2,67.12 1 2
github.com/seanpor/ja4proxy/internal/cli/commands/health.go:67.12,69.3 1 1
github.com/seanpor/ja4proxy/internal/cli/commands/health.go:71.2,71.21 1 2
github.com/seanpor/ja4proxy/internal/cli/commands/ip.go:31.109,37.71 3 3
github.com/seanpor/ja4proxy/internal/cli/commands/ip.go:37.71,39.3 1 1
github.com/seanpor/ja4proxy/internal/cli/commands/ip.go:40.2,40.21 1 2
github.com/seanpor/ja4proxy/internal/cli/commands/ip.go:45.75,46.58 1 2
github.com/seanpor/ja4proxy/internal/cli/commands/ip.go:46.58,48.3 1 1
github.com/seanpor/ja4proxy/internal/cli/commands/ip.go:49.2,49.12 1 1
github.com/seanpor/ja4proxy/internal/cli/commands/ip.go:54.102,60.68 2 5
github.com/seanpor/ja4proxy/internal/cli/commands/ip.go:60.68,62.3 1 2
github.com/seanpor/ja4proxy/internal/cli/commands/ip.go:63.2,63.12 1 3
github.com/seanpor/ja4proxy/internal/cli/commands/ip.go:69.81,74.64 2 4
github.com/seanpor/ja4proxy/internal/cli/commands/ip.go:74.64,76.3 1 1
github.com/seanpor/ja4proxy/internal/cli/commands/ip.go:77.2,77.29 1 3
github.com/seanpor/ja4proxy/internal/cli/commands/ip.go:77.29,78.23 1 2
github.com/seanpor/ja4proxy/internal/cli/commands/ip.go:78.23,79.70 1 2
github.com/seanpor/ja4proxy/internal/cli/commands/ip.go:79.70,81.5 1 1
github.com/seanpor/ja4proxy/internal/cli/commands/ip.go:82.4,82.14 1 1
github.com/seanpor/ja4proxy/internal/cli/commands/ip.go:85.2,85.53 1 1
github.com/seanpor/ja4proxy/internal/cli/commands/ip.go:91.91,97.19 4 2
github.com/seanpor/ja4proxy/internal/cli/commands/ip.go:97.19,99.3 1 1
github.com/seanpor/ja4proxy/internal/cli/commands/ip.go:104.2,109.53 3 2
github.com/seanpor/ja4proxy/internal/cli/commands/ip.go:109.53,111.3 1 1
github.com/seanpor/ja4proxy/internal/cli/commands/ip.go:112.2,114.20 2 1
github.com/seanpor/ja4proxy/internal/cli/commands/policy.go:33.48,33.64 1 1
github.com/seanpor/ja4proxy/internal/cli/commands/policy.go:34.48,34.64 1 3
github.com/seanpor/ja4proxy/internal/cli/commands/policy.go:35.48,35.64 1 1
github.com/seanpor/ja4proxy/internal/cli/commands/policy.go:36.48,36.64 1 1
github.com/seanpor/ja4proxy/internal/cli/commands/policy.go:37.48,37.64 1 1
github.com/seanpor/ja4proxy/internal/cli/commands/policy.go:78.87,81.66 2 41
github.com/seanpor/ja4proxy/internal/cli/commands/policy.go:81.66,83.3 1 2
github.com/seanpor/ja4proxy/internal/cli/commands/policy.go:84.2,84.19 1 39
github.com/seanpor/ja4proxy/internal/cli/commands/policy.go:84.19,86.3 1 1
github.com/seanpor/ja4proxy/internal/cli/commands/policy.go:89.2,89.24 1 39
github.com/seanpor/ja4proxy/internal/cli/commands/policy.go:89.24,90.30 1 98
github.com/seanpor/ja4proxy/internal/cli/commands/policy.go:90.30,94.4 1 2
github.com/seanpor/ja4proxy/internal/cli/commands/policy.go:98.2,98.63 1 37
github.com/seanpor/ja4proxy/internal/cli/commands/policy.go:98.63,100.10 2 3
github.com/seanpor/ja4proxy/internal/cli/commands/policy.go:100.10,102.4 1 1
github.com/seanpor/ja4proxy/internal/cli/commands/policy.go:103.3,103.24 1 2
github.com/seanpor/ja4proxy/internal/cli/commands/policy.go:103.24,104.29 1 3
github.com/seanpor/ja4proxy/internal/cli/commands/policy.go:104.29,108.5 1 1
github.com/seanpor/ja4proxy/internal/cli/commands/policy.go:113.2,114.57 2 35
github.com/seanpor/ja4proxy/internal/cli/commands/policy.go:114.57,116.10 2 34
github.com/seanpor/ja4proxy/internal/cli/commands/policy.go:116.10,118.4 1 1
github.com/seanpor/ja4proxy/internal/cli/commands/policy.go:119.3,119.55 1 33
github.com/seanpor/ja4proxy/internal/cli/commands/policy.go:119.55,121.11 2 33
github.com/seanpor/ja4proxy/internal/cli/commands/policy.go:121.11,125.5 1 1
github.com/seanpor/ja4proxy/internal/cli/commands/policy.go:126.4,126.36 1 32
github.com/seanpor/ja4proxy/internal/cli/commands/policy.go:126.36,130.5 1 3
github.com/seanpor/ja4proxy/internal/cli/commands/policy.go:131.4,131.29 1 29
github.com/seanpor/ja4proxy/internal/cli/commands/policy.go:136.2,136.52 1 30
github.com/seanpor/ja4proxy/internal/cli/commands/policy.go:136.52,138.3 1 4
github.com/seanpor/ja4proxy/internal/cli/commands/policy.go:140.2,140.27 1 26
github.com/seanpor/ja4proxy/internal/cli/commands/policy.go:140.27,143.65 3 25
github.com/seanpor/ja4proxy/internal/cli/commands/policy.go:143.65,144.52 1 25
github.com/seanpor/ja4proxy/internal/cli/commands/policy.go:144.52,146.5 1 2
github.com/seanpor/ja4proxy/internal/cli/commands/policy.go:148.3,148.39 1 25
github.com/seanpor/ja4proxy/internal/cli/commands/policy.go:148.39,155.4 1 2
github.com/seanpor/ja4proxy/internal/cli/commands/policy.go:159.2,159.43 1 24
github.com/seanpor/ja4proxy/internal/cli/commands/policy.go:159.43,161.3 1 3
github.com/seanpor/ja4proxy/internal/cli/commands/policy.go:164.2,164.42 1 21
github.com/seanpor/ja4proxy/internal/cli/commands/policy.go:164.42,166.3 1 3
github.com/seanpor/ja4proxy/internal/cli/commands/policy.go:169.2,169.51 1 18
github.com/seanpor/ja4proxy/internal/cli/commands/policy.go:169.51,171.3 1 2
github.com/seanpor/ja4proxy/internal/cli/commands/policy.go:173.2,173.20 1 16
github.com/seanpor/ja4proxy/internal/cli/commands/policy.go:179.39,180.23 1 35
github.com/seanpor/ja4proxy/internal/cli/commands/policy.go:181.11,182.17 1 33
github.com/seanpor/ja4proxy/internal/cli/commands/policy.go:183.13,184.22 1 0
github.com/seanpor/ja4proxy/internal/cli/commands/policy.go:185.15,186.22 1 1
github.com/seanpor/ja4proxy/internal/cli/commands/policy.go:188.2,188.17 1 1
github.com/seanpor/ja4proxy/internal/cli/commands/policy.go:193.63,194.74 1 30
github.com/seanpor/ja4proxy/internal/cli/commands/policy.go:194.74,196.25 2 85
github.com/seanpor/ja4proxy/internal/cli/commands/policy.go:196.25,197.12 1 65
github.com/seanpor/ja4proxy/internal/cli/commands/policy.go:199.3,200.10 2 20
github.com/seanpor/ja4proxy/internal/cli/commands/policy.go:200.10,201.12 1 0
github.com/seanpor/ja4proxy/internal/cli/commands/policy.go:203.3,203.59 1 20
github.com/seanpor/ja4proxy/internal/cli/commands/policy.go:203.59,205.29 2 38
github.com/seanpor/ja4proxy/internal/cli/commands/policy.go:205.29,206.13 1 18
github.com/seanpor/ja4proxy/internal/cli/commands/policy.go:208.4,209.11 2 20
github.com/seanpor/ja4proxy/internal/cli/commands/policy.go:209.11,210.13 1 0
github.com/seanpor/ja4proxy/internal/cli/commands/policy.go:212.4,212.34 1 20
github.com/seanpor/ja4proxy/internal/cli/commands/policy.go:212.34,214.12 2 22
github.com/seanpor/ja4proxy/internal/cli/commands/policy.go:214.12,215.14 1 0
github.com/seanpor/ja4proxy/internal/cli/commands/policy.go:217.5,217.70 1 22
github.com/seanpor/ja4proxy/internal/cli/commands/policy.go:217.70,219.26 2 7
github.com/seanpor/ja4proxy/internal/cli/commands/policy.go:219.26,220.15 1 1
github.com/seanpor/ja4proxy/internal/cli/commands/policy.go:222.6,223.20 2 6
github.com/seanpor/ja4proxy/internal/cli/commands/policy.go:223.20,227.7 1 1
github.com/seanpor/ja4proxy/internal/cli/commands/policy.go:228.6,228.37 1 5
github.com/seanpor/ja4proxy/internal/cli/commands/policy.go:228.37,232.7 1 3
github.com/seanpor/ja4proxy/internal/cli/commands/policy.go:237.2,237.12 1 26
github.com/seanpor/ja4proxy/internal/cli/commands/policy.go:241.48,250.38 3 6
github.com/seanpor/ja4proxy/internal/cli/commands/policy.go:250.38,252.3 1 4
github.com/seanpor/ja4proxy/internal/cli/commands/policy.go:253.2,253.33 1 6
github.com/seanpor/ja4proxy/internal/cli/commands/policy.go:253.33,254.59 1 12
github.com/seanpor/ja4proxy/internal/cli/commands/policy.go:254.59,256.4 1 5
github.com/seanpor/ja4proxy/internal/cli/commands/policy.go:259.2,259.55 1 1
github.com/seanpor/ja4proxy/internal/cli/commands/policy.go:259.55,261.3 1 0
github.com/seanpor/ja4proxy/internal/cli/commands/policy.go:262.2,262.72 1 1
github.com/seanpor/ja4proxy/internal/cli/commands/policy.go:267.54,278.28 3 24
github.com/seanpor/ja4proxy/internal/cli/commands/policy.go:278.28,280.25 2 69
github.com/seanpor/ja4proxy/internal/cli/commands/policy.go:280.25,281.12 1 53
github.com/seanpor/ja4proxy/internal/cli/commands/policy.go:283.3,284.10 2 16
github.com/seanpor/ja4proxy/internal/cli/commands/policy.go:284.10,285.12 1 0
github.com/seanpor/ja4proxy/internal/cli/commands/policy.go:287.3,288.28 2 16
github.com/seanpor/ja4proxy/internal/cli/commands/policy.go:288.28,289.12 1 8
github.com/seanpor/ja4proxy/internal/cli/commands/policy.go:291.3,292.10 2 8
github.com/seanpor/ja4proxy/internal/cli/commands/policy.go:292.10,293.12 1 0
github.com/seanpor/ja4proxy/internal/cli/commands/policy.go:295.3,295.33 1 8
github.com/seanpor/ja4proxy/internal/cli/commands/policy.go:295.33,297.11 2 8
github.com/seanpor/ja4proxy/internal/cli/commands/policy.go:297.11,298.13 1 0
github.com/seanpor/ja4proxy/internal/cli/commands/policy.go:300.4,301.29 2 8
github.com/seanpor/ja4proxy/internal/cli/commands/policy.go:301.29,302.13 1 0
github.com/seanpor/ja4proxy/internal/cli/commands/policy.go:304.4,305.21 2 8
github.com/seanpor/ja4proxy/internal/cli/commands/policy.go:305.21,306.13 1 1
github.com/seanpor/ja4proxy/internal/cli/commands/policy.go:309.4,310.18 2 7
github.com/seanpor/ja4proxy/internal/cli/commands/policy.go:310.18,313.23 2 5
github.com/seanpor/ja4proxy/internal/cli/commands/policy.go:313.23,317.6 1 3
github.com/seanpor/ja4proxy/internal/cli/commands/policy.go:321.2,321.12 1 21
github.com/seanpor/ja4proxy/internal/cli/commands/policy.go:325.53,326.61 1 21
github.com/seanpor/ja4proxy/internal/cli/commands/policy.go:326.61,328.25 2 40
github.com/seanpor/ja4proxy/internal/cli/commands/policy.go:328.25,329.12 1 28
github.com/seanpor/ja4proxy/internal/cli/commands/policy.go:331.3,332.10 2 12
github.com/seanpor/ja4proxy/internal/cli/commands/policy.go:332.10,333.12 1 0
github.com/seanpor/ja4proxy/internal/cli/commands/policy.go:335.3,336.27 2 12
github.com/seanpor/ja4proxy/internal/cli/commands/policy.go:336.27,337.12 1 4
github.com/seanpor/ja4proxy/internal/cli/commands/policy.go:339.3,340.10 2 8
github.com/seanpor/ja4proxy/internal/cli/commands/policy.go:340.10,341.12 1 0
github.com/seanpor/ja4proxy/internal/cli/commands/policy.go:343.3,343.29 1 8
github.com/seanpor/ja4proxy/internal/cli/commands/policy.go:343.29,345.11 2 10
github.com/seanpor/ja4proxy/internal/cli/commands/policy.go:345.11,346.13 1 0
github.com/seanpor/ja4proxy/internal/cli/commands/policy.go:348.4,349.28 2 10
github.com/seanpor/ja4proxy/internal/cli/commands/policy.go:349.28,350.13 1 0
github.com/seanpor/ja4proxy/internal/cli/commands/policy.go:352.4,353.36 2 10
github.com/seanpor/ja4proxy/internal/cli/commands/policy.go:353.36,357.5 1 3
github.com/seanpor/ja4proxy/internal/cli/commands/policy.go:360.2,360.12 1 18
github.com/seanpor/ja4proxy/internal/cli/commands/policy.go:364.62,365.61 1 18
github.com/seanpor/ja4proxy/internal/cli/commands/policy.go:365.61,367.25 2 35
github.com/seanpor/ja4proxy/internal/cli/commands/policy.go:367.25,368.12 1 26
github.com/seanpor/ja4proxy/internal/cli/commands/policy.go:370.3,371.10 2 9
github.com/seanpor/ja4proxy/internal/cli/commands/policy.go:371.10,372.12 1 0
github.com/seanpor/ja4proxy/internal/cli/commands/policy.go:374.3,375.27 2 9
github.com/seanpor/ja4proxy/internal/cli/commands/policy.go:375.27,376.12 1 4
github.com/seanpor/ja4proxy/internal/cli/commands/policy.go:378.3,379.10 2 5
github.com/seanpor/ja4proxy/internal/cli/commands/policy.go:379.10,380.12 1 0
github.com/seanpor/ja4proxy/internal/cli/commands/policy.go:382.3,383.29 2 5
github.com/seanpor/ja4proxy/internal/cli/commands/policy.go:383.29,385.11 2 7
github.com/seanpor/ja4proxy/internal/cli/commands/policy.go:385.11,386.13 1 0
github.com/seanpor/ja4proxy/internal/cli/commands/policy.go:388.4,389.11 2 7
github.com/seanpor/ja4proxy/internal/cli/commands/policy.go:389.11,390.13 1 0
github.com/seanpor/ja4proxy/internal/cli/commands/policy.go:392.4,393.17 2 7
github.com/seanpor/ja4proxy/internal/cli/commands/policy.go:393.17,397.5 1 2
github.com/seanpor/ja4proxy/internal/cli/commands/policy.go:398.4,398.20 1 5
github.com/seanpor/ja4proxy/internal/cli/commands/policy.go:401.2,401.12 1 16
github.com/seanpor/ja4proxy/internal/cli/commands/policy.go:408.64,411.2 2 41
github.com/seanpor/ja4proxy/internal/cli/commands/policy.go:423.101,427.83 2 25
github.com/seanpor/ja4proxy/internal/cli/commands/policy.go:427.83,429.3 1 4
github.com/seanpor/ja4proxy/internal/cli/commands/policy.go:431.2,431.83 1 21
github.com/seanpor/ja4proxy/internal/cli/commands/policy.go:431.83,433.3 1 0
github.com/seanpor/ja4proxy/internal/cli/commands/policy.go:435.2,435.74 1 21
github.com/seanpor/ja4proxy/internal/cli/commands/policy.go:435.74,437.3 1 2
github.com/seanpor/ja4proxy/internal/cli/commands/policy.go:438.2,438.74 1 19
github.com/seanpor/ja4proxy/internal/cli/commands/policy.go:438.74,440.3 1 0
github.com/seanpor/ja4proxy/internal/cli/commands/policy.go:441.2,441.70 1 19
github.com/seanpor/ja4proxy/internal/cli/commands/policy.go:441.70,443.3 1 1
github.com/seanpor/ja4proxy/internal/cli/commands/policy.go:446.2,446.61 1 18
github.com/seanpor/ja4proxy/internal/cli/commands/policy.go:446.61,448.9 2 2
github.com/seanpor/ja4proxy/internal/cli/commands/policy.go:448.9,449.48 1 2
github.com/seanpor/ja4proxy/internal/cli/commands/policy.go:449.48,451.11 2 2
github.com/seanpor/ja4proxy/internal/cli/commands/policy.go:451.11,454.71 3 2
github.com/seanpor/ja4proxy/internal/cli/commands/policy.go:454.71,456.7 1 1
github.com/seanpor/ja4proxy/internal/cli/commands/policy.go:462.2,463.12 2 17
github.com/seanpor/ja4proxy/internal/cli/commands/policy.go:469.117,473.77 2 6
github.com/seanpor/ja4proxy/internal/cli/commands/policy.go:473.77,475.3 1 1
github.com/seanpor/ja4proxy/internal/cli/commands/policy.go:475.8,477.3 1 5
github.com/seanpor/ja4proxy/internal/cli/commands/policy.go:480.2,480.77 1 5
github.com/seanpor/ja4proxy/internal/cli/commands/policy.go:480.77,482.3 1 1
github.com/seanpor/ja4proxy/internal/cli/commands/policy.go:482.8,484.3 1 4
github.com/seanpor/ja4proxy/internal/cli/commands/policy.go:486.2,486.19 1 4
github.com/seanpor/ja4proxy/internal/cli/commands/policy.go:492.137,496.67 3 46
github.com/seanpor/ja4proxy/internal/cli/commands/policy.go:496.67,498.3 1 1
github.com/seanpor/ja4proxy/internal/cli/commands/policy.go:500.2,501.33 2 45
github.com/seanpor/ja4proxy/internal/cli/commands/policy.go:501.33,503.3 1 3
github.com/seanpor/ja4proxy/internal/cli/commands/policy.go:505.2,506.32 2 45
github.com/seanpor/ja4proxy/internal/cli/commands/policy.go:506.32,510.43 4 5
github.com/seanpor/ja4proxy/internal/cli/commands/policy.go:510.43,512.12 2 1
github.com/seanpor/ja4proxy/internal/cli/commands/policy.go:514.3,518.44 2 4
github.com/seanpor/ja4proxy/internal/cli/commands/policy.go:518.44,520.4 1 1
github.com/seanpor/ja4proxy/internal/cli/commands/policy.go:521.3,521.44 1 4
github.com/seanpor/ja4proxy/internal/cli/commands/policy.go:521.44,523.4 1 1
github.com/seanpor/ja4proxy/internal/cli/commands/policy.go:524.3,525.77 2 4
github.com/seanpor/ja4proxy/internal/cli/commands/policy.go:525.77,527.4 1 1
github.com/seanpor/ja4proxy/internal/cli/commands/policy.go:528.3,528.84 1 3
github.com/seanpor/ja4proxy/internal/cli/commands/policy.go:528.84,531.4 2 1
github.com/seanpor/ja4proxy/internal/cli/commands/policy.go:532.3,532.17 1 2
github.com/seanpor/ja4proxy/internal/cli/commands/policy.go:536.2,536.39 1 43
github.com/seanpor/ja4proxy/internal/cli/commands/policy.go:536.39,537.58 1 3
github.com/seanpor/ja4proxy/internal/cli/commands/policy.go:537.58,538.72 1 2
github.com/seanpor/ja4proxy/internal/cli/commands/policy.go:538.72,540.5 1 1
github.com/seanpor/ja4proxy/internal/cli/commands/policy.go:541.4,541.20 1 1
github.com/seanpor/ja4proxy/internal/cli/commands/policy.go:544.2,544.12 1 42
github.com/seanpor/ja4proxy/internal/cli/commands/policy.go:548.128,552.74 3 40
github.com/seanpor/ja4proxy/internal/cli/commands/policy.go:552.74,555.3 1 0
github.com/seanpor/ja4proxy/internal/cli/commands/policy.go:557.2,558.33 2 40
github.com/seanpor/ja4proxy/internal/cli/commands/policy.go:558.33,560.3 1 3
github.com/seanpor/ja4proxy/internal/cli/commands/policy.go:562.2,563.32 2 40
github.com/seanpor/ja4proxy/internal/cli/commands/policy.go:563.32,565.17 2 5
github.com/seanpor/ja4proxy/internal/cli/commands/policy.go:565.17,567.4 1 1
github.com/seanpor/ja4proxy/internal/cli/commands/policy.go:568.3,570.43 3 5
github.com/seanpor/ja4proxy/internal/cli/commands/policy.go:570.43,572.12 2 1
github.com/seanpor/ja4proxy/internal/cli/commands/policy.go:574.3,578.44 2 4
github.com/seanpor/ja4proxy/internal/cli/commands/policy.go:578.44,580.4 1 3
github.com/seanpor/ja4proxy/internal/cli/commands/policy.go:581.3,582.84 2 4
github.com/seanpor/ja4proxy/internal/cli/commands/policy.go:582.84,584.4 1 1
github.com/seanpor/ja4proxy/internal/cli/commands/policy.go:585.3,585.17 1 3
github.com/seanpor/ja4proxy/internal/cli/commands/policy.go:588.2,588.39 1 39
github.com/seanpor/ja4proxy/internal/cli/commands/policy.go:588.39,589.58 1 3
github.com/seanpor/ja4proxy/internal/cli/commands/policy.go:589.58,590.76 1 2
github.com/seanpor/ja4proxy/internal/cli/commands/policy.go:590.76,592.5 1 1
github.com/seanpor/ja4proxy/internal/cli/commands/policy.go:593.4,593.20 1 1
github.com/seanpor/ja4proxy/internal/cli/commands/policy.go:596.2,596.12 1 38
github.com/seanpor/ja4proxy/internal/cli/commands/policy.go:600.121,602.23 2 19
github.com/seanpor/ja4proxy/internal/cli/commands/policy.go:602.23,604.3 1 17
github.com/seanpor/ja4proxy/internal/cli/commands/policy.go:605.2,605.32 1 2
github.com/seanpor/ja4proxy/internal/cli/commands/policy.go:605.32,609.66 4 3
github.com/seanpor/ja4proxy/internal/cli/commands/policy.go:609.66,611.4 1 1
github.com/seanpor/ja4proxy/internal/cli/commands/policy.go:612.3,612.17 1 2
github.com/seanpor/ja4proxy/internal/cli/commands/policy.go:614.2,614.12 1 1
github.com/seanpor/ja4proxy/internal/cli/commands/policy.go:619.132,621.64 2 11
github.com/seanpor/ja4proxy/internal/cli/commands/policy.go:621.64,624.3 2 2
github.com/seanpor/ja4proxy/internal/cli/commands/policy.go:626.2,627.67 2 11
github.com/seanpor/ja4proxy/internal/cli/commands/policy.go:627.67,629.3 1 2
github.com/seanpor/ja4proxy/internal/cli/commands/policy.go:631.2,632.33 2 9
github.com/seanpor/ja4proxy/internal/cli/commands/policy.go:632.33,633.59 1 6
github.com/seanpor/ja4proxy/internal/cli/commands/policy.go:633.59,639.4 1 2
github.com/seanpor/ja4proxy/internal/cli/commands/policy.go:641.2,641.19 1 9
github.com/seanpor/ja4proxy/internal/cli/commands/policy.go:647.101,649.24 2 57
github.com/seanpor/ja4proxy/internal/cli/commands/policy.go:649.24,651.3 1 39
github.com/seanpor/ja4proxy/internal/cli/commands/policy.go:652.2,653.9 2 18
github.com/seanpor/ja4proxy/internal/cli/commands/policy.go:653.9,655.3 1 1
github.com/seanpor/ja4proxy/internal/cli/commands/policy.go:656.2,657.26 2 17
github.com/seanpor/ja4proxy/internal/cli/commands/policy.go:657.26,659.3 1 7
github.com/seanpor/ja4proxy/internal/cli/commands/policy.go:660.2,661.9 2 10
github.com/seanpor/ja4proxy/internal/cli/commands/policy.go:661.9,663.3 1 1
github.com/seanpor/ja4proxy/internal/cli/commands/policy.go:664.2,665.24 2 9
github.com/seanpor/ja4proxy/internal/cli/commands/policy.go:665.24,666.46 1 8
github.com/seanpor/ja4proxy/internal/cli/commands/policy.go:666.46,668.4 1 7
github.com/seanpor/ja4proxy/internal/cli/commands/policy.go:670.2,670.15 1 9
github.com/seanpor/ja4proxy/internal/cli/commands/policy.go:674.92,676.2 1 40
github.com/seanpor/ja4proxy/internal/cli/commands/policy.go:679.109,681.24 2 59
github.com/seanpor/ja4proxy/internal/cli/commands/policy.go:681.24,683.3 1 43
github.com/seanpor/ja4proxy/internal/cli/commands/policy.go:684.2,685.9 2 16
github.com/seanpor/ja4proxy/internal/cli/commands/policy.go:685.9,687.3 1 1
github.com/seanpor/ja4proxy/internal/cli/commands/policy.go:688.2,690.26 3 15
github.com/seanpor/ja4proxy/internal/cli/commands/policy.go:690.26,692.3 1 5
github.com/seanpor/ja4proxy/internal/cli/commands/policy.go:693.2,694.9 2 10
github.com/seanpor/ja4proxy/internal/cli/commands/policy.go:694.9,696.3 1 1
github.com/seanpor/ja4proxy/internal/cli/commands/policy.go:697.2,698.25 2 9
github.com/seanpor/ja4proxy/internal/cli/commands/policy.go:698.25,699.47 1 9
github.com/seanpor/ja4proxy/internal/cli/commands/policy.go:699.47,701.4 1 8
github.com/seanpor/ja4proxy/internal/cli/commands/policy.go:703.2,704.15 2 9
github.com/seanpor/ja4proxy/internal/cli/commands/simulation.go:12.31,14.2 1 1
github.com/seanpor/ja4proxy/internal/cli/commands/simulation.go:18.34,20.2 1 1
github.com/seanpor/ja4proxy/internal/cli/commands/simulation.go:24.34,26.2 1 1
github.com/seanpor/ja4proxy/internal/config/loader.go:25.28,25.45 1 4
github.com/seanpor/ja4proxy/internal/config/loader.go:28.57,31.41 2 22
github.com/seanpor/ja4proxy/internal/config/loader.go:31.41,34.3 2 7
github.com/seanpor/ja4proxy/internal/config/loader.go:36.2,37.41 2 15
github.com/seanpor/ja4proxy/internal/config/loader.go:37.41,39.3 1 0
github.com/seanpor/ja4proxy/internal/config/loader.go:40.2,41.16 2 15
github.com/seanpor/ja4proxy/internal/config/loader.go:41.16,43.3 1 0
github.com/seanpor/ja4proxy/internal/config/loader.go:44.2,45.12 2 15
github.com/seanpor/ja4proxy/internal/config/loader.go:56.41,58.16 2 11
github.com/seanpor/ja4proxy/internal/config/loader.go:58.16,60.3 1 1
github.com/seanpor/ja4proxy/internal/config/loader.go:63.2,66.39 3 10
github.com/seanpor/ja4proxy/internal/config/loader.go:66.39,69.3 1 2
github.com/seanpor/ja4proxy/internal/config/loader.go:70.2,72.44 3 8
github.com/seanpor/ja4proxy/internal/config/loader.go:72.44,73.29 1 1
github.com/seanpor/ja4proxy/internal/config/loader.go:73.29,76.4 1 0
github.com/seanpor/ja4proxy/internal/config/loader.go:77.3,77.60 1 1
github.com/seanpor/ja4proxy/internal/config/loader.go:79.2,79.17 1 7
github.com/seanpor/ja4proxy/internal/config/loader.go:84.37,85.73 1 15
github.com/seanpor/ja4proxy/internal/config/loader.go:85.73,87.17 2 89
github.com/seanpor/ja4proxy/internal/config/loader.go:87.17,89.4 1 0
github.com/seanpor/ja4proxy/internal/config/loader.go:90.3,92.56 3 89
github.com/seanpor/ja4proxy/internal/config/loader.go:92.56,94.4 1 12
github.com/seanpor/ja4proxy/internal/config/loader.go:95.3,95.20 1 77
github.com/seanpor/ja4proxy/internal/config/loader.go:101.30,314.2 1 11
[...]
github.com/seanpor/ja4proxy/internal/cluster/sync/agent.go:595.16,597.3 1 0
github.com/seanpor/ja4proxy/internal/cluster/sync/agent.go:598.2,599.16 2 0
github.com/seanpor/ja4proxy/internal/cluster/sync/agent.go:599.16,601.3 1 0
github.com/seanpor/ja4proxy/internal/cluster/sync/agent.go:602.2,604.12 3 0
github.com/seanpor/ja4proxy/internal/cluster/sync/agent.go:607.45,620.2 4 0
github.com/seanpor/ja4proxy/internal/cluster/sync/agent.go:622.55,623.23 1 0
github.com/seanpor/ja4proxy/internal/cluster/sync/agent.go:623.23,625.3 1 0
github.com/seanpor/ja4proxy/internal/cluster/sync/agent.go:626.2,627.16 2 0
github.com/seanpor/ja4proxy/internal/cluster/sync/agent.go:627.16,629.3 1 0
github.com/seanpor/ja4proxy/internal/cluster/sync/agent.go:631.2,640.47 3 0
github.com/seanpor/ja4proxy/internal/cluster/sync/agent.go:643.53,653.2 4 0
github.com/seanpor/ja4proxy/internal/cluster/sync/agent.go:655.61,656.23 1 0
github.com/seanpor/ja4proxy/internal/cluster/sync/agent.go:656.23,658.3 1 0
github.com/seanpor/ja4proxy/internal/cluster/sync/agent.go:659.2,660.16 2 0
github.com/seanpor/ja4proxy/internal/cluster/sync/agent.go:660.16,662.3 1 0
github.com/seanpor/ja4proxy/internal/cluster/sync/agent.go:664.2,671.47 3 0
github.com/seanpor/ja4proxy/internal/test/bench/ja4bench.go:47.86,50.16 3 0
github.com/seanpor/ja4proxy/internal/test/bench/ja4bench.go:50.16,54.3 3 0
github.com/seanpor/ja4proxy/internal/test/bench/ja4bench.go:55.2,57.12 3 0
github.com/seanpor/ja4proxy/internal/test/bench/ja4bench.go:57.12,59.14 2 0
github.com/seanpor/ja4proxy/internal/test/bench/ja4bench.go:59.14,61.4 1 0
github.com/seanpor/ja4proxy/internal/test/bench/ja4bench.go:61.9,63.4 1 0
github.com/seanpor/ja4proxy/internal/test/bench/ja4bench.go:64.8,66.14 2 0
github.com/seanpor/ja4proxy/internal/test/bench/ja4bench.go:66.14,68.4 1 0
github.com/seanpor/ja4proxy/internal/test/bench/ja4bench.go:68.9,70.4 1 0
github.com/seanpor/ja4proxy/internal/test/bench/ja4bench.go:74.35,77.30 3 0
github.com/seanpor/ja4proxy/internal/test/bench/ja4bench.go:77.30,79.3 1 0
github.com/seanpor/ja4proxy/internal/test/bench/ja4bench.go:81.2,81.15 1 0
github.com/seanpor/ja4proxy/internal/test/bench/ja4bench.go:81.15,83.3 1 0
github.com/seanpor/ja4proxy/internal/test/bench/ja4bench.go:85.2,85.26 1 0
github.com/seanpor/ja4proxy/internal/test/bench/ja4bench.go:85.26,86.47 1 0
github.com/seanpor/ja4proxy/internal/test/bench/ja4bench.go:86.47,88.4 1 0
github.com/seanpor/ja4proxy/internal/test/bench/ja4bench.go:89.3,91.89 3 0
github.com/seanpor/ja4proxy/internal/test/bench/ja4bench.go:95.31,107.39 11 0
github.com/seanpor/ja4proxy/internal/test/bench/ja4bench.go:107.39,109.3 1 0
github.com/seanpor/ja4proxy/internal/test/bench/ja4bench.go:110.2,116.21 6 0
github.com/seanpor/ja4proxy/internal/test/bench/ja4bench.go:116.21,118.3 1 0
github.com/seanpor/ja4proxy/internal/test/bench/ja4bench.go:119.2,120.20 2 0
github.com/seanpor/ja4proxy/internal/test/bench/ja4bench.go:120.20,122.3 1 0
github.com/seanpor/ja4proxy/internal/test/bench/ja4bench.go:124.2,127.32 3 0
github.com/seanpor/ja4proxy/internal/test/bench/ja4bench.go:127.32,129.3 1 0
github.com/seanpor/ja4proxy/internal/test/bench/ja4bench.go:129.8,129.20 1 0
github.com/seanpor/ja4proxy/internal/test/bench/ja4bench.go:129.20,131.3 1 0
github.com/seanpor/ja4proxy/internal/test/bench/ja4bench.go:131.8,133.3 1 0
github.com/seanpor/ja4proxy/internal/test/bench/ja4bench.go:134.2,134.62 1 0
github.com/seanpor/ja4proxy/internal/test/bench/ja4bench.go:137.34,155.28 10 0
github.com/seanpor/ja4proxy/internal/test/bench/ja4bench.go:155.28,157.3 1 0
github.com/seanpor/ja4proxy/internal/test/bench/ja4bench.go:159.2,166.18 5 0
github.com/seanpor/ja4proxy/internal/test/bench/ja4bench.go:166.18,170.3 3 0
github.com/seanpor/ja4proxy/internal/test/bench/ja4bench.go:172.2,172.18 1 0
github.com/seanpor/ja4proxy/internal/test/bench/ja4bench.go:172.18,173.21 1 0
github.com/seanpor/ja4proxy/internal/test/bench/ja4bench.go:173.21,175.4 1 0
github.com/seanpor/ja4proxy/internal/test/bench/ja4bench.go:178.2,178.17 1 0
github.com/seanpor/ja4proxy/internal/test/bench/ja4bench.go:178.17,179.21 1 0
github.com/seanpor/ja4proxy/internal/test/bench/ja4bench.go:179.21,181.4 1 0
github.com/seanpor/ja4proxy/internal/test/bench/ja4bench.go:184.2,184.28 1 0
github.com/seanpor/ja4proxy/internal/test/bench/ja4bench.go:184.28,185.13 1 0
github.com/seanpor/ja4proxy/internal/test/bench/ja4bench.go:185.13,188.8 3 0
github.com/seanpor/ja4proxy/internal/test/bench/ja4bench.go:188.8,189.12 1 0
github.com/seanpor/ja4proxy/internal/test/bench/ja4bench.go:190.27,191.12 1 0
github.com/seanpor/ja4proxy/internal/test/bench/ja4bench.go:192.21,198.21 6 0
github.com/seanpor/ja4proxy/internal/test/bench/ja4bench.go:204.2,205.78 2 0
github.com/seanpor/ja4proxy/internal/test/bench/ja4bench.go:205.78,207.3 1 0
github.com/seanpor/ja4proxy/internal/test/bench/ja4bench.go:209.2,209.35 1 0
github.com/seanpor/ja4proxy/internal/test/bench/ja4bench.go:209.35,211.3 1 0
github.com/seanpor/ja4proxy/internal/test/bench/ja4bench.go:213.2,215.28 2 0
github.com/seanpor/ja4proxy/internal/test/bench/ja4bench.go:215.28,219.3 3 0
github.com/seanpor/ja4proxy/internal/test/bench/ja4bench.go:219.8,221.3 1 0
github.com/seanpor/ja4proxy/internal/test/bench/ja4bench.go:224.107,226.24 2 0
github.com/seanpor/ja4proxy/internal/test/bench/ja4bench.go:226.24,228.3 1 0
github.com/seanpor/ja4proxy/internal/test/bench/ja4bench.go:230.2,231.31 2 0
github.com/seanpor/ja4proxy/internal/test/bench/ja4bench.go:231.31,233.13 2 0
github.com/seanpor/ja4proxy/internal/test/bench/ja4bench.go:233.13,245.14 5 0
github.com/seanpor/ja4proxy/internal/test/bench/ja4bench.go:245.14,247.5 1 0
github.com/seanpor/ja4proxy/internal/test/bench/ja4bench.go:249.4,249.8 1 0
github.com/seanpor/ja4proxy/internal/test/bench/ja4bench.go:249.8,250.12 1 0
github.com/seanpor/ja4proxy/internal/test/bench/ja4bench.go:251.23,252.12 1 0
github.com/seanpor/ja4proxy/internal/test/bench/ja4bench.go:253.21,256.20 3 0
github.com/seanpor/ja4proxy/internal/test/bench/ja4bench.go:256.20,261.7 4 0
github.com/seanpor/ja4proxy/internal/test/bench/ja4bench.go:261.12,263.7 1 0
github.com/seanpor/ja4proxy/internal/test/bench/ja4bench.go:268.2,269.12 2 0
github.com/seanpor/ja4proxy/internal/cli/engine/root.go:47.42,54.33 3 0
github.com/seanpor/ja4proxy/internal/cli/engine/root.go:54.33,56.17 2 0
github.com/seanpor/ja4proxy/internal/cli/engine/root.go:56.17,57.37 1 0
github.com/seanpor/ja4proxy/internal/cli/engine/root.go:57.37,59.5 1 0
github.com/seanpor/ja4proxy/internal/cli/engine/root.go:60.4,60.19 1 0
github.com/seanpor/ja4proxy/internal/cli/engine/root.go:60.19,61.23 1 0
github.com/seanpor/ja4proxy/internal/cli/engine/root.go:61.23,64.6 1 0
github.com/seanpor/ja4proxy/internal/cli/engine/root.go:64.11,64.31 1 0
github.com/seanpor/ja4proxy/internal/cli/engine/root.go:64.31,67.6 1 0
github.com/seanpor/ja4proxy/internal/cli/engine/root.go:72.2,72.18 1 0
github.com/seanpor/ja4proxy/internal/cli/engine/root.go:72.18,74.3 1 0
github.com/seanpor/ja4proxy/internal/cli/engine/root.go:75.2,75.39 1 0
github.com/seanpor/ja4proxy/internal/cli/engine/root.go:82.55,83.15 1 0
github.com/seanpor/ja4proxy/internal/cli/engine/root.go:83.15,85.3 1 0
github.com/seanpor/ja4proxy/internal/cli/engine/root.go:87.2,87.68 1 0
github.com/seanpor/ja4proxy/internal/cli/engine/root.go:87.68,89.3 1 0
github.com/seanpor/ja4proxy/internal/cli/engine/root.go:90.2,91.11 2 0
github.com/seanpor/ja4proxy/internal/cli/engine/root.go:97.29,99.26 1 0
github.com/seanpor/ja4proxy/internal/cli/engine/root.go:99.26,101.3 1 0
github.com/seanpor/ja4proxy/internal/cli/engine/root.go:103.2,103.48 1 0
github.com/seanpor/ja4proxy/internal/cli/engine/root.go:103.48,105.3 1 0
github.com/seanpor/ja4proxy/internal/cli/engine/root.go:107.2,107.71 1 0
github.com/seanpor/ja4proxy/internal/cli/engine/root.go:107.71,109.3 1 0
github.com/seanpor/ja4proxy/internal/cli/engine/root.go:110.2,110.16 1 0
github.com/seanpor/ja4proxy/internal/cli/engine/root.go:114.43,119.25 2 0
github.com/seanpor/ja4proxy/internal/cli/engine/root.go:120.14,121.35 1 0
github.com/seanpor/ja4proxy/internal/cli/engine/root.go:122.13,123.34 1 0
github.com/seanpor/ja4proxy/internal/cli/engine/root.go:124.10,125.36 1 0
github.com/seanpor/ja4proxy/internal/cli/engine/root.go:127.2,127.16 1 0
github.com/seanpor/ja4proxy/internal/cli/engine/root.go:127.16,129.3 1 0
github.com/seanpor/ja4proxy/internal/cli/engine/root.go:130.2,130.37 1 0
github.com/seanpor/ja4proxy/internal/cli/engine/root.go:135.40,137.16 2 0
github.com/seanpor/ja4proxy/internal/cli/engine/root.go:137.16,139.3 1 0
github.com/seanpor/ja4proxy/internal/cli/engine/root.go:140.2,140.37 1 0
github.com/seanpor/ja4proxy/internal/cli/engine/root.go:145.29,146.16 1 0
github.com/seanpor/ja4proxy/internal/cli/engine/root.go:146.16,148.3 1 0
github.com/seanpor/ja4proxy/internal/cli/engine/root.go:149.2,150.30 2 0
github.com/seanpor/ja4proxy/internal/cli/engine/root.go:150.30,154.3 3 0
github.com/seanpor/ja4proxy/internal/cli/engine/root.go:155.2,156.11 2 0
github.com/seanpor/ja4proxy/internal/cli/engine/root.go:161.43,189.2 16 0
github.com/seanpor/ja4proxy/internal/cli/engine/root.go:193.34,203.2 6 0
github.com/seanpor/ja4proxy/internal/cli/engine/root.go:205.40,210.48 1 0
github.com/seanpor/ja4proxy/internal/cli/engine/root.go:210.48,216.4 5 0
github.com/seanpor/ja4proxy/internal/cli/engine/root.go:220.37,229.48 4 0
github.com/seanpor/ja4proxy/internal/cli/engine/root.go:229.48,236.4 6 0
github.com/seanpor/ja4proxy/internal/cli/engine/root.go:238.2,241.12 4 0
github.com/seanpor/ja4proxy/internal/cli/engine/root.go:244.41,250.48 2 0
github.com/seanpor/ja4proxy/internal/cli/engine/root.go:250.48,256.4 5 0
github.com/seanpor/ja4proxy/internal/cli/engine/root.go:258.2,259.12 2 0
github.com/seanpor/ja4proxy/internal/cli/engine/root.go:262.43,274.48 4 0
github.com/seanpor/ja4proxy/internal/cli/engine/root.go:274.48,279.4 4 0
github.com/seanpor/ja4proxy/internal/cli/engine/root.go:281.2,289.48 4 0
github.com/seanpor/ja4proxy/internal/cli/engine/root.go:289.48,295.4 5 0
github.com/seanpor/ja4proxy/internal/cli/engine/root.go:297.2,300.18 3 0
github.com/seanpor/ja4proxy/internal/cli/engine/root.go:305.41,316.48 3 0
github.com/seanpor/ja4proxy/internal/cli/engine/root.go:316.48,322.4 5 0
github.com/seanpor/ja4proxy/internal/cli/engine/root.go:324.2,333.48 5 0
github.com/seanpor/ja4proxy/internal/cli/engine/root.go:333.48,339.4 5 0
github.com/seanpor/ja4proxy/internal/cli/engine/root.go:341.2,346.45 2 0
github.com/seanpor/ja4proxy/internal/cli/engine/root.go:346.45,352.4 5 0
github.com/seanpor/ja4proxy/internal/cli/engine/root.go:355.2,356.18 2 0
github.com/seanpor/ja4proxy/internal/cli/engine/root.go:361.41,372.48 3 0
github.com/seanpor/ja4proxy/internal/cli/engine/root.go:372.48,378.4 5 0
github.com/seanpor/ja4proxy/internal/cli/engine/root.go:380.2,388.48 4 0
github.com/seanpor/ja4proxy/internal/cli/engine/root.go:388.48,394.4 5 0
github.com/seanpor/ja4proxy/internal/cli/engine/root.go:396.2,401.45 2 0
github.com/seanpor/ja4proxy/internal/cli/engine/root.go:401.45,407.4 5 0
github.com/seanpor/ja4proxy/internal/cli/engine/root.go:410.2,411.18 2 0
github.com/seanpor/ja4proxy/internal/cli/engine/root.go:416.36,425.45 2 0
github.com/seanpor/ja4proxy/internal/cli/engine/root.go:425.45,431.4 5 0
github.com/seanpor/ja4proxy/internal/cli/engine/root.go:434.2,440.48 3 0
github.com/seanpor/ja4proxy/internal/cli/engine/root.go:440.48,443.97 3 0
github.com/seanpor/ja4proxy/internal/cli/engine/root.go:443.97,446.5 2 0
github.com/seanpor/ja4proxy/internal/cli/engine/root.go:447.4,450.43 4 0
github.com/seanpor/ja4proxy/internal/cli/engine/root.go:453.2,458.16 5 0
github.com/seanpor/ja4proxy/internal/cli/engine/root.go:463.38,472.45 3 0
github.com/seanpor/ja4proxy/internal/cli/engine/root.go:472.45,476.18 4 0
github.com/seanpor/ja4proxy/internal/cli/engine/root.go:476.18,478.5 1 0
github.com/seanpor/ja4proxy/internal/cli/engine/root.go:478.10,480.5 1 0
github.com/seanpor/ja4proxy/internal/cli/engine/root.go:483.2,486.12 4 0
github.com/seanpor/ja4proxy/internal/cli/engine/root.go:496.40,509.55 1 0
github.com/seanpor/ja4proxy/internal/cli/engine/root.go:509.55,510.61 1 0
github.com/seanpor/ja4proxy/internal/cli/engine/root.go:510.61,512.5 1 0
github.com/seanpor/ja4proxy/internal/cli/engine/root.go:513.4,515.14 3 0
github.com/seanpor/ja4proxy/internal/cli/engine/root.go:522.38,527.45 2 0
github.com/seanpor/ja4proxy/internal/cli/engine/root.go:527.45,533.4 5 0
github.com/seanpor/ja4proxy/internal/cli/engine/root.go:535.2,536.12 2 0
github.com/seanpor/ja4proxy/internal/cli/engine/root.go:541.43,547.48 2 0
github.com/seanpor/ja4proxy/internal/cli/engine/root.go:547.48,553.4 5 0
github.com/seanpor/ja4proxy/internal/cli/engine/root.go:555.2,556.12 2 0
github.com/seanpor/ja4proxy/internal/cli/engine/root.go:561.38,572.45 4 0
github.com/seanpor/ja4proxy/internal/cli/engine/root.go:572.45,573.26 1 0
github.com/seanpor/ja4proxy/internal/cli/engine/root.go:573.26,576.5 2 0
github.com/seanpor/ja4proxy/internal/cli/engine/root.go:577.4,578.18 2 0
github.com/seanpor/ja4proxy/internal/cli/engine/root.go:578.18,581.5 2 0
github.com/seanpor/ja4proxy/internal/cli/engine/root.go:582.4,582.92 1 0
github.com/seanpor/ja4proxy/internal/cli/engine/root.go:582.92,585.5 2 0
github.com/seanpor/ja4proxy/internal/cli/engine/root.go:586.4,586.35 1 0
github.com/seanpor/ja4proxy/internal/cli/engine/root.go:589.2,598.45 6 0
github.com/seanpor/ja4proxy/internal/cli/engine/root.go:598.45,599.23 1 0
github.com/seanpor/ja4proxy/internal/cli/engine/root.go:599.23,602.5 2 0
github.com/seanpor/ja4proxy/internal/cli/engine/root.go:603.4,604.18 2 0
github.com/seanpor/ja4proxy/internal/cli/engine/root.go:604.18,607.5 2 0
github.com/seanpor/ja4proxy/internal/cli/engine/root.go:608.4,609.18 2 0
github.com/seanpor/ja4proxy/internal/cli/engine/root.go:609.18,612.5 2 0
github.com/seanpor/ja4proxy/internal/cli/engine/root.go:613.4,613.19 1 0
github.com/seanpor/ja4proxy/internal/cli/engine/root.go:613.19,616.5 2 0
github.com/seanpor/ja4proxy/internal/cli/engine/root.go:617.4,618.25 2 0
github.com/seanpor/ja4proxy/internal/cli/engine/root.go:618.25,620.5 1 0
github.com/seanpor/ja4proxy/internal/cli/engine/root.go:621.4,622.27 2 0
github.com/seanpor/ja4proxy/internal/cli/engine/root.go:622.27,624.5 1 0
github.com/seanpor/ja4proxy/internal/cli/engine/root.go:625.4,625.25 1 0
github.com/seanpor/ja4proxy/internal/cli/engine/root.go:625.25,628.5 2 0
github.com/seanpor/ja4proxy/internal/cli/engine/root.go:629.4,630.70 2 0
github.com/seanpor/ja4proxy/internal/cli/engine/root.go:633.2,643.45 7 0
github.com/seanpor/ja4proxy/internal/cli/engine/root.go:643.45,644.22 1 0
github.com/seanpor/ja4proxy/internal/cli/engine/root.go:644.22,647.5 2 0
github.com/seanpor/ja4proxy/internal/cli/engine/root.go:648.4,649.18 2 0
github.com/seanpor/ja4proxy/internal/cli/engine/root.go:649.18,652.5 2 0
github.com/seanpor/ja4proxy/internal/cli/engine/root.go:653.4,654.18 2 0
github.com/seanpor/ja4proxy/internal/cli/engine/root.go:654.18,657.5 2 0
github.com/seanpor/ja4proxy/internal/cli/engine/root.go:658.4,659.25 2 0
github.com/seanpor/ja4proxy/internal/cli/engine/root.go:659.25,661.5 1 0
github.com/seanpor/ja4proxy/internal/cli/engine/root.go:662.4,663.27 2 0
github.com/seanpor/ja4proxy/internal/cli/engine/root.go:663.27,665.5 1 0
github.com/seanpor/ja4proxy/internal/cli/engine/root.go:666.4,666.25 1 0
github.com/seanpor/ja4proxy/internal/cli/engine/root.go:666.25,669.5 2 0
github.com/seanpor/ja4proxy/internal/cli/engine/root.go:670.4,673.23 4 0
github.com/seanpor/ja4proxy/internal/cli/engine/root.go:673.23,676.5 2 0
github.com/seanpor/ja4proxy/internal/cli/engine/root.go:677.4,678.32 2 0
github.com/seanpor/ja4proxy/internal/cli/engine/root.go:678.32,679.52 1 0
github.com/seanpor/ja4proxy/internal/cli/engine/root.go:679.52,682.6 1 0
github.com/seanpor/ja4proxy/internal/cli/engine/root.go:684.4,684.13 1 0
github.com/seanpor/ja4proxy/internal/cli/engine/root.go:687.2,692.18 5 0
github.com/seanpor/ja4proxy/internal/cli/engine/root.go:697.42,708.48 2 0
github.com/seanpor/ja4proxy/internal/cli/engine/root.go:708.48,714.4 5 0
github.com/seanpor/ja4proxy/internal/cli/engine/root.go:717.2,723.48 3 0
github.com/seanpor/ja4proxy/internal/cli/engine/root.go:723.48,725.29 2 0
github.com/seanpor/ja4proxy/internal/cli/engine/root.go:725.29,728.5 2 0
github.com/seanpor/ja4proxy/internal/cli/engine/root.go:729.4,733.34 5 0
github.com/seanpor/ja4proxy/internal/cli/engine/root.go:736.2,747.45 6 0
github.com/seanpor/ja4proxy/internal/cli/engine/root.go:747.45,754.4 6 0
github.com/seanpor/ja4proxy/internal/cli/engine/root.go:756.2,763.45 3 0
github.com/seanpor/ja4proxy/internal/cli/engine/root.go:763.45,764.42 1 0
github.com/seanpor/ja4proxy/internal/cli/engine/root.go:764.42,767.5 2 0
github.com/seanpor/ja4proxy/internal/cli/engine/root.go:768.4,772.55 5 0
github.com/seanpor/ja4proxy/internal/cli/engine/root.go:775.2,784.45 5 0
github.com/seanpor/ja4proxy/internal/cli/engine/root.go:784.45,790.4 5 0
github.com/seanpor/ja4proxy/internal/cli/engine/root.go:792.2,800.45 4 0
github.com/seanpor/ja4proxy/internal/cli/engine/root.go:800.45,806.4 5 0
github.com/seanpor/ja4proxy/internal/cli/engine/root.go:809.2,810.16 2 0
github.com/seanpor/ja4proxy/internal/cli/engine/root.go:815.38,826.45 4 0
github.com/seanpor/ja4proxy/internal/cli/engine/root.go:826.45,827.46 1 0
github.com/seanpor/ja4proxy/internal/cli/engine/root.go:827.46,830.5 2 0
github.com/seanpor/ja4proxy/internal/cli/engine/root.go:831.4,832.81 2 0
github.com/seanpor/ja4proxy/internal/cli/engine/root.go:832.81,835.5 2 0
github.com/seanpor/ja4proxy/internal/cli/engine/root.go:836.4,839.23 3 0
github.com/seanpor/ja4proxy/internal/cli/engine/root.go:839.23,843.5 2 0
github.com/seanpor/ja4proxy/internal/cli/engine/root.go:844.4,845.18 2 0
github.com/seanpor/ja4proxy/internal/cli/engine/root.go:845.18,848.5 2 0
github.com/seanpor/ja4proxy/internal/cli/engine/root.go:849.4,851.63 3 0
github.com/seanpor/ja4proxy/internal/cli/engine/root.go:854.2,860.18 6 0
github.com/seanpor/ja4proxy/internal/cli/engine/root.go:865.42,874.50 2 0
github.com/seanpor/ja4proxy/internal/cli/engine/root.go:874.50,876.4 1 0
github.com/seanpor/ja4proxy/internal/cli/engine/root.go:878.2,881.50 1 0
github.com/seanpor/ja4proxy/internal/cli/engine/root.go:881.50,883.4 1 0
github.com/seanpor/ja4proxy/internal/cli/engine/root.go:885.2,888.50 1 0
github.com/seanpor/ja4proxy/internal/cli/engine/root.go:888.50,890.4 1 0
github.com/seanpor/ja4proxy/internal/cli/engine/root.go:893.2,893.15 1 0
github.com/seanpor/ja4proxy/internal/test/nullbackend/main.go:18.13,20.16 2 0
github.com/seanpor/ja4proxy/internal/test/nullbackend/main.go:20.16,22.3 1 0
github.com/seanpor/ja4proxy/internal/test/nullbackend/main.go:25.2,26.16 2 0
github.com/seanpor/ja4proxy/internal/test/nullbackend/main.go:26.16,28.3 1 0
github.com/seanpor/ja4proxy/internal/test/nullbackend/main.go:30.2,35.16 3 0
github.com/seanpor/ja4proxy/internal/test/nullbackend/main.go:35.16,37.3 1 0
github.com/seanpor/ja4proxy/internal/test/nullbackend/main.go:38.2,42.6 3 0
github.com/seanpor/ja4proxy/internal/test/nullbackend/main.go:42.6,44.17 2 0
github.com/seanpor/ja4proxy/internal/test/nullbackend/main.go:44.17,45.12 1 0
github.com/seanpor/ja4proxy/internal/test/nullbackend/main.go:47.3,47.18 1 0
github.com/seanpor/ja4proxy/internal/test/nullbackend/main.go:51.28,53.46 2 0
github.com/seanpor/ja4proxy/internal/test/nullbackend/main.go:53.46,56.3 2 0
github.com/seanpor/ja4proxy/internal/test/nullbackend/main.go:57.2,63.46 5 0
github.com/seanpor/ja4proxy/internal/test/nullbackend/main.go:63.46,66.3 2 0
github.com/seanpor/ja4proxy/internal/test/nullbackend/main.go:68.2,68.16 1 0
github.com/seanpor/ja4proxy/internal/test/nullbackend/main.go:68.16,70.3 1 0
github.com/seanpor/ja4proxy/internal/test/nullbackend/main.go:72.2,72.16 1 0
github.com/seanpor/ja4proxy/internal/test/nullbackend/main.go:72.16,74.3 1 0
