mode: atomic
github.com/anomalyco/ja4proxy/internal/cli/auth/auth.go:21.44,22.21 1 20
github.com/anomalyco/ja4proxy/internal/cli/auth/auth.go:22.21,24.3 1 6
github.com/anomalyco/ja4proxy/internal/cli/auth/auth.go:25.2,25.36 1 14
github.com/anomalyco/ja4proxy/internal/cli/auth/auth.go:33.56,34.47 1 11
github.com/anomalyco/ja4proxy/internal/cli/auth/auth.go:34.47,36.3 1 5
github.com/anomalyco/ja4proxy/internal/cli/auth/auth.go:37.2,38.29 2 6
github.com/anomalyco/ja4proxy/internal/cli/auth/auth.go:38.29,40.3 1 3
github.com/anomalyco/ja4proxy/internal/cli/auth/auth.go:41.2,41.11 1 3
github.com/anomalyco/ja4proxy/internal/cli/auth/auth.go:47.47,49.2 1 3
github.com/anomalyco/ja4proxy/internal/cli/auth/auth.go:53.38,55.2 1 1
github.com/anomalyco/ja4proxy/internal/cli/auth/auth.go:59.42,60.21 1 8
github.com/anomalyco/ja4proxy/internal/cli/auth/auth.go:60.21,62.3 1 3
github.com/anomalyco/ja4proxy/internal/cli/auth/auth.go:63.2,63.34 1 5
github.com/anomalyco/ja4proxy/internal/health/state.go:36.29,37.28 1 8
github.com/anomalyco/ja4proxy/internal/health/state.go:37.28,39.3 1 1
github.com/anomalyco/ja4proxy/internal/health/state.go:40.2,44.3 1 8
github.com/anomalyco/ja4proxy/internal/health/state.go:49.54,53.50 4 683
github.com/anomalyco/ja4proxy/internal/health/state.go:53.50,56.3 2 4
github.com/anomalyco/ja4proxy/internal/health/state.go:57.2,57.14 1 679
github.com/anomalyco/ja4proxy/internal/health/state.go:62.49,67.2 4 669
github.com/anomalyco/ja4proxy/internal/health/state.go:71.52,75.2 3 676
github.com/anomalyco/ja4proxy/internal/cli/output/output.go:20.53,22.14 2 12
github.com/anomalyco/ja4proxy/internal/cli/output/output.go:22.14,24.3 1 1
github.com/anomalyco/ja4proxy/internal/cli/output/output.go:25.2,25.31 1 11
github.com/anomalyco/ja4proxy/internal/cli/output/output.go:25.31,27.3 1 2
github.com/anomalyco/ja4proxy/internal/cli/output/output.go:28.2,29.32 2 9
github.com/anomalyco/ja4proxy/internal/cli/output/output.go:29.32,31.3 1 2
github.com/anomalyco/ja4proxy/internal/cli/output/output.go:32.2,32.35 1 9
github.com/anomalyco/ja4proxy/internal/cli/output/output.go:32.35,34.3 1 0
github.com/anomalyco/ja4proxy/internal/cli/output/output.go:35.2,36.33 2 9
github.com/anomalyco/ja4proxy/internal/cli/output/output.go:36.33,38.3 1 18
github.com/anomalyco/ja4proxy/internal/cli/output/output.go:39.2,39.19 1 9
github.com/anomalyco/ja4proxy/internal/cli/output/output.go:43.40,46.25 3 9
github.com/anomalyco/ja4proxy/internal/cli/output/output.go:46.25,48.33 2 10
github.com/anomalyco/ja4proxy/internal/cli/output/output.go:48.33,50.4 1 2
github.com/anomalyco/ja4proxy/internal/cli/output/output.go:51.3,52.34 2 10
github.com/anomalyco/ja4proxy/internal/cli/output/output.go:52.34,54.4 1 20
github.com/anomalyco/ja4proxy/internal/cli/output/output.go:55.3,55.18 1 10
github.com/anomalyco/ja4proxy/internal/cli/output/output.go:57.2,57.15 1 9
github.com/anomalyco/ja4proxy/internal/cli/output/output.go:64.52,66.16 2 6
github.com/anomalyco/ja4proxy/internal/cli/output/output.go:66.16,68.3 1 2
github.com/anomalyco/ja4proxy/internal/cli/output/output.go:69.2,72.33 4 4
github.com/anomalyco/ja4proxy/internal/cli/output/output.go:72.33,74.3 1 5
github.com/anomalyco/ja4proxy/internal/cli/output/output.go:75.2,76.26 2 4
github.com/anomalyco/ja4proxy/internal/cli/output/output.go:80.51,84.41 4 4
github.com/anomalyco/ja4proxy/internal/cli/output/output.go:84.41,86.3 1 0
github.com/anomalyco/ja4proxy/internal/cli/output/output.go:87.2,87.26 1 4
github.com/anomalyco/ja4proxy/internal/cli/output/output.go:92.50,94.16 2 6
github.com/anomalyco/ja4proxy/internal/cli/output/output.go:94.16,96.3 1 1
github.com/anomalyco/ja4proxy/internal/cli/output/output.go:97.2,99.42 3 5
github.com/anomalyco/ja4proxy/internal/cli/output/output.go:99.42,101.3 1 0
github.com/anomalyco/ja4proxy/internal/cli/output/output.go:102.2,102.33 1 5
github.com/anomalyco/ja4proxy/internal/cli/output/output.go:102.33,103.39 1 5
github.com/anomalyco/ja4proxy/internal/cli/output/output.go:103.39,105.4 1 0
github.com/anomalyco/ja4proxy/internal/cli/output/output.go:107.2,108.35 2 5
github.com/anomalyco/ja4proxy/internal/cli/output/output.go:108.35,110.3 1 0
github.com/anomalyco/ja4proxy/internal/cli/output/output.go:111.2,111.26 1 5
github.com/anomalyco/ja4proxy/internal/cli/output/output.go:116.43,119.2 2 4
github.com/anomalyco/ja4proxy/internal/logging/dual_formatter.go:18.69,20.16 2 6
github.com/anomalyco/ja4proxy/internal/logging/dual_formatter.go:20.16,22.3 1 1
github.com/anomalyco/ja4proxy/internal/logging/dual_formatter.go:23.2,24.16 2 5
github.com/anomalyco/ja4proxy/internal/logging/dual_formatter.go:24.16,26.3 1 1
github.com/anomalyco/ja4proxy/internal/logging/dual_formatter.go:29.2,30.55 2 4
github.com/anomalyco/ja4proxy/internal/logging/ecs_formatter.go:34.68,35.24 1 68
github.com/anomalyco/ja4proxy/internal/logging/ecs_formatter.go:35.24,37.3 1 3
github.com/anomalyco/ja4proxy/internal/logging/ecs_formatter.go:38.2,38.23 1 65
github.com/anomalyco/ja4proxy/internal/logging/ecs_formatter.go:41.70,50.2 2 3
github.com/anomalyco/ja4proxy/internal/logging/ecs_formatter.go:52.67,67.20 13 65
github.com/anomalyco/ja4proxy/internal/logging/ecs_formatter.go:67.20,69.3 1 65
github.com/anomalyco/ja4proxy/internal/logging/ecs_formatter.go:71.2,73.31 2 65
github.com/anomalyco/ja4proxy/internal/logging/ecs_formatter.go:73.31,75.3 1 1
github.com/anomalyco/ja4proxy/internal/logging/ecs_formatter.go:76.2,76.37 1 65
github.com/anomalyco/ja4proxy/internal/logging/ecs_formatter.go:76.37,78.3 1 1
github.com/anomalyco/ja4proxy/internal/logging/ecs_formatter.go:79.2,79.39 1 65
github.com/anomalyco/ja4proxy/internal/logging/ecs_formatter.go:79.39,81.3 1 1
github.com/anomalyco/ja4proxy/internal/logging/ecs_formatter.go:81.8,81.40 1 64
github.com/anomalyco/ja4proxy/internal/logging/ecs_formatter.go:81.40,83.3 1 20
github.com/anomalyco/ja4proxy/internal/logging/ecs_formatter.go:84.2,84.36 1 65
github.com/anomalyco/ja4proxy/internal/logging/ecs_formatter.go:84.36,86.3 1 9
github.com/anomalyco/ja4proxy/internal/logging/ecs_formatter.go:87.2,87.35 1 65
github.com/anomalyco/ja4proxy/internal/logging/ecs_formatter.go:87.35,89.24 1 2
github.com/anomalyco/ja4proxy/internal/logging/ecs_formatter.go:90.12,91.14 1 2
github.com/anomalyco/ja4proxy/internal/logging/ecs_formatter.go:91.14,93.5 1 1
github.com/anomalyco/ja4proxy/internal/logging/ecs_formatter.go:94.16,95.14 1 0
github.com/anomalyco/ja4proxy/internal/logging/ecs_formatter.go:95.14,97.5 1 0
github.com/anomalyco/ja4proxy/internal/logging/ecs_formatter.go:98.11,99.26 1 0
github.com/anomalyco/ja4proxy/internal/logging/ecs_formatter.go:102.2,102.30 1 65
github.com/anomalyco/ja4proxy/internal/logging/ecs_formatter.go:102.30,104.3 1 1
github.com/anomalyco/ja4proxy/internal/logging/ecs_formatter.go:105.2,105.31 1 65
github.com/anomalyco/ja4proxy/internal/logging/ecs_formatter.go:105.31,107.3 1 1
github.com/anomalyco/ja4proxy/internal/logging/ecs_formatter.go:108.2,108.31 1 65
github.com/anomalyco/ja4proxy/internal/logging/ecs_formatter.go:108.31,110.3 1 1
github.com/anomalyco/ja4proxy/internal/logging/ecs_formatter.go:111.2,111.32 1 65
github.com/anomalyco/ja4proxy/internal/logging/ecs_formatter.go:111.32,114.3 2 5
github.com/anomalyco/ja4proxy/internal/logging/ecs_formatter.go:115.2,115.30 1 65
github.com/anomalyco/ja4proxy/internal/logging/ecs_formatter.go:115.30,117.3 1 1
github.com/anomalyco/ja4proxy/internal/logging/ecs_formatter.go:118.2,118.31 1 65
github.com/anomalyco/ja4proxy/internal/logging/ecs_formatter.go:118.31,120.3 1 1
github.com/anomalyco/ja4proxy/internal/logging/ecs_formatter.go:121.2,121.34 1 65
github.com/anomalyco/ja4proxy/internal/logging/ecs_formatter.go:121.34,123.3 1 1
github.com/anomalyco/ja4proxy/internal/logging/ecs_formatter.go:124.2,124.38 1 65
github.com/anomalyco/ja4proxy/internal/logging/ecs_formatter.go:124.38,126.3 1 1
github.com/anomalyco/ja4proxy/internal/logging/ecs_formatter.go:127.2,127.37 1 65
github.com/anomalyco/ja4proxy/internal/logging/ecs_formatter.go:127.37,129.3 1 1
github.com/anomalyco/ja4proxy/internal/logging/ecs_formatter.go:130.2,130.42 1 65
github.com/anomalyco/ja4proxy/internal/logging/ecs_formatter.go:130.42,132.3 1 1
github.com/anomalyco/ja4proxy/internal/logging/ecs_formatter.go:133.2,133.31 1 65
github.com/anomalyco/ja4proxy/internal/logging/ecs_formatter.go:133.31,135.3 1 1
github.com/anomalyco/ja4proxy/internal/logging/ecs_formatter.go:136.2,136.34 1 65
github.com/anomalyco/ja4proxy/internal/logging/ecs_formatter.go:136.34,138.3 1 2
github.com/anomalyco/ja4proxy/internal/logging/ecs_formatter.go:139.2,139.35 1 65
github.com/anomalyco/ja4proxy/internal/logging/ecs_formatter.go:139.35,141.3 1 1
github.com/anomalyco/ja4proxy/internal/logging/ecs_formatter.go:142.2,142.35 1 65
github.com/anomalyco/ja4proxy/internal/logging/ecs_formatter.go:142.35,144.3 1 1
github.com/anomalyco/ja4proxy/internal/logging/ecs_formatter.go:146.2,146.33 1 65
github.com/anomalyco/ja4proxy/internal/logging/ecs_formatter.go:146.33,147.30 1 20
github.com/anomalyco/ja4proxy/internal/logging/ecs_formatter.go:147.30,148.20 1 20
github.com/anomalyco/ja4proxy/internal/logging/ecs_formatter.go:148.20,150.5 1 4
github.com/anomalyco/ja4proxy/internal/logging/ecs_formatter.go:150.10,152.5 1 16
github.com/anomalyco/ja4proxy/internal/logging/ecs_formatter.go:153.4,153.39 1 20
github.com/anomalyco/ja4proxy/internal/logging/ecs_formatter.go:153.39,155.5 1 20
github.com/anomalyco/ja4proxy/internal/logging/ecs_formatter.go:156.4,156.18 1 20
github.com/anomalyco/ja4proxy/internal/logging/ecs_formatter.go:156.18,157.42 1 6
github.com/anomalyco/ja4proxy/internal/logging/ecs_formatter.go:157.42,160.38 3 3
github.com/anomalyco/ja4proxy/internal/logging/ecs_formatter.go:160.38,162.7 1 1
github.com/anomalyco/ja4proxy/internal/logging/ecs_formatter.go:162.12,164.7 1 2
github.com/anomalyco/ja4proxy/internal/logging/ecs_formatter.go:170.2,171.16 2 65
github.com/anomalyco/ja4proxy/internal/logging/ecs_formatter.go:171.16,173.3 1 0
github.com/anomalyco/ja4proxy/internal/logging/ecs_formatter.go:174.2,174.29 1 65
github.com/anomalyco/ja4proxy/internal/logging/ecs_formatter.go:179.58,181.2 1 5
github.com/anomalyco/ja4proxy/internal/logging/redactor.go:32.58,35.2 2 8
github.com/anomalyco/ja4proxy/internal/logging/redactor.go:38.58,40.2 1 18
github.com/anomalyco/ja4proxy/internal/logging/redactor.go:78.66,79.32 1 18
github.com/anomalyco/ja4proxy/internal/logging/redactor.go:79.32,81.3 1 1
github.com/anomalyco/ja4proxy/internal/logging/redactor.go:82.2,82.31 1 17
github.com/anomalyco/ja4proxy/internal/logging/redactor.go:82.31,84.10 2 21
github.com/anomalyco/ja4proxy/internal/logging/redactor.go:84.10,85.12 1 1
github.com/anomalyco/ja4proxy/internal/logging/redactor.go:87.3,87.35 1 20
github.com/anomalyco/ja4proxy/internal/logging/redactor.go:87.35,89.12 2 6
github.com/anomalyco/ja4proxy/internal/logging/redactor.go:91.3,91.35 1 14
github.com/anomalyco/ja4proxy/internal/logging/redactor.go:91.35,93.12 2 3
github.com/anomalyco/ja4proxy/internal/logging/redactor.go:95.3,95.37 1 11
github.com/anomalyco/ja4proxy/internal/logging/redactor.go:95.37,97.12 2 2
github.com/anomalyco/ja4proxy/internal/logging/redactor.go:99.3,99.17 1 9
github.com/anomalyco/ja4proxy/internal/logging/redactor.go:99.17,101.4 1 6
github.com/anomalyco/ja4proxy/internal/logging/redactor.go:103.2,103.12 1 17
github.com/anomalyco/ja4proxy/internal/logging/redactor.go:108.34,109.13 1 6
github.com/anomalyco/ja4proxy/internal/logging/redactor.go:109.13,111.3 1 0
github.com/anomalyco/ja4proxy/internal/logging/redactor.go:112.2,112.25 1 6
github.com/anomalyco/ja4proxy/internal/logging/redactor.go:118.37,119.16 1 3
github.com/anomalyco/ja4proxy/internal/logging/redactor.go:119.16,121.3 1 0
github.com/anomalyco/ja4proxy/internal/logging/redactor.go:122.2,122.71 1 3
github.com/anomalyco/ja4proxy/internal/logging/redactor.go:122.71,124.26 2 3
github.com/anomalyco/ja4proxy/internal/logging/redactor.go:124.26,125.26 1 11
github.com/anomalyco/ja4proxy/internal/logging/redactor.go:125.26,127.5 1 0
github.com/anomalyco/ja4proxy/internal/logging/redactor.go:129.3,129.30 1 3
github.com/anomalyco/ja4proxy/internal/logging/redactor.go:131.2,131.21 1 0
github.com/anomalyco/ja4proxy/internal/logging/redactor.go:138.40,139.15 1 6
github.com/anomalyco/ja4proxy/internal/logging/redactor.go:139.15,141.3 1 0
github.com/anomalyco/ja4proxy/internal/logging/redactor.go:142.2,143.14 2 6
github.com/anomalyco/ja4proxy/internal/logging/redactor.go:143.14,145.3 1 1
github.com/anomalyco/ja4proxy/internal/logging/redactor.go:146.2,146.35 1 5
github.com/anomalyco/ja4proxy/internal/compliance/classifier.go:44.46,46.44 2 17
github.com/anomalyco/ja4proxy/internal/compliance/classifier.go:46.44,48.3 1 204
github.com/anomalyco/ja4proxy/internal/compliance/classifier.go:49.2,49.44 1 17
github.com/anomalyco/ja4proxy/internal/compliance/classifier.go:55.93,57.30 2 4
github.com/anomalyco/ja4proxy/internal/compliance/classifier.go:57.30,59.3 1 5
github.com/anomalyco/ja4proxy/internal/compliance/classifier.go:60.2,60.12 1 4
github.com/anomalyco/ja4proxy/internal/compliance/classifier.go:64.66,66.33 2 2
github.com/anomalyco/ja4proxy/internal/compliance/classifier.go:66.33,68.3 1 24
github.com/anomalyco/ja4proxy/internal/compliance/classifier.go:69.2,69.12 1 2
github.com/anomalyco/ja4proxy/internal/compliance/classifier.go:79.62,83.33 3 33
github.com/anomalyco/ja4proxy/internal/compliance/classifier.go:83.33,85.10 2 38
github.com/anomalyco/ja4proxy/internal/compliance/classifier.go:85.10,86.12 1 3
github.com/anomalyco/ja4proxy/internal/compliance/classifier.go:88.3,89.66 1 35
github.com/anomalyco/ja4proxy/internal/compliance/classifier.go:89.66,92.4 2 30
github.com/anomalyco/ja4proxy/internal/compliance/classifier.go:94.2,94.21 1 33
github.com/anomalyco/ja4proxy/internal/compliance/classifier.go:99.95,101.26 2 7
github.com/anomalyco/ja4proxy/internal/compliance/classifier.go:101.26,103.3 1 13
github.com/anomalyco/ja4proxy/internal/compliance/classifier.go:104.2,105.37 2 7
github.com/anomalyco/ja4proxy/internal/compliance/classifier.go:105.37,106.26 1 6
github.com/anomalyco/ja4proxy/internal/compliance/classifier.go:107.17,108.15 1 5
github.com/anomalyco/ja4proxy/internal/compliance/classifier.go:109.22,110.27 1 1
github.com/anomalyco/ja4proxy/internal/compliance/classifier.go:110.27,111.37 1 2
github.com/anomalyco/ja4proxy/internal/compliance/classifier.go:111.37,113.6 1 2
github.com/anomalyco/ja4proxy/internal/compliance/classifier.go:117.2,118.12 2 7
github.com/anomalyco/ja4proxy/internal/compliance/classifier.go:122.100,124.27 2 2
github.com/anomalyco/ja4proxy/internal/compliance/classifier.go:124.27,126.3 1 4
github.com/anomalyco/ja4proxy/internal/compliance/classifier.go:127.2,127.12 1 2
github.com/anomalyco/ja4proxy/internal/compliance/classifier.go:131.53,133.37 2 1
github.com/anomalyco/ja4proxy/internal/compliance/classifier.go:133.37,135.3 1 12
github.com/anomalyco/ja4proxy/internal/compliance/classifier.go:136.2,137.24 2 1
github.com/anomalyco/ja4proxy/internal/compliance/classifier.go:137.24,139.3 1 9
github.com/anomalyco/ja4proxy/internal/compliance/classifier.go:140.2,141.15 2 1
github.com/anomalyco/ja4proxy/internal/compliance/pagination.go:65.72,66.22 1 7
github.com/anomalyco/ja4proxy/internal/compliance/pagination.go:66.22,68.3 1 1
github.com/anomalyco/ja4proxy/internal/compliance/pagination.go:69.2,69.42 1 7
github.com/anomalyco/ja4proxy/internal/compliance/pagination.go:74.55,75.12 1 14
github.com/anomalyco/ja4proxy/internal/compliance/pagination.go:75.12,77.3 1 3
github.com/anomalyco/ja4proxy/internal/compliance/pagination.go:80.2,80.36 1 11
github.com/anomalyco/ja4proxy/internal/compliance/pagination.go:80.36,83.3 2 0
github.com/anomalyco/ja4proxy/internal/compliance/pagination.go:85.2,87.50 3 11
github.com/anomalyco/ja4proxy/internal/compliance/pagination.go:87.50,91.3 3 1
github.com/anomalyco/ja4proxy/internal/compliance/pagination.go:93.2,96.47 3 10
github.com/anomalyco/ja4proxy/internal/compliance/pagination.go:96.47,98.3 1 4
github.com/anomalyco/ja4proxy/internal/compliance/pagination.go:98.8,101.3 2 6
github.com/anomalyco/ja4proxy/internal/compliance/pagination.go:103.2,103.24 1 10
github.com/anomalyco/ja4proxy/internal/compliance/pagination.go:107.49,109.2 1 7
github.com/anomalyco/ja4proxy/internal/compliance/pagination.go:112.36,114.2 1 4
github.com/anomalyco/ja4proxy/internal/compliance/pagination.go:117.43,120.25 3 11
github.com/anomalyco/ja4proxy/internal/compliance/pagination.go:120.25,122.3 1 1
github.com/anomalyco/ja4proxy/internal/compliance/pagination.go:123.2,123.25 1 11
github.com/anomalyco/ja4proxy/internal/compliance/pagination.go:123.25,125.3 1 1
github.com/anomalyco/ja4proxy/internal/compliance/pagination.go:126.2,126.22 1 11
github.com/anomalyco/ja4proxy/internal/compliance/pagination.go:126.22,128.3 1 1
github.com/anomalyco/ja4proxy/internal/compliance/pagination.go:129.2,129.23 1 11
github.com/anomalyco/ja4proxy/internal/compliance/pagination.go:129.23,131.3 1 1
github.com/anomalyco/ja4proxy/internal/compliance/pagination.go:132.2,132.26 1 11
github.com/anomalyco/ja4proxy/internal/compliance/pagination.go:132.26,134.3 1 1
github.com/anomalyco/ja4proxy/internal/compliance/pagination.go:135.2,135.23 1 11
github.com/anomalyco/ja4proxy/internal/compliance/pagination.go:135.23,137.3 1 4
github.com/anomalyco/ja4proxy/internal/compliance/pagination.go:138.2,138.44 1 11
github.com/anomalyco/ja4proxy/internal/compliance/pagination.go:144.85,146.21 2 1
github.com/anomalyco/ja4proxy/internal/compliance/pagination.go:146.21,148.3 1 3
github.com/anomalyco/ja4proxy/internal/compliance/pagination.go:149.2,149.24 1 1
github.com/anomalyco/ja4proxy/internal/compliance/pagination.go:154.79,156.16 2 8
github.com/anomalyco/ja4proxy/internal/compliance/pagination.go:156.16,159.17 2 2
github.com/anomalyco/ja4proxy/internal/compliance/pagination.go:159.17,161.4 1 2
github.com/anomalyco/ja4proxy/internal/compliance/pagination.go:163.2,168.48 2 6
github.com/anomalyco/ja4proxy/internal/compliance/pagination.go:168.48,170.3 1 1
github.com/anomalyco/ja4proxy/internal/compliance/pagination.go:171.2,171.41 1 5
github.com/anomalyco/ja4proxy/internal/proxy/proxy_protocol.go:19.63,20.16 1 20
github.com/anomalyco/ja4proxy/internal/proxy/proxy_protocol.go:20.16,22.3 1 1
github.com/anomalyco/ja4proxy/internal/proxy/proxy_protocol.go:24.2,25.20 2 19
github.com/anomalyco/ja4proxy/internal/proxy/proxy_protocol.go:25.20,27.3 1 2
github.com/anomalyco/ja4proxy/internal/proxy/proxy_protocol.go:29.2,29.34 1 17
github.com/anomalyco/ja4proxy/internal/proxy/proxy_protocol.go:29.34,31.3 1 1
github.com/anomalyco/ja4proxy/internal/proxy/proxy_protocol.go:33.2,33.44 1 16
github.com/anomalyco/ja4proxy/internal/proxy/proxy_protocol.go:41.64,42.21 1 0
github.com/anomalyco/ja4proxy/internal/proxy/proxy_protocol.go:42.21,44.3 1 0
github.com/anomalyco/ja4proxy/internal/proxy/proxy_protocol.go:45.2,45.31 1 0
github.com/anomalyco/ja4proxy/internal/proxy/proxy_protocol.go:50.50,52.17 2 16
github.com/anomalyco/ja4proxy/internal/proxy/proxy_protocol.go:52.17,54.3 1 4
github.com/anomalyco/ja4proxy/internal/proxy/proxy_protocol.go:56.2,56.29 1 12
github.com/anomalyco/ja4proxy/internal/proxy/proxy_protocol.go:56.29,58.17 2 18
github.com/anomalyco/ja4proxy/internal/proxy/proxy_protocol.go:58.17,60.12 1 2
github.com/anomalyco/ja4proxy/internal/proxy/proxy_protocol.go:62.3,62.27 1 16
github.com/anomalyco/ja4proxy/internal/proxy/proxy_protocol.go:62.27,64.4 1 7
github.com/anomalyco/ja4proxy/internal/proxy/proxy_protocol.go:67.2,67.14 1 5
github.com/anomalyco/ja4proxy/internal/proxy/proxy_protocol.go:74.63,77.17 3 6
github.com/anomalyco/ja4proxy/internal/proxy/proxy_protocol.go:77.17,79.3 1 1
github.com/anomalyco/ja4proxy/internal/proxy/proxy_protocol.go:80.2,80.37 1 5
github.com/anomalyco/ja4proxy/internal/proxy/proxy_protocol.go:80.37,82.3 1 1
github.com/anomalyco/ja4proxy/internal/proxy/proxy_protocol.go:83.2,86.20 3 4
github.com/anomalyco/ja4proxy/internal/proxy/proxy_protocol.go:86.20,88.3 1 0
github.com/anomalyco/ja4proxy/internal/proxy/proxy_protocol.go:89.2,89.27 1 4
github.com/anomalyco/ja4proxy/internal/proxy/proxy_protocol.go:89.27,91.3 1 1
github.com/anomalyco/ja4proxy/internal/proxy/proxy_protocol.go:92.2,93.15 2 3
github.com/anomalyco/ja4proxy/internal/proxy/proxy_protocol.go:93.15,95.3 1 1
github.com/anomalyco/ja4proxy/internal/proxy/proxy_protocol.go:96.2,96.26 1 2
github.com/anomalyco/ja4proxy/internal/proxy/proxy_protocol.go:115.65,118.2 2 16
github.com/anomalyco/ja4proxy/internal/proxy/proxy_protocol.go:128.90,130.32 1 18
github.com/anomalyco/ja4proxy/internal/proxy/proxy_protocol.go:130.32,132.3 1 5
github.com/anomalyco/ja4proxy/internal/proxy/proxy_protocol.go:135.2,135.41 1 13
github.com/anomalyco/ja4proxy/internal/proxy/proxy_protocol.go:135.41,137.3 1 3
github.com/anomalyco/ja4proxy/internal/proxy/proxy_protocol.go:139.2,141.27 2 10
github.com/anomalyco/ja4proxy/internal/proxy/proxy_protocol.go:141.27,143.3 1 1
github.com/anomalyco/ja4proxy/internal/proxy/proxy_protocol.go:144.2,147.27 2 9
github.com/anomalyco/ja4proxy/internal/proxy/proxy_protocol.go:147.27,149.3 1 1
github.com/anomalyco/ja4proxy/internal/proxy/proxy_protocol.go:152.2,152.27 1 8
github.com/anomalyco/ja4proxy/internal/proxy/proxy_protocol.go:152.27,154.3 1 0
github.com/anomalyco/ja4proxy/internal/proxy/proxy_protocol.go:156.2,163.57 3 8
github.com/anomalyco/ja4proxy/internal/proxy/proxy_protocol.go:163.57,165.3 1 1
github.com/anomalyco/ja4proxy/internal/proxy/proxy_protocol.go:167.2,172.16 3 7
github.com/anomalyco/ja4proxy/internal/proxy/proxy_protocol.go:173.18,175.19 1 3
github.com/anomalyco/ja4proxy/internal/proxy/proxy_protocol.go:175.19,177.4 1 0
github.com/anomalyco/ja4proxy/internal/proxy/proxy_protocol.go:178.3,178.55 1 3
github.com/anomalyco/ja4proxy/internal/proxy/proxy_protocol.go:180.18,182.19 1 3
github.com/anomalyco/ja4proxy/internal/proxy/proxy_protocol.go:182.19,184.4 1 0
github.com/anomalyco/ja4proxy/internal/proxy/proxy_protocol.go:185.3,186.26 2 3
github.com/anomalyco/ja4proxy/internal/proxy/proxy_protocol.go:188.10,190.22 1 1
github.com/anomalyco/ja4proxy/internal/proxy/proxy_protocol.go:193.2,193.18 1 6
github.com/anomalyco/ja4proxy/internal/proxy/proxy_protocol.go:193.18,195.3 1 0
github.com/anomalyco/ja4proxy/internal/proxy/proxy_protocol.go:197.2,197.40 1 6
github.com/anomalyco/ja4proxy/internal/cli/config/config.go:44.39,49.2 1 19
github.com/anomalyco/ja4proxy/internal/cli/config/config.go:52.35,54.16 2 20
github.com/anomalyco/ja4proxy/internal/cli/config/config.go:54.16,56.3 1 0
github.com/anomalyco/ja4proxy/internal/cli/config/config.go:57.2,57.68 1 20
github.com/anomalyco/ja4proxy/internal/cli/config/config.go:62.33,64.16 2 14
github.com/anomalyco/ja4proxy/internal/cli/config/config.go:64.16,66.3 1 0
github.com/anomalyco/ja4proxy/internal/cli/config/config.go:68.2,69.16 2 14
github.com/anomalyco/ja4proxy/internal/cli/config/config.go:69.16,70.37 1 2
github.com/anomalyco/ja4proxy/internal/cli/config/config.go:70.37,72.4 1 1
github.com/anomalyco/ja4proxy/internal/cli/config/config.go:73.3,73.18 1 1
github.com/anomalyco/ja4proxy/internal/cli/config/config.go:76.2,77.50 2 12
github.com/anomalyco/ja4proxy/internal/cli/config/config.go:77.50,79.3 1 1
github.com/anomalyco/ja4proxy/internal/cli/config/config.go:80.2,80.17 1 11
github.com/anomalyco/ja4proxy/internal/cli/config/config.go:85.33,87.16 2 6
github.com/anomalyco/ja4proxy/internal/cli/config/config.go:87.16,89.3 1 0
github.com/anomalyco/ja4proxy/internal/cli/config/config.go:91.2,91.63 1 6
github.com/anomalyco/ja4proxy/internal/cli/config/config.go:91.63,93.3 1 1
github.com/anomalyco/ja4proxy/internal/cli/config/config.go:95.2,96.16 2 5
github.com/anomalyco/ja4proxy/internal/cli/config/config.go:96.16,98.3 1 0
github.com/anomalyco/ja4proxy/internal/cli/config/config.go:100.2,100.40 1 5
github.com/anomalyco/ja4proxy/internal/cache/local.go:27.24,28.14 1 9
github.com/anomalyco/ja4proxy/internal/cache/local.go:28.14,30.3 1 1
github.com/anomalyco/ja4proxy/internal/cache/local.go:31.2,35.3 1 9
github.com/anomalyco/ja4proxy/internal/cache/local.go:39.69,44.13 4 13
github.com/anomalyco/ja4proxy/internal/cache/local.go:44.13,46.3 1 2
github.com/anomalyco/ja4proxy/internal/cache/local.go:48.2,48.32 1 13
github.com/anomalyco/ja4proxy/internal/cache/local.go:48.32,53.3 4 1
github.com/anomalyco/ja4proxy/internal/cache/local.go:55.2,55.28 1 12
github.com/anomalyco/ja4proxy/internal/cache/local.go:55.28,57.3 1 1
github.com/anomalyco/ja4proxy/internal/cache/local.go:59.2,61.19 3 12
github.com/anomalyco/ja4proxy/internal/cache/local.go:65.51,70.9 4 11
github.com/anomalyco/ja4proxy/internal/cache/local.go:70.9,72.3 1 3
github.com/anomalyco/ja4proxy/internal/cache/local.go:73.2,74.56 2 8
github.com/anomalyco/ja4proxy/internal/cache/local.go:74.56,78.3 3 1
github.com/anomalyco/ja4proxy/internal/cache/local.go:79.2,80.22 2 7
github.com/anomalyco/ja4proxy/internal/cache/local.go:84.34,87.32 3 1
github.com/anomalyco/ja4proxy/internal/cache/local.go:87.32,90.3 2 1
github.com/anomalyco/ja4proxy/internal/cache/local.go:94.25,98.2 3 2
github.com/anomalyco/ja4proxy/internal/cache/local.go:101.23,103.17 2 1
github.com/anomalyco/ja4proxy/internal/cache/local.go:103.17,105.3 1 0
github.com/anomalyco/ja4proxy/internal/cache/local.go:106.2,107.42 2 1
github.com/anomalyco/ja4proxy/internal/cli/commands/allowlist.go:22.120,30.71 3 2
github.com/anomalyco/ja4proxy/internal/cli/commands/allowlist.go:30.71,32.3 1 1
github.com/anomalyco/ja4proxy/internal/cli/commands/allowlist.go:33.2,33.20 1 1
github.com/anomalyco/ja4proxy/internal/cli/commands/allowlist.go:40.82,42.64 2 4
github.com/anomalyco/ja4proxy/internal/cli/commands/allowlist.go:42.64,44.3 1 1
github.com/anomalyco/ja4proxy/internal/cli/commands/allowlist.go:45.2,45.29 1 3
github.com/anomalyco/ja4proxy/internal/cli/commands/allowlist.go:45.29,46.24 1 2
github.com/anomalyco/ja4proxy/internal/cli/commands/allowlist.go:46.24,47.70 1 2
github.com/anomalyco/ja4proxy/internal/cli/commands/allowlist.go:47.70,49.5 1 1
github.com/anomalyco/ja4proxy/internal/cli/commands/allowlist.go:50.4,50.14 1 1
github.com/anomalyco/ja4proxy/internal/cli/commands/allowlist.go:53.2,53.54 1 1
github.com/anomalyco/ja4proxy/internal/cli/commands/allowlist.go:58.83,60.64 2 2
github.com/anomalyco/ja4proxy/internal/cli/commands/allowlist.go:60.64,62.3 1 1
github.com/anomalyco/ja4proxy/internal/cli/commands/allowlist.go:63.2,63.19 1 1
github.com/anomalyco/ja4proxy/internal/cli/commands/blocklist.go:12.109,19.71 3 2
github.com/anomalyco/ja4proxy/internal/cli/commands/blocklist.go:19.71,21.3 1 1
github.com/anomalyco/ja4proxy/internal/cli/commands/blocklist.go:22.2,22.20 1 1
github.com/anomalyco/ja4proxy/internal/cli/commands/blocklist.go:29.82,31.64 2 4
github.com/anomalyco/ja4proxy/internal/cli/commands/blocklist.go:31.64,33.3 1 1
github.com/anomalyco/ja4proxy/internal/cli/commands/blocklist.go:34.2,34.29 1 3
github.com/anomalyco/ja4proxy/internal/cli/commands/blocklist.go:34.29,35.24 1 2
github.com/anomalyco/ja4proxy/internal/cli/commands/blocklist.go:35.24,36.70 1 2
github.com/anomalyco/ja4proxy/internal/cli/commands/blocklist.go:36.70,38.5 1 1
github.com/anomalyco/ja4proxy/internal/cli/commands/blocklist.go:39.4,39.14 1 1
github.com/anomalyco/ja4proxy/internal/cli/commands/blocklist.go:42.2,42.54 1 1
github.com/anomalyco/ja4proxy/internal/cli/commands/blocklist.go:47.83,49.64 2 2
github.com/anomalyco/ja4proxy/internal/cli/commands/blocklist.go:49.64,51.3 1 1
github.com/anomalyco/ja4proxy/internal/cli/commands/blocklist.go:52.2,52.19 1 1
github.com/anomalyco/ja4proxy/internal/cli/commands/compliance.go:35.91,37.75 2 2
github.com/anomalyco/ja4proxy/internal/cli/commands/compliance.go:37.75,39.3 1 1
github.com/anomalyco/ja4proxy/internal/cli/commands/compliance.go:40.2,40.21 1 1
github.com/anomalyco/ja4proxy/internal/cli/commands/compliance.go:45.103,47.18 2 3
github.com/anomalyco/ja4proxy/internal/cli/commands/compliance.go:47.18,49.3 1 2
github.com/anomalyco/ja4proxy/internal/cli/commands/compliance.go:50.2,51.44 2 3
github.com/anomalyco/ja4proxy/internal/cli/commands/compliance.go:51.44,53.3 1 1
github.com/anomalyco/ja4proxy/internal/cli/commands/compliance.go:56.2,58.21 3 2
github.com/anomalyco/ja4proxy/internal/cli/commands/compliance.go:74.83,76.86 2 2
github.com/anomalyco/ja4proxy/internal/cli/commands/compliance.go:76.86,78.3 1 1
github.com/anomalyco/ja4proxy/internal/cli/commands/compliance.go:79.2,79.21 1 1
github.com/anomalyco/ja4proxy/internal/cli/commands/compliance.go:87.105,93.16 3 5
github.com/anomalyco/ja4proxy/internal/cli/commands/compliance.go:93.16,95.3 1 1
github.com/anomalyco/ja4proxy/internal/cli/commands/compliance.go:96.2,96.39 1 4
github.com/anomalyco/ja4proxy/internal/cli/commands/compliance.go:96.39,99.3 1 1
github.com/anomalyco/ja4proxy/internal/cli/commands/compliance.go:101.2,101.19 1 3
github.com/anomalyco/ja4proxy/internal/cli/commands/compliance.go:101.19,104.3 2 1
github.com/anomalyco/ja4proxy/internal/cli/commands/compliance.go:107.2,107.59 1 3
github.com/anomalyco/ja4proxy/internal/cli/commands/compliance.go:107.59,108.49 1 2
github.com/anomalyco/ja4proxy/internal/cli/commands/compliance.go:108.49,110.4 1 0
github.com/anomalyco/ja4proxy/internal/cli/commands/compliance.go:113.2,113.59 1 3
github.com/anomalyco/ja4proxy/internal/cli/commands/compliance.go:113.59,115.3 1 0
github.com/anomalyco/ja4proxy/internal/cli/commands/compliance.go:116.2,116.21 1 3
github.com/anomalyco/ja4proxy/internal/cli/commands/compliance.go:131.126,138.16 3 2
github.com/anomalyco/ja4proxy/internal/cli/commands/compliance.go:138.16,140.3 1 1
github.com/anomalyco/ja4proxy/internal/cli/commands/compliance.go:141.2,142.12 2 1
github.com/anomalyco/ja4proxy/internal/cli/commands/compliance.go:156.98,158.84 2 2
github.com/anomalyco/ja4proxy/internal/cli/commands/compliance.go:158.84,160.3 1 1
github.com/anomalyco/ja4proxy/internal/cli/commands/compliance.go:161.2,161.21 1 1
github.com/anomalyco/ja4proxy/internal/cli/commands/compliance.go:174.130,175.19 1 4
github.com/anomalyco/ja4proxy/internal/cli/commands/compliance.go:175.19,178.3 2 1
github.com/anomalyco/ja4proxy/internal/cli/commands/compliance.go:180.2,181.16 2 4
github.com/anomalyco/ja4proxy/internal/cli/commands/compliance.go:181.16,183.3 1 0
github.com/anomalyco/ja4proxy/internal/cli/commands/compliance.go:184.2,193.21 5 4
github.com/anomalyco/ja4proxy/internal/cli/commands/compliance.go:193.21,194.34 1 3
github.com/anomalyco/ja4proxy/internal/cli/commands/compliance.go:194.34,199.51 2 7
github.com/anomalyco/ja4proxy/internal/cli/commands/compliance.go:199.51,201.5 1 0
github.com/anomalyco/ja4proxy/internal/cli/commands/compliance.go:202.4,202.11 1 7
github.com/anomalyco/ja4proxy/internal/cli/commands/compliance.go:205.2,205.35 1 4
github.com/anomalyco/ja4proxy/internal/cli/commands/compliance.go:205.35,207.3 1 1
github.com/anomalyco/ja4proxy/internal/cli/commands/compliance.go:209.2,209.79 1 3
github.com/anomalyco/ja4proxy/internal/cli/commands/config.go:21.80,22.16 1 8
github.com/anomalyco/ja4proxy/internal/cli/commands/config.go:22.16,24.3 1 3
github.com/anomalyco/ja4proxy/internal/cli/commands/config.go:27.2,28.59 2 5
github.com/anomalyco/ja4proxy/internal/cli/commands/config.go:28.59,30.3 1 1
github.com/anomalyco/ja4proxy/internal/cli/commands/config.go:31.2,31.26 1 4
github.com/anomalyco/ja4proxy/internal/cli/commands/config.go:31.26,33.3 1 1
github.com/anomalyco/ja4proxy/internal/cli/commands/config.go:34.2,34.31 1 3
github.com/anomalyco/ja4proxy/internal/cli/commands/config.go:34.31,35.52 1 6
github.com/anomalyco/ja4proxy/internal/cli/commands/config.go:35.52,37.4 1 1
github.com/anomalyco/ja4proxy/internal/cli/commands/config.go:39.2,39.12 1 2
github.com/anomalyco/ja4proxy/internal/cli/commands/config.go:43.75,44.79 1 9
github.com/anomalyco/ja4proxy/internal/cli/commands/config.go:44.79,46.3 1 2
github.com/anomalyco/ja4proxy/internal/cli/commands/config.go:47.2,47.12 1 7
github.com/anomalyco/ja4proxy/internal/cli/commands/dial.go:25.47,27.2 1 1
github.com/anomalyco/ja4proxy/internal/cli/commands/dial.go:31.76,33.56 2 2
github.com/anomalyco/ja4proxy/internal/cli/commands/dial.go:33.56,35.3 1 1
github.com/anomalyco/ja4proxy/internal/cli/commands/dial.go:36.2,36.17 1 1
github.com/anomalyco/ja4proxy/internal/cli/commands/dial.go:44.97,45.34 1 6
github.com/anomalyco/ja4proxy/internal/cli/commands/dial.go:45.34,47.3 1 2
github.com/anomalyco/ja4proxy/internal/cli/commands/dial.go:48.2,52.18 2 4
github.com/anomalyco/ja4proxy/internal/cli/commands/dial.go:52.18,54.3 1 3
github.com/anomalyco/ja4proxy/internal/cli/commands/dial.go:64.2,66.16 3 4
github.com/anomalyco/ja4proxy/internal/cli/commands/dial.go:66.16,70.3 1 1
github.com/anomalyco/ja4proxy/internal/cli/commands/dial.go:73.2,73.83 1 3
github.com/anomalyco/ja4proxy/internal/cli/commands/dial.go:73.83,76.3 2 1
github.com/anomalyco/ja4proxy/internal/cli/commands/dial.go:78.2,78.12 1 2
github.com/anomalyco/ja4proxy/internal/cli/commands/dial.go:84.130,89.18 2 7
github.com/anomalyco/ja4proxy/internal/cli/commands/dial.go:89.18,91.3 1 2
github.com/anomalyco/ja4proxy/internal/cli/commands/dial.go:93.2,94.16 2 7
github.com/anomalyco/ja4proxy/internal/cli/commands/dial.go:94.16,96.3 1 0
github.com/anomalyco/ja4proxy/internal/cli/commands/dial.go:98.2,100.16 2 7
github.com/anomalyco/ja4proxy/internal/cli/commands/dial.go:100.16,102.3 1 0
github.com/anomalyco/ja4proxy/internal/cli/commands/dial.go:103.2,104.17 2 7
github.com/anomalyco/ja4proxy/internal/cli/commands/dial.go:104.17,106.3 1 6
github.com/anomalyco/ja4proxy/internal/cli/commands/dial.go:108.2,109.16 2 7
github.com/anomalyco/ja4proxy/internal/cli/commands/dial.go:109.16,111.3 1 0
github.com/anomalyco/ja4proxy/internal/cli/commands/dial.go:112.2,115.75 3 7
github.com/anomalyco/ja4proxy/internal/cli/commands/dial.go:115.75,117.3 1 2
github.com/anomalyco/ja4proxy/internal/cli/commands/dial.go:119.2,119.44 1 7
github.com/anomalyco/ja4proxy/internal/cli/commands/dial.go:119.44,122.3 2 2
github.com/anomalyco/ja4proxy/internal/cli/commands/dial.go:123.2,123.53 1 5
github.com/anomalyco/ja4proxy/internal/cli/commands/dial.go:123.53,125.3 1 1
github.com/anomalyco/ja4proxy/internal/cli/commands/dial.go:126.2,126.12 1 4
github.com/anomalyco/ja4proxy/internal/cli/commands/fingerprint.go:14.109,16.17 2 3
github.com/anomalyco/ja4proxy/internal/cli/commands/fingerprint.go:16.17,18.3 1 3
github.com/anomalyco/ja4proxy/internal/cli/commands/fingerprint.go:19.2,20.49 2 3
github.com/anomalyco/ja4proxy/internal/cli/commands/fingerprint.go:20.49,22.3 1 1
github.com/anomalyco/ja4proxy/internal/cli/commands/fingerprint.go:23.2,23.19 1 2
github.com/anomalyco/ja4proxy/internal/cli/commands/health.go:35.92,38.14 2 5
github.com/anomalyco/ja4proxy/internal/cli/commands/health.go:38.14,40.60 2 2
github.com/anomalyco/ja4proxy/internal/cli/commands/health.go:40.60,42.4 1 1
github.com/anomalyco/ja4proxy/internal/cli/commands/health.go:43.3,43.43 1 1
github.com/anomalyco/ja4proxy/internal/cli/commands/health.go:47.2,48.65 2 4
github.com/anomalyco/ja4proxy/internal/cli/commands/health.go:48.65,50.3 1 2
github.com/anomalyco/ja4proxy/internal/cli/commands/health.go:52.2,61.28 3 2
github.com/anomalyco/ja4proxy/internal/cli/commands/health.go:61.28,62.31 1 1
github.com/anomalyco/ja4proxy/internal/cli/commands/health.go:62.31,64.9 2 1
github.com/anomalyco/ja4proxy/internal/cli/commands/health.go:67.2,67.12 1 2
github.com/anomalyco/ja4proxy/internal/cli/commands/health.go:67.12,69.3 1 1
github.com/anomalyco/ja4proxy/internal/cli/commands/health.go:71.2,71.21 1 2
github.com/anomalyco/ja4proxy/internal/cli/commands/ip.go:31.109,37.71 3 3
github.com/anomalyco/ja4proxy/internal/cli/commands/ip.go:37.71,39.3 1 1
github.com/anomalyco/ja4proxy/internal/cli/commands/ip.go:40.2,40.21 1 2
github.com/anomalyco/ja4proxy/internal/cli/commands/ip.go:45.75,46.58 1 2
github.com/anomalyco/ja4proxy/internal/cli/commands/ip.go:46.58,48.3 1 1
github.com/anomalyco/ja4proxy/internal/cli/commands/ip.go:49.2,49.12 1 1
github.com/anomalyco/ja4proxy/internal/cli/commands/ip.go:54.102,60.68 2 5
github.com/anomalyco/ja4proxy/internal/cli/commands/ip.go:60.68,62.3 1 2
github.com/anomalyco/ja4proxy/internal/cli/commands/ip.go:63.2,63.12 1 3
github.com/anomalyco/ja4proxy/internal/cli/commands/ip.go:69.81,74.64 2 4
github.com/anomalyco/ja4proxy/internal/cli/commands/ip.go:74.64,76.3 1 1
github.com/anomalyco/ja4proxy/internal/cli/commands/ip.go:77.2,77.29 1 3
github.com/anomalyco/ja4proxy/internal/cli/commands/ip.go:77.29,78.23 1 2
github.com/anomalyco/ja4proxy/internal/cli/commands/ip.go:78.23,79.70 1 2
github.com/anomalyco/ja4proxy/internal/cli/commands/ip.go:79.70,81.5 1 1
github.com/anomalyco/ja4proxy/internal/cli/commands/ip.go:82.4,82.14 1 1
github.com/anomalyco/ja4proxy/internal/cli/commands/ip.go:85.2,85.53 1 1
github.com/anomalyco/ja4proxy/internal/cli/commands/ip.go:91.91,97.19 4 2
github.com/anomalyco/ja4proxy/internal/cli/commands/ip.go:97.19,99.3 1 1
github.com/anomalyco/ja4proxy/internal/cli/commands/ip.go:104.2,109.53 3 2
github.com/anomalyco/ja4proxy/internal/cli/commands/ip.go:109.53,111.3 1 1
github.com/anomalyco/ja4proxy/internal/cli/commands/ip.go:112.2,114.20 2 1
github.com/anomalyco/ja4proxy/internal/cli/commands/policy.go:33.48,33.64 1 1
github.com/anomalyco/ja4proxy/internal/cli/commands/policy.go:34.48,34.64 1 3
github.com/anomalyco/ja4proxy/internal/cli/commands/policy.go:35.48,35.64 1 1
github.com/anomalyco/ja4proxy/internal/cli/commands/policy.go:36.48,36.64 1 1
github.com/anomalyco/ja4proxy/internal/cli/commands/policy.go:37.48,37.64 1 1
github.com/anomalyco/ja4proxy/internal/cli/commands/policy.go:78.87,81.66 2 41
github.com/anomalyco/ja4proxy/internal/cli/commands/policy.go:81.66,83.3 1 2
github.com/anomalyco/ja4proxy/internal/cli/commands/policy.go:84.2,84.19 1 39
github.com/anomalyco/ja4proxy/internal/cli/commands/policy.go:84.19,86.3 1 1
github.com/anomalyco/ja4proxy/internal/cli/commands/policy.go:89.2,89.24 1 39
github.com/anomalyco/ja4proxy/internal/cli/commands/policy.go:89.24,90.30 1 98
github.com/anomalyco/ja4proxy/internal/cli/commands/policy.go:90.30,94.4 1 2
github.com/anomalyco/ja4proxy/internal/cli/commands/policy.go:98.2,98.63 1 37
github.com/anomalyco/ja4proxy/internal/cli/commands/policy.go:98.63,100.10 2 3
github.com/anomalyco/ja4proxy/internal/cli/commands/policy.go:100.10,102.4 1 1
github.com/anomalyco/ja4proxy/internal/cli/commands/policy.go:103.3,103.24 1 2
github.com/anomalyco/ja4proxy/internal/cli/commands/policy.go:103.24,104.29 1 3
github.com/anomalyco/ja4proxy/internal/cli/commands/policy.go:104.29,108.5 1 1
github.com/anomalyco/ja4proxy/internal/cli/commands/policy.go:113.2,114.57 2 35
github.com/anomalyco/ja4proxy/internal/cli/commands/policy.go:114.57,116.10 2 34
github.com/anomalyco/ja4proxy/internal/cli/commands/policy.go:116.10,118.4 1 1
github.com/anomalyco/ja4proxy/internal/cli/commands/policy.go:119.3,119.55 1 33
github.com/anomalyco/ja4proxy/internal/cli/commands/policy.go:119.55,121.11 2 33
github.com/anomalyco/ja4proxy/internal/cli/commands/policy.go:121.11,125.5 1 1
github.com/anomalyco/ja4proxy/internal/cli/commands/policy.go:126.4,126.36 1 32
github.com/anomalyco/ja4proxy/internal/cli/commands/policy.go:126.36,130.5 1 3
github.com/anomalyco/ja4proxy/internal/cli/commands/policy.go:131.4,131.29 1 29
github.com/anomalyco/ja4proxy/internal/cli/commands/policy.go:136.2,136.52 1 30
github.com/anomalyco/ja4proxy/internal/cli/commands/policy.go:136.52,138.3 1 4
github.com/anomalyco/ja4proxy/internal/cli/commands/policy.go:140.2,140.27 1 26
github.com/anomalyco/ja4proxy/internal/cli/commands/policy.go:140.27,143.65 3 25
github.com/anomalyco/ja4proxy/internal/cli/commands/policy.go:143.65,144.52 1 25
github.com/anomalyco/ja4proxy/internal/cli/commands/policy.go:144.52,146.5 1 2
github.com/anomalyco/ja4proxy/internal/cli/commands/policy.go:148.3,148.39 1 25
github.com/anomalyco/ja4proxy/internal/cli/commands/policy.go:148.39,155.4 1 2
github.com/anomalyco/ja4proxy/internal/cli/commands/policy.go:159.2,159.43 1 24
github.com/anomalyco/ja4proxy/internal/cli/commands/policy.go:159.43,161.3 1 3
github.com/anomalyco/ja4proxy/internal/cli/commands/policy.go:164.2,164.42 1 21
github.com/anomalyco/ja4proxy/internal/cli/commands/policy.go:164.42,166.3 1 3
github.com/anomalyco/ja4proxy/internal/cli/commands/policy.go:169.2,169.51 1 18
github.com/anomalyco/ja4proxy/internal/cli/commands/policy.go:169.51,171.3 1 2
github.com/anomalyco/ja4proxy/internal/cli/commands/policy.go:173.2,173.20 1 16
github.com/anomalyco/ja4proxy/internal/cli/commands/policy.go:179.39,180.23 1 35
github.com/anomalyco/ja4proxy/internal/cli/commands/policy.go:181.11,182.17 1 33
github.com/anomalyco/ja4proxy/internal/cli/commands/policy.go:183.13,184.22 1 0
github.com/anomalyco/ja4proxy/internal/cli/commands/policy.go:185.15,186.22 1 1
github.com/anomalyco/ja4proxy/internal/cli/commands/policy.go:188.2,188.17 1 1
github.com/anomalyco/ja4proxy/internal/cli/commands/policy.go:193.63,194.74 1 30
github.com/anomalyco/ja4proxy/internal/cli/commands/policy.go:194.74,196.25 2 85
github.com/anomalyco/ja4proxy/internal/cli/commands/policy.go:196.25,197.12 1 65
github.com/anomalyco/ja4proxy/internal/cli/commands/policy.go:199.3,200.10 2 20
github.com/anomalyco/ja4proxy/internal/cli/commands/policy.go:200.10,201.12 1 0
github.com/anomalyco/ja4proxy/internal/cli/commands/policy.go:203.3,203.59 1 20
github.com/anomalyco/ja4proxy/internal/cli/commands/policy.go:203.59,205.29 2 38
github.com/anomalyco/ja4proxy/internal/cli/commands/policy.go:205.29,206.13 1 18
github.com/anomalyco/ja4proxy/internal/cli/commands/policy.go:208.4,209.11 2 20
github.com/anomalyco/ja4proxy/internal/cli/commands/policy.go:209.11,210.13 1 0
github.com/anomalyco/ja4proxy/internal/cli/commands/policy.go:212.4,212.34 1 20
github.com/anomalyco/ja4proxy/internal/cli/commands/policy.go:212.34,214.12 2 22
github.com/anomalyco/ja4proxy/internal/cli/commands/policy.go:214.12,215.14 1 0
github.com/anomalyco/ja4proxy/internal/cli/commands/policy.go:217.5,217.70 1 22
github.com/anomalyco/ja4proxy/internal/cli/commands/policy.go:217.70,219.26 2 7
github.com/anomalyco/ja4proxy/internal/cli/commands/policy.go:219.26,220.15 1 1
github.com/anomalyco/ja4proxy/internal/cli/commands/policy.go:222.6,223.20 2 6
github.com/anomalyco/ja4proxy/internal/cli/commands/policy.go:223.20,227.7 1 1
github.com/anomalyco/ja4proxy/internal/cli/commands/policy.go:228.6,228.37 1 5
github.com/anomalyco/ja4proxy/internal/cli/commands/policy.go:228.37,232.7 1 3
github.com/anomalyco/ja4proxy/internal/cli/commands/policy.go:237.2,237.12 1 26
github.com/anomalyco/ja4proxy/internal/cli/commands/policy.go:241.48,250.38 3 6
github.com/anomalyco/ja4proxy/internal/cli/commands/policy.go:250.38,252.3 1 4
github.com/anomalyco/ja4proxy/internal/cli/commands/policy.go:253.2,253.33 1 6
github.com/anomalyco/ja4proxy/internal/cli/commands/policy.go:253.33,254.59 1 12
github.com/anomalyco/ja4proxy/internal/cli/commands/policy.go:254.59,256.4 1 5
github.com/anomalyco/ja4proxy/internal/cli/commands/policy.go:259.2,259.55 1 1
github.com/anomalyco/ja4proxy/internal/cli/commands/policy.go:259.55,261.3 1 0
github.com/anomalyco/ja4proxy/internal/cli/commands/policy.go:262.2,262.72 1 1
github.com/anomalyco/ja4proxy/internal/cli/commands/policy.go:267.54,278.28 3 24
github.com/anomalyco/ja4proxy/internal/cli/commands/policy.go:278.28,280.25 2 69
github.com/anomalyco/ja4proxy/internal/cli/commands/policy.go:280.25,281.12 1 53
github.com/anomalyco/ja4proxy/internal/cli/commands/policy.go:283.3,284.10 2 16
github.com/anomalyco/ja4proxy/internal/cli/commands/policy.go:284.10,285.12 1 0
github.com/anomalyco/ja4proxy/internal/cli/commands/policy.go:287.3,288.28 2 16
github.com/anomalyco/ja4proxy/internal/cli/commands/policy.go:288.28,289.12 1 8
github.com/anomalyco/ja4proxy/internal/cli/commands/policy.go:291.3,292.10 2 8
github.com/anomalyco/ja4proxy/internal/cli/commands/policy.go:292.10,293.12 1 0
github.com/anomalyco/ja4proxy/internal/cli/commands/policy.go:295.3,295.33 1 8
github.com/anomalyco/ja4proxy/internal/cli/commands/policy.go:295.33,297.11 2 8
github.com/anomalyco/ja4proxy/internal/cli/commands/policy.go:297.11,298.13 1 0
github.com/anomalyco/ja4proxy/internal/cli/commands/policy.go:300.4,301.29 2 8
github.com/anomalyco/ja4proxy/internal/cli/commands/policy.go:301.29,302.13 1 0
github.com/anomalyco/ja4proxy/internal/cli/commands/policy.go:304.4,305.21 2 8
github.com/anomalyco/ja4proxy/internal/cli/commands/policy.go:305.21,306.13 1 1
github.com/anomalyco/ja4proxy/internal/cli/commands/policy.go:309.4,310.18 2 7
github.com/anomalyco/ja4proxy/internal/cli/commands/policy.go:310.18,313.23 2 5
github.com/anomalyco/ja4proxy/internal/cli/commands/policy.go:313.23,317.6 1 3
github.com/anomalyco/ja4proxy/internal/cli/commands/policy.go:321.2,321.12 1 21
github.com/anomalyco/ja4proxy/internal/cli/commands/policy.go:325.53,326.61 1 21
github.com/anomalyco/ja4proxy/internal/cli/commands/policy.go:326.61,328.25 2 40
github.com/anomalyco/ja4proxy/internal/cli/commands/policy.go:328.25,329.12 1 28
github.com/anomalyco/ja4proxy/internal/cli/commands/policy.go:331.3,332.10 2 12
github.com/anomalyco/ja4proxy/internal/cli/commands/policy.go:332.10,333.12 1 0
github.com/anomalyco/ja4proxy/internal/cli/commands/policy.go:335.3,336.27 2 12
github.com/anomalyco/ja4proxy/internal/cli/commands/policy.go:336.27,337.12 1 4
github.com/anomalyco/ja4proxy/internal/cli/commands/policy.go:339.3,340.10 2 8
github.com/anomalyco/ja4proxy/internal/cli/commands/policy.go:340.10,341.12 1 0
github.com/anomalyco/ja4proxy/internal/cli/commands/policy.go:343.3,343.29 1 8
github.com/anomalyco/ja4proxy/internal/cli/commands/policy.go:343.29,345.11 2 10
github.com/anomalyco/ja4proxy/internal/cli/commands/policy.go:345.11,346.13 1 0
github.com/anomalyco/ja4proxy/internal/cli/commands/policy.go:348.4,349.28 2 10
github.com/anomalyco/ja4proxy/internal/cli/commands/policy.go:349.28,350.13 1 0
github.com/anomalyco/ja4proxy/internal/cli/commands/policy.go:352.4,353.36 2 10
github.com/anomalyco/ja4proxy/internal/cli/commands/policy.go:353.36,357.5 1 3
github.com/anomalyco/ja4proxy/internal/cli/commands/policy.go:360.2,360.12 1 18
github.com/anomalyco/ja4proxy/internal/cli/commands/policy.go:364.62,365.61 1 18
github.com/anomalyco/ja4proxy/internal/cli/commands/policy.go:365.61,367.25 2 35
github.com/anomalyco/ja4proxy/internal/cli/commands/policy.go:367.25,368.12 1 26
github.com/anomalyco/ja4proxy/internal/cli/commands/policy.go:370.3,371.10 2 9
github.com/anomalyco/ja4proxy/internal/cli/commands/policy.go:371.10,372.12 1 0
github.com/anomalyco/ja4proxy/internal/cli/commands/policy.go:374.3,375.27 2 9
github.com/anomalyco/ja4proxy/internal/cli/commands/policy.go:375.27,376.12 1 4
github.com/anomalyco/ja4proxy/internal/cli/commands/policy.go:378.3,379.10 2 5
github.com/anomalyco/ja4proxy/internal/cli/commands/policy.go:379.10,380.12 1 0
github.com/anomalyco/ja4proxy/internal/cli/commands/policy.go:382.3,383.29 2 5
github.com/anomalyco/ja4proxy/internal/cli/commands/policy.go:383.29,385.11 2 7
github.com/anomalyco/ja4proxy/internal/cli/commands/policy.go:385.11,386.13 1 0
github.com/anomalyco/ja4proxy/internal/cli/commands/policy.go:388.4,389.11 2 7
github.com/anomalyco/ja4proxy/internal/cli/commands/policy.go:389.11,390.13 1 0
github.com/anomalyco/ja4proxy/internal/cli/commands/policy.go:392.4,393.17 2 7
github.com/anomalyco/ja4proxy/internal/cli/commands/policy.go:393.17,397.5 1 2
github.com/anomalyco/ja4proxy/internal/cli/commands/policy.go:398.4,398.20 1 5
github.com/anomalyco/ja4proxy/internal/cli/commands/policy.go:401.2,401.12 1 16
github.com/anomalyco/ja4proxy/internal/cli/commands/policy.go:408.64,411.2 2 41
github.com/anomalyco/ja4proxy/internal/cli/commands/policy.go:423.101,427.83 2 25
github.com/anomalyco/ja4proxy/internal/cli/commands/policy.go:427.83,429.3 1 4
github.com/anomalyco/ja4proxy/internal/cli/commands/policy.go:431.2,431.83 1 21
github.com/anomalyco/ja4proxy/internal/cli/commands/policy.go:431.83,433.3 1 0
github.com/anomalyco/ja4proxy/internal/cli/commands/policy.go:435.2,435.74 1 21
github.com/anomalyco/ja4proxy/internal/cli/commands/policy.go:435.74,437.3 1 2
github.com/anomalyco/ja4proxy/internal/cli/commands/policy.go:438.2,438.74 1 19
github.com/anomalyco/ja4proxy/internal/cli/commands/policy.go:438.74,440.3 1 0
github.com/anomalyco/ja4proxy/internal/cli/commands/policy.go:441.2,441.70 1 19
github.com/anomalyco/ja4proxy/internal/cli/commands/policy.go:441.70,443.3 1 1
github.com/anomalyco/ja4proxy/internal/cli/commands/policy.go:446.2,446.61 1 18
github.com/anomalyco/ja4proxy/internal/cli/commands/policy.go:446.61,448.9 2 2
github.com/anomalyco/ja4proxy/internal/cli/commands/policy.go:448.9,449.48 1 2
github.com/anomalyco/ja4proxy/internal/cli/commands/policy.go:449.48,451.11 2 2
github.com/anomalyco/ja4proxy/internal/cli/commands/policy.go:451.11,454.71 3 2
github.com/anomalyco/ja4proxy/internal/cli/commands/policy.go:454.71,456.7 1 1
github.com/anomalyco/ja4proxy/internal/cli/commands/policy.go:462.2,463.12 2 17
github.com/anomalyco/ja4proxy/internal/cli/commands/policy.go:469.117,473.77 2 6
github.com/anomalyco/ja4proxy/internal/cli/commands/policy.go:473.77,475.3 1 1
github.com/anomalyco/ja4proxy/internal/cli/commands/policy.go:475.8,477.3 1 5
github.com/anomalyco/ja4proxy/internal/cli/commands/policy.go:480.2,480.77 1 5
github.com/anomalyco/ja4proxy/internal/cli/commands/policy.go:480.77,482.3 1 1
github.com/anomalyco/ja4proxy/internal/cli/commands/policy.go:482.8,484.3 1 4
github.com/anomalyco/ja4proxy/internal/cli/commands/policy.go:486.2,486.19 1 4
github.com/anomalyco/ja4proxy/internal/cli/commands/policy.go:492.137,496.67 3 46
github.com/anomalyco/ja4proxy/internal/cli/commands/policy.go:496.67,498.3 1 1
github.com/anomalyco/ja4proxy/internal/cli/commands/policy.go:500.2,501.33 2 45
github.com/anomalyco/ja4proxy/internal/cli/commands/policy.go:501.33,503.3 1 3
github.com/anomalyco/ja4proxy/internal/cli/commands/policy.go:505.2,506.32 2 45
github.com/anomalyco/ja4proxy/internal/cli/commands/policy.go:506.32,510.43 4 5
github.com/anomalyco/ja4proxy/internal/cli/commands/policy.go:510.43,512.12 2 1
github.com/anomalyco/ja4proxy/internal/cli/commands/policy.go:514.3,518.44 2 4
github.com/anomalyco/ja4proxy/internal/cli/commands/policy.go:518.44,520.4 1 1
github.com/anomalyco/ja4proxy/internal/cli/commands/policy.go:521.3,521.44 1 4
github.com/anomalyco/ja4proxy/internal/cli/commands/policy.go:521.44,523.4 1 1
github.com/anomalyco/ja4proxy/internal/cli/commands/policy.go:524.3,525.77 2 4
github.com/anomalyco/ja4proxy/internal/cli/commands/policy.go:525.77,527.4 1 1
github.com/anomalyco/ja4proxy/internal/cli/commands/policy.go:528.3,528.84 1 3
github.com/anomalyco/ja4proxy/internal/cli/commands/policy.go:528.84,531.4 2 1
github.com/anomalyco/ja4proxy/internal/cli/commands/policy.go:532.3,532.17 1 2
github.com/anomalyco/ja4proxy/internal/cli/commands/policy.go:536.2,536.39 1 43
github.com/anomalyco/ja4proxy/internal/cli/commands/policy.go:536.39,537.58 1 3
github.com/anomalyco/ja4proxy/internal/cli/commands/policy.go:537.58,538.72 1 2
github.com/anomalyco/ja4proxy/internal/cli/commands/policy.go:538.72,540.5 1 1
github.com/anomalyco/ja4proxy/internal/cli/commands/policy.go:541.4,541.20 1 1
github.com/anomalyco/ja4proxy/internal/cli/commands/policy.go:544.2,544.12 1 42
github.com/anomalyco/ja4proxy/internal/cli/commands/policy.go:548.128,552.74 3 40
github.com/anomalyco/ja4proxy/internal/cli/commands/policy.go:552.74,555.3 1 0
github.com/anomalyco/ja4proxy/internal/cli/commands/policy.go:557.2,558.33 2 40
github.com/anomalyco/ja4proxy/internal/cli/commands/policy.go:558.33,560.3 1 3
github.com/anomalyco/ja4proxy/internal/cli/commands/policy.go:562.2,563.32 2 40
github.com/anomalyco/ja4proxy/internal/cli/commands/policy.go:563.32,565.17 2 5
github.com/anomalyco/ja4proxy/internal/cli/commands/policy.go:565.17,567.4 1 1
github.com/anomalyco/ja4proxy/internal/cli/commands/policy.go:568.3,570.43 3 5
github.com/anomalyco/ja4proxy/internal/cli/commands/policy.go:570.43,572.12 2 1
github.com/anomalyco/ja4proxy/internal/cli/commands/policy.go:574.3,578.44 2 4
github.com/anomalyco/ja4proxy/internal/cli/commands/policy.go:578.44,580.4 1 3
github.com/anomalyco/ja4proxy/internal/cli/commands/policy.go:581.3,582.84 2 4
github.com/anomalyco/ja4proxy/internal/cli/commands/policy.go:582.84,584.4 1 1
github.com/anomalyco/ja4proxy/internal/cli/commands/policy.go:585.3,585.17 1 3
github.com/anomalyco/ja4proxy/internal/cli/commands/policy.go:588.2,588.39 1 39
github.com/anomalyco/ja4proxy/internal/cli/commands/policy.go:588.39,589.58 1 3
github.com/anomalyco/ja4proxy/internal/cli/commands/policy.go:589.58,590.76 1 2
github.com/anomalyco/ja4proxy/internal/cli/commands/policy.go:590.76,592.5 1 1
github.com/anomalyco/ja4proxy/internal/cli/commands/policy.go:593.4,593.20 1 1
github.com/anomalyco/ja4proxy/internal/cli/commands/policy.go:596.2,596.12 1 38
github.com/anomalyco/ja4proxy/internal/cli/commands/policy.go:600.121,602.23 2 19
github.com/anomalyco/ja4proxy/internal/cli/commands/policy.go:602.23,604.3 1 17
github.com/anomalyco/ja4proxy/internal/cli/commands/policy.go:605.2,605.32 1 2
github.com/anomalyco/ja4proxy/internal/cli/commands/policy.go:605.32,609.66 4 3
github.com/anomalyco/ja4proxy/internal/cli/commands/policy.go:609.66,611.4 1 1
github.com/anomalyco/ja4proxy/internal/cli/commands/policy.go:612.3,612.17 1 2
github.com/anomalyco/ja4proxy/internal/cli/commands/policy.go:614.2,614.12 1 1
github.com/anomalyco/ja4proxy/internal/cli/commands/policy.go:619.132,621.64 2 11
github.com/anomalyco/ja4proxy/internal/cli/commands/policy.go:621.64,624.3 2 2
github.com/anomalyco/ja4proxy/internal/cli/commands/policy.go:626.2,627.67 2 11
github.com/anomalyco/ja4proxy/internal/cli/commands/policy.go:627.67,629.3 1 2
github.com/anomalyco/ja4proxy/internal/cli/commands/policy.go:631.2,632.33 2 9
github.com/anomalyco/ja4proxy/internal/cli/commands/policy.go:632.33,633.59 1 6
github.com/anomalyco/ja4proxy/internal/cli/commands/policy.go:633.59,639.4 1 2
github.com/anomalyco/ja4proxy/internal/cli/commands/policy.go:641.2,641.19 1 9
github.com/anomalyco/ja4proxy/internal/cli/commands/policy.go:647.101,649.24 2 57
github.com/anomalyco/ja4proxy/internal/cli/commands/policy.go:649.24,651.3 1 39
github.com/anomalyco/ja4proxy/internal/cli/commands/policy.go:652.2,653.9 2 18
github.com/anomalyco/ja4proxy/internal/cli/commands/policy.go:653.9,655.3 1 1
github.com/anomalyco/ja4proxy/internal/cli/commands/policy.go:656.2,657.26 2 17
github.com/anomalyco/ja4proxy/internal/cli/commands/policy.go:657.26,659.3 1 7
github.com/anomalyco/ja4proxy/internal/cli/commands/policy.go:660.2,661.9 2 10
github.com/anomalyco/ja4proxy/internal/cli/commands/policy.go:661.9,663.3 1 1
github.com/anomalyco/ja4proxy/internal/cli/commands/policy.go:664.2,665.24 2 9
github.com/anomalyco/ja4proxy/internal/cli/commands/policy.go:665.24,666.46 1 8
github.com/anomalyco/ja4proxy/internal/cli/commands/policy.go:666.46,668.4 1 7
github.com/anomalyco/ja4proxy/internal/cli/commands/policy.go:670.2,670.15 1 9
github.com/anomalyco/ja4proxy/internal/cli/commands/policy.go:674.92,676.2 1 40
github.com/anomalyco/ja4proxy/internal/cli/commands/policy.go:679.109,681.24 2 59
github.com/anomalyco/ja4proxy/internal/cli/commands/policy.go:681.24,683.3 1 43
github.com/anomalyco/ja4proxy/internal/cli/commands/policy.go:684.2,685.9 2 16
github.com/anomalyco/ja4proxy/internal/cli/commands/policy.go:685.9,687.3 1 1
github.com/anomalyco/ja4proxy/internal/cli/commands/policy.go:688.2,690.26 3 15
github.com/anomalyco/ja4proxy/internal/cli/commands/policy.go:690.26,692.3 1 5
github.com/anomalyco/ja4proxy/internal/cli/commands/policy.go:693.2,694.9 2 10
github.com/anomalyco/ja4proxy/internal/cli/commands/policy.go:694.9,696.3 1 1
github.com/anomalyco/ja4proxy/internal/cli/commands/policy.go:697.2,698.25 2 9
github.com/anomalyco/ja4proxy/internal/cli/commands/policy.go:698.25,699.47 1 9
github.com/anomalyco/ja4proxy/internal/cli/commands/policy.go:699.47,701.4 1 8
github.com/anomalyco/ja4proxy/internal/cli/commands/policy.go:703.2,704.15 2 9
github.com/anomalyco/ja4proxy/internal/cli/commands/simulation.go:12.31,14.2 1 1
github.com/anomalyco/ja4proxy/internal/cli/commands/simulation.go:18.34,20.2 1 1
github.com/anomalyco/ja4proxy/internal/cli/commands/simulation.go:24.34,26.2 1 1
github.com/anomalyco/ja4proxy/internal/cli/client/client.go:27.41,29.2 1 15
github.com/anomalyco/ja4proxy/internal/cli/client/client.go:33.75,41.2 1 16
github.com/anomalyco/ja4proxy/internal/cli/client/client.go:45.79,47.16 2 6
github.com/anomalyco/ja4proxy/internal/cli/client/client.go:47.16,49.3 1 0
github.com/anomalyco/ja4proxy/internal/cli/client/client.go:50.2,51.23 2 6
github.com/anomalyco/ja4proxy/internal/cli/client/client.go:56.98,58.16 2 3
github.com/anomalyco/ja4proxy/internal/cli/client/client.go:58.16,60.3 1 0
github.com/anomalyco/ja4proxy/internal/cli/client/client.go:61.2,61.23 1 3
github.com/anomalyco/ja4proxy/internal/cli/client/client.go:66.99,68.16 2 3
github.com/anomalyco/ja4proxy/internal/cli/client/client.go:68.16,70.3 1 0
github.com/anomalyco/ja4proxy/internal/cli/client/client.go:71.2,71.23 1 3
github.com/anomalyco/ja4proxy/internal/cli/client/client.go:78.113,80.16 2 3
github.com/anomalyco/ja4proxy/internal/cli/client/client.go:80.16,82.3 1 0
github.com/anomalyco/ja4proxy/internal/cli/client/client.go:83.2,84.16 2 3
github.com/anomalyco/ja4proxy/internal/cli/client/client.go:84.16,86.3 1 0
github.com/anomalyco/ja4proxy/internal/cli/client/client.go:87.2,92.53 4 3
github.com/anomalyco/ja4proxy/internal/cli/client/client.go:92.53,94.25 2 2
github.com/anomalyco/ja4proxy/internal/cli/client/client.go:94.25,96.4 1 1
github.com/anomalyco/ja4proxy/internal/cli/client/client.go:97.3,97.92 1 2
github.com/anomalyco/ja4proxy/internal/cli/client/client.go:99.2,99.22 1 1
github.com/anomalyco/ja4proxy/internal/cli/client/client.go:103.65,105.16 2 1
github.com/anomalyco/ja4proxy/internal/cli/client/client.go:105.16,107.3 1 0
github.com/anomalyco/ja4proxy/internal/cli/client/client.go:108.2,109.23 2 1
github.com/anomalyco/ja4proxy/internal/cli/client/client.go:113.43,114.19 1 16
github.com/anomalyco/ja4proxy/internal/cli/client/client.go:114.19,116.3 1 15
github.com/anomalyco/ja4proxy/internal/cli/client/client.go:120.116,122.17 2 9
github.com/anomalyco/ja4proxy/internal/cli/client/client.go:122.17,123.60 1 5
github.com/anomalyco/ja4proxy/internal/cli/client/client.go:123.60,125.4 1 0
github.com/anomalyco/ja4proxy/internal/cli/client/client.go:127.2,128.16 2 9
github.com/anomalyco/ja4proxy/internal/cli/client/client.go:128.16,130.3 1 0
github.com/anomalyco/ja4proxy/internal/cli/client/client.go:131.2,133.17 3 9
github.com/anomalyco/ja4proxy/internal/cli/client/client.go:138.63,140.16 2 13
github.com/anomalyco/ja4proxy/internal/cli/client/client.go:140.16,142.3 1 1
github.com/anomalyco/ja4proxy/internal/cli/client/client.go:143.2,147.53 3 12
github.com/anomalyco/ja4proxy/internal/cli/client/client.go:147.53,149.25 2 4
github.com/anomalyco/ja4proxy/internal/cli/client/client.go:149.25,151.4 1 0
github.com/anomalyco/ja4proxy/internal/cli/client/client.go:152.3,153.55 1 4
github.com/anomalyco/ja4proxy/internal/cli/client/client.go:156.2,156.38 1 8
github.com/anomalyco/ja4proxy/internal/cli/client/client.go:156.38,157.56 1 4
github.com/anomalyco/ja4proxy/internal/cli/client/client.go:157.56,160.4 1 1
github.com/anomalyco/ja4proxy/internal/cli/client/client.go:162.2,162.12 1 7
github.com/anomalyco/ja4proxy/internal/metrics/metrics.go:312.17,344.91 2 1
github.com/anomalyco/ja4proxy/internal/metrics/metrics.go:344.91,346.3 1 6
github.com/anomalyco/ja4proxy/internal/metrics/metrics.go:357.59,362.2 1 2
github.com/anomalyco/ja4proxy/internal/metrics/metrics.go:364.56,367.32 3 0
github.com/anomalyco/ja4proxy/internal/metrics/metrics.go:367.32,369.3 1 0
github.com/anomalyco/ja4proxy/internal/metrics/metrics.go:370.2,370.34 1 0
github.com/anomalyco/ja4proxy/internal/metrics/metrics.go:370.34,372.3 1 0
github.com/anomalyco/ja4proxy/internal/metrics/metrics.go:373.2,374.12 2 0
github.com/anomalyco/ja4proxy/internal/metrics/netbox.go:16.13,18.2 1 1
github.com/anomalyco/ja4proxy/internal/metrics/ntp.go:15.84,16.26 1 2
github.com/anomalyco/ja4proxy/internal/metrics/ntp.go:16.26,18.3 1 1
github.com/anomalyco/ja4proxy/internal/metrics/ntp.go:19.2,27.6 5 2
github.com/anomalyco/ja4proxy/internal/metrics/ntp.go:27.6,28.10 1 2
github.com/anomalyco/ja4proxy/internal/metrics/ntp.go:29.21,30.10 1 2
github.com/anomalyco/ja4proxy/internal/metrics/ntp.go:31.19,32.17 1 0
github.com/anomalyco/ja4proxy/internal/metrics/ntp.go:37.35,39.16 2 3
github.com/anomalyco/ja4proxy/internal/metrics/ntp.go:39.16,42.3 2 0
github.com/anomalyco/ja4proxy/internal/metrics/ntp.go:43.2,43.34 1 3
github.com/anomalyco/ja4proxy/internal/metrics/ntp.go:48.37,51.16 2 4
github.com/anomalyco/ja4proxy/internal/metrics/ntp.go:51.16,53.3 1 4
github.com/anomalyco/ja4proxy/internal/metrics/ntp.go:56.2,57.16 2 0
github.com/anomalyco/ja4proxy/internal/metrics/ntp.go:57.16,59.3 1 0
github.com/anomalyco/ja4proxy/internal/metrics/ntp.go:61.2,61.63 1 0
github.com/anomalyco/ja4proxy/internal/metrics/ntp.go:66.56,68.29 2 8
github.com/anomalyco/ja4proxy/internal/metrics/ntp.go:68.29,69.44 1 25
github.com/anomalyco/ja4proxy/internal/metrics/ntp.go:69.44,72.23 2 7
github.com/anomalyco/ja4proxy/internal/metrics/ntp.go:72.23,74.19 2 7
github.com/anomalyco/ja4proxy/internal/metrics/ntp.go:74.19,76.6 1 1
github.com/anomalyco/ja4proxy/internal/metrics/ntp.go:77.5,77.39 1 6
github.com/anomalyco/ja4proxy/internal/metrics/ntp.go:77.39,79.6 1 5
github.com/anomalyco/ja4proxy/internal/metrics/ntp.go:80.5,80.22 1 1
github.com/anomalyco/ja4proxy/internal/metrics/ntp.go:84.2,84.65 1 1
github.com/anomalyco/ja4proxy/internal/metrics/ntp.go:91.48,92.45 1 4
github.com/anomalyco/ja4proxy/internal/metrics/ntp.go:92.45,94.3 1 1
github.com/anomalyco/ja4proxy/internal/metrics/ntp.go:95.2,96.29 2 3
github.com/anomalyco/ja4proxy/internal/metrics/ntp.go:96.29,97.55 1 7
github.com/anomalyco/ja4proxy/internal/metrics/ntp.go:97.55,99.23 2 2
github.com/anomalyco/ja4proxy/internal/metrics/ntp.go:99.23,101.19 2 2
github.com/anomalyco/ja4proxy/internal/metrics/ntp.go:101.19,103.6 1 0
github.com/anomalyco/ja4proxy/internal/metrics/ntp.go:104.5,105.21 2 2
github.com/anomalyco/ja4proxy/internal/metrics/ntp.go:105.21,107.6 1 1
github.com/anomalyco/ja4proxy/internal/metrics/ntp.go:108.5,108.20 1 1
github.com/anomalyco/ja4proxy/internal/metrics/ntp.go:112.2,112.59 1 1
github.com/anomalyco/ja4proxy/internal/config/loader.go:25.28,25.45 1 4
github.com/anomalyco/ja4proxy/internal/config/loader.go:28.57,31.41 2 22
github.com/anomalyco/ja4proxy/internal/config/loader.go:31.41,34.3 2 7
github.com/anomalyco/ja4proxy/internal/config/loader.go:36.2,37.41 2 15
github.com/anomalyco/ja4proxy/internal/config/loader.go:37.41,39.3 1 0
github.com/anomalyco/ja4proxy/internal/config/loader.go:40.2,41.16 2 15
github.com/anomalyco/ja4proxy/internal/config/loader.go:41.16,43.3 1 0
github.com/anomalyco/ja4proxy/internal/config/loader.go:44.2,45.12 2 15
github.com/anomalyco/ja4proxy/internal/config/loader.go:56.41,58.16 2 11
github.com/anomalyco/ja4proxy/internal/config/loader.go:58.16,60.3 1 1
github.com/anomalyco/ja4proxy/internal/config/loader.go:63.2,66.39 3 10
github.com/anomalyco/ja4proxy/internal/config/loader.go:66.39,69.3 1 2
github.com/anomalyco/ja4proxy/internal/config/loader.go:70.2,72.44 3 8
github.com/anomalyco/ja4proxy/internal/config/loader.go:72.44,73.29 1 1
github.com/anomalyco/ja4proxy/internal/config/loader.go:73.29,76.4 1 0
github.com/anomalyco/ja4proxy/internal/config/loader.go:77.3,77.60 1 1
github.com/anomalyco/ja4proxy/internal/config/loader.go:79.2,79.17 1 7
github.com/anomalyco/ja4proxy/internal/config/loader.go:84.37,85.73 1 15
github.com/anomalyco/ja4proxy/internal/config/loader.go:85.73,87.17 2 89
github.com/anomalyco/ja4proxy/internal/config/loader.go:87.17,89.4 1 0
github.com/anomalyco/ja4proxy/internal/config/loader.go:90.3,92.56 3 89
github.com/anomalyco/ja4proxy/internal/config/loader.go:92.56,94.4 1 6
github.com/anomalyco/ja4proxy/internal/config/loader.go:95.3,95.20 1 83
github.com/anomalyco/ja4proxy/internal/config/loader.go:101.30,311.2 1 11
github.com/anomalyco/ja4proxy/internal/config/loader.go:487.56,488.31 1 0
github.com/anomalyco/ja4proxy/internal/config/loader.go:488.31,490.3 1 0
github.com/anomalyco/ja4proxy/internal/config/loader.go:491.2,491.28 1 0
github.com/anomalyco/ja4proxy/internal/config/loader.go:829.43,830.16 1 21
github.com/anomalyco/ja4proxy/internal/config/loader.go:830.16,832.3 1 1
github.com/anomalyco/ja4proxy/internal/config/loader.go:833.2,833.49 1 20
github.com/anomalyco/ja4proxy/internal/config/loader.go:833.49,835.3 1 2
github.com/anomalyco/ja4proxy/internal/config/loader.go:839.2,840.48 2 18
github.com/anomalyco/ja4proxy/internal/config/loader.go:840.48,842.3 1 1
github.com/anomalyco/ja4proxy/internal/config/loader.go:843.2,843.28 1 18
github.com/anomalyco/ja4proxy/internal/config/loader.go:843.28,845.3 1 9
github.com/anomalyco/ja4proxy/internal/config/loader.go:846.2,846.53 1 9
github.com/anomalyco/ja4proxy/internal/config/loader.go:846.53,848.3 1 1
github.com/anomalyco/ja4proxy/internal/config/loader.go:849.2,849.63 1 8
github.com/anomalyco/ja4proxy/internal/config/loader.go:855.41,857.13 2 18
github.com/anomalyco/ja4proxy/internal/config/loader.go:857.13,859.3 1 1
github.com/anomalyco/ja4proxy/internal/config/loader.go:861.2,861.64 1 17
github.com/anomalyco/ja4proxy/internal/config/loader.go:861.64,863.3 1 2
github.com/anomalyco/ja4proxy/internal/config/loader.go:865.2,865.73 1 15
github.com/anomalyco/ja4proxy/internal/config/loader.go:865.73,867.3 1 1
github.com/anomalyco/ja4proxy/internal/config/loader.go:869.2,870.39 2 15
github.com/anomalyco/ja4proxy/internal/config/loader.go:870.39,872.3 1 2
github.com/anomalyco/ja4proxy/internal/config/loader.go:873.2,873.37 1 13
github.com/anomalyco/ja4proxy/internal/config/loader.go:873.37,875.3 1 7
github.com/anomalyco/ja4proxy/internal/config/loader.go:876.2,876.14 1 6
github.com/anomalyco/ja4proxy/internal/config/loader.go:903.41,904.11 1 0
github.com/anomalyco/ja4proxy/internal/config/loader.go:905.23,906.19 1 0
github.com/anomalyco/ja4proxy/internal/config/loader.go:907.29,908.26 1 0
github.com/anomalyco/ja4proxy/internal/config/loader.go:909.30,910.27 1 0
github.com/anomalyco/ja4proxy/internal/config/loader.go:911.10,912.19 1 0
github.com/anomalyco/ja4proxy/internal/config/loader.go:921.54,922.16 1 0
github.com/anomalyco/ja4proxy/internal/config/loader.go:922.16,924.3 1 0
github.com/anomalyco/ja4proxy/internal/config/loader.go:925.2,925.32 1 0
github.com/anomalyco/ja4proxy/internal/config/loader.go:925.32,927.3 1 0
github.com/anomalyco/ja4proxy/internal/config/loader.go:928.2,929.48 2 0
github.com/anomalyco/ja4proxy/internal/config/loader.go:929.48,931.3 1 0
github.com/anomalyco/ja4proxy/internal/config/loader.go:932.2,932.28 1 0
github.com/anomalyco/ja4proxy/internal/config/loader.go:932.28,934.3 1 0
github.com/anomalyco/ja4proxy/internal/config/loader.go:935.2,935.31 1 0
github.com/anomalyco/ja4proxy/internal/config/loader.go:957.53,958.16 1 8
github.com/anomalyco/ja4proxy/internal/config/loader.go:958.16,960.3 1 1
github.com/anomalyco/ja4proxy/internal/config/loader.go:961.2,961.33 1 7
github.com/anomalyco/ja4proxy/internal/config/loader.go:961.33,963.3 1 3
github.com/anomalyco/ja4proxy/internal/config/loader.go:964.2,964.59 1 4
github.com/anomalyco/ja4proxy/internal/config/loader.go:964.59,966.3 1 3
github.com/anomalyco/ja4proxy/internal/config/loader.go:967.2,967.12 1 1
github.com/anomalyco/ja4proxy/internal/config/loader.go:976.47,977.16 1 6
github.com/anomalyco/ja4proxy/internal/config/loader.go:977.16,979.3 1 1
github.com/anomalyco/ja4proxy/internal/config/loader.go:980.2,980.32 1 5
github.com/anomalyco/ja4proxy/internal/config/loader.go:980.32,981.68 1 2
github.com/anomalyco/ja4proxy/internal/config/loader.go:981.68,983.4 1 1
github.com/anomalyco/ja4proxy/internal/config/loader.go:985.2,985.27 1 4
github.com/anomalyco/ja4proxy/internal/config/loader.go:1006.47,1007.16 1 19
github.com/anomalyco/ja4proxy/internal/config/loader.go:1007.16,1009.3 1 1
github.com/anomalyco/ja4proxy/internal/config/loader.go:1010.2,1010.26 1 18
github.com/anomalyco/ja4proxy/internal/config/loader.go:1010.26,1012.3 1 1
github.com/anomalyco/ja4proxy/internal/config/loader.go:1013.2,1013.52 1 17
github.com/anomalyco/ja4proxy/internal/config/loader.go:1013.52,1015.3 1 1
github.com/anomalyco/ja4proxy/internal/config/loader.go:1016.2,1017.30 2 16
github.com/anomalyco/ja4proxy/internal/config/loader.go:1017.30,1019.3 1 7
github.com/anomalyco/ja4proxy/internal/config/loader.go:1020.2,1020.55 1 9
github.com/anomalyco/ja4proxy/internal/config/loader.go:1020.55,1022.3 1 1
github.com/anomalyco/ja4proxy/internal/config/loader.go:1023.2,1023.70 1 8
github.com/anomalyco/ja4proxy/internal/config/loader.go:1030.43,1034.13 2 17
github.com/anomalyco/ja4proxy/internal/config/loader.go:1034.13,1036.3 1 1
github.com/anomalyco/ja4proxy/internal/config/loader.go:1037.2,1038.39 2 16
github.com/anomalyco/ja4proxy/internal/config/loader.go:1038.39,1040.3 1 2
github.com/anomalyco/ja4proxy/internal/config/loader.go:1041.2,1041.37 1 14
github.com/anomalyco/ja4proxy/internal/config/loader.go:1041.37,1043.3 1 13
github.com/anomalyco/ja4proxy/internal/config/loader.go:1044.2,1044.14 1 1
github.com/anomalyco/ja4proxy/internal/config/loader.go:1051.52,1053.16 2 8
github.com/anomalyco/ja4proxy/internal/config/loader.go:1053.16,1056.3 1 2
github.com/anomalyco/ja4proxy/internal/config/loader.go:1057.2,1057.40 1 6
github.com/anomalyco/ja4proxy/internal/config/loader.go:1057.40,1059.3 1 6
github.com/anomalyco/ja4proxy/internal/config/loader.go:1060.2,1060.14 1 0
github.com/anomalyco/ja4proxy/internal/config/loader.go:1066.35,1067.67 1 0
github.com/anomalyco/ja4proxy/internal/config/loader.go:1067.67,1069.3 1 0
github.com/anomalyco/ja4proxy/internal/config/loader.go:1070.2,1070.73 1 0
github.com/anomalyco/ja4proxy/internal/config/loader.go:1070.73,1072.3 1 0
github.com/anomalyco/ja4proxy/internal/config/loader.go:1073.2,1073.31 1 0
github.com/anomalyco/ja4proxy/internal/config/loader.go:1073.31,1075.3 1 0
github.com/anomalyco/ja4proxy/internal/config/loader.go:1076.2,1076.56 1 0
github.com/anomalyco/ja4proxy/internal/config/loader.go:1076.56,1078.3 1 0
github.com/anomalyco/ja4proxy/internal/config/loader.go:1079.2,1079.42 1 0
github.com/anomalyco/ja4proxy/internal/config/loader.go:1079.42,1080.38 1 0
github.com/anomalyco/ja4proxy/internal/config/loader.go:1080.38,1082.4 1 0
github.com/anomalyco/ja4proxy/internal/config/loader.go:1084.2,1084.12 1 0
github.com/anomalyco/ja4proxy/internal/config/netbox.go:35.100,37.124 1 8
github.com/anomalyco/ja4proxy/internal/config/netbox.go:37.124,39.3 1 0
github.com/anomalyco/ja4proxy/internal/config/netbox.go:41.2,49.19 4 8
github.com/anomalyco/ja4proxy/internal/config/netbox.go:49.19,51.17 2 9
github.com/anomalyco/ja4proxy/internal/config/netbox.go:51.17,54.4 2 0
github.com/anomalyco/ja4proxy/internal/config/netbox.go:55.3,59.17 4 9
github.com/anomalyco/ja4proxy/internal/config/netbox.go:59.17,62.4 2 2
github.com/anomalyco/ja4proxy/internal/config/netbox.go:64.3,64.54 1 7
github.com/anomalyco/ja4proxy/internal/config/netbox.go:64.54,68.4 3 1
github.com/anomalyco/ja4proxy/internal/config/netbox.go:70.3,71.68 2 6
github.com/anomalyco/ja4proxy/internal/config/netbox.go:71.68,75.4 3 0
github.com/anomalyco/ja4proxy/internal/config/netbox.go:76.3,78.36 2 6
github.com/anomalyco/ja4proxy/internal/config/netbox.go:78.36,79.22 1 7
github.com/anomalyco/ja4proxy/internal/config/netbox.go:79.22,80.13 1 0
github.com/anomalyco/ja4proxy/internal/config/netbox.go:83.4,84.18 2 7
github.com/anomalyco/ja4proxy/internal/config/netbox.go:84.18,86.13 2 0
github.com/anomalyco/ja4proxy/internal/config/netbox.go:89.4,89.29 1 7
github.com/anomalyco/ja4proxy/internal/config/netbox.go:89.29,91.13 2 2
github.com/anomalyco/ja4proxy/internal/config/netbox.go:93.4,93.41 1 5
github.com/anomalyco/ja4proxy/internal/config/netbox.go:97.3,97.47 1 6
github.com/anomalyco/ja4proxy/internal/config/netbox.go:97.47,99.4 1 1
github.com/anomalyco/ja4proxy/internal/config/netbox.go:99.9,101.4 1 5
github.com/anomalyco/ja4proxy/internal/config/netbox.go:104.2,104.22 1 5
github.com/anomalyco/ja4proxy/internal/config/netbox.go:108.44,111.2 2 7
github.com/anomalyco/ja4proxy/cmd/ja4check/main.go:21.13,23.15 2 3
github.com/anomalyco/ja4proxy/cmd/ja4check/main.go:23.15,27.3 3 2
github.com/anomalyco/ja4proxy/cmd/ja4check/main.go:28.2,28.21 1 1
github.com/anomalyco/ja4proxy/cmd/ja4check/main.go:32.46,34.16 2 7
github.com/anomalyco/ja4proxy/cmd/ja4check/main.go:34.16,35.37 1 5
github.com/anomalyco/ja4proxy/cmd/ja4check/main.go:35.37,37.4 1 2
github.com/anomalyco/ja4proxy/cmd/ja4check/main.go:38.3,38.24 1 3
github.com/anomalyco/ja4proxy/cmd/ja4check/main.go:40.2,40.18 1 2
github.com/anomalyco/ja4proxy/cmd/ja4check/main.go:46.37,46.79 1 4
github.com/anomalyco/ja4proxy/cmd/ja4check/main.go:49.41,50.19 1 12
github.com/anomalyco/ja4proxy/cmd/ja4check/main.go:50.19,52.3 1 3
github.com/anomalyco/ja4proxy/cmd/ja4check/main.go:53.2,54.16 2 9
github.com/anomalyco/ja4proxy/cmd/ja4check/main.go:54.16,56.3 1 2
github.com/anomalyco/ja4proxy/cmd/ja4check/main.go:57.2,58.16 2 7
github.com/anomalyco/ja4proxy/cmd/ja4check/main.go:58.16,60.3 1 4
github.com/anomalyco/ja4proxy/cmd/ja4check/main.go:61.2,61.36 1 3
github.com/anomalyco/ja4proxy/internal/tls/ja4.go:20.30,22.2 1 599
github.com/anomalyco/ja4proxy/internal/tls/ja4.go:30.47,38.37 3 42
github.com/anomalyco/ja4proxy/internal/tls/ja4.go:38.37,40.44 2 26
github.com/anomalyco/ja4proxy/internal/tls/ja4.go:40.44,41.35 1 35
github.com/anomalyco/ja4proxy/internal/tls/ja4.go:41.35,43.5 1 26
github.com/anomalyco/ja4proxy/internal/tls/ja4.go:45.3,45.19 1 26
github.com/anomalyco/ja4proxy/internal/tls/ja4.go:45.19,47.4 1 26
github.com/anomalyco/ja4proxy/internal/tls/ja4.go:52.2,53.21 2 42
github.com/anomalyco/ja4proxy/internal/tls/ja4.go:53.21,55.3 1 22
github.com/anomalyco/ja4proxy/internal/tls/ja4.go:59.2,60.39 2 42
github.com/anomalyco/ja4proxy/internal/tls/ja4.go:60.39,61.20 1 217
github.com/anomalyco/ja4proxy/internal/tls/ja4.go:61.20,63.4 1 209
github.com/anomalyco/ja4proxy/internal/tls/ja4.go:65.2,66.22 2 42
github.com/anomalyco/ja4proxy/internal/tls/ja4.go:66.22,68.3 1 0
github.com/anomalyco/ja4proxy/internal/tls/ja4.go:69.2,75.38 4 42
github.com/anomalyco/ja4proxy/internal/tls/ja4.go:75.38,76.21 1 183
github.com/anomalyco/ja4proxy/internal/tls/ja4.go:76.21,79.38 2 179
github.com/anomalyco/ja4proxy/internal/tls/ja4.go:79.38,81.5 1 148
github.com/anomalyco/ja4proxy/internal/tls/ja4.go:84.2,85.19 2 42
github.com/anomalyco/ja4proxy/internal/tls/ja4.go:85.19,87.3 1 0
github.com/anomalyco/ja4proxy/internal/tls/ja4.go:90.2,91.46 2 42
github.com/anomalyco/ja4proxy/internal/tls/ja4.go:91.46,92.20 1 164
github.com/anomalyco/ja4proxy/internal/tls/ja4.go:92.20,94.4 1 164
github.com/anomalyco/ja4proxy/internal/tls/ja4.go:96.2,106.3 3 42
github.com/anomalyco/ja4proxy/internal/tls/ja4.go:118.10,129.2 2 1
github.com/anomalyco/ja4proxy/internal/tls/ja4.go:132.40,133.11 1 68
github.com/anomalyco/ja4proxy/internal/tls/ja4.go:134.14,135.14 1 1
github.com/anomalyco/ja4proxy/internal/tls/ja4.go:136.14,137.14 1 0
github.com/anomalyco/ja4proxy/internal/tls/ja4.go:138.14,139.14 1 41
github.com/anomalyco/ja4proxy/internal/tls/ja4.go:140.14,141.14 1 26
github.com/anomalyco/ja4proxy/internal/tls/ja4.go:142.14,143.14 1 0
github.com/anomalyco/ja4proxy/internal/tls/ja4.go:144.10,145.14 1 0
github.com/anomalyco/ja4proxy/internal/tls/ja4.go:150.44,151.25 1 51
github.com/anomalyco/ja4proxy/internal/tls/ja4.go:151.25,153.3 1 25
github.com/anomalyco/ja4proxy/internal/tls/ja4.go:154.2,155.20 2 26
github.com/anomalyco/ja4proxy/internal/tls/ja4.go:156.9,157.14 1 1
github.com/anomalyco/ja4proxy/internal/tls/ja4.go:158.9,159.32 1 2
github.com/anomalyco/ja4proxy/internal/tls/ja4.go:160.10,161.56 1 23
github.com/anomalyco/ja4proxy/internal/tls/ja4.go:166.43,167.23 1 43
github.com/anomalyco/ja4proxy/internal/tls/ja4.go:167.23,169.3 1 2
github.com/anomalyco/ja4proxy/internal/tls/ja4.go:170.2,172.41 3 41
github.com/anomalyco/ja4proxy/internal/tls/ja4.go:172.41,172.73 1 565
github.com/anomalyco/ja4proxy/internal/tls/ja4.go:174.2,175.28 2 41
github.com/anomalyco/ja4proxy/internal/tls/ja4.go:175.28,177.3 1 211
github.com/anomalyco/ja4proxy/internal/tls/ja4.go:178.2,180.34 3 41
github.com/anomalyco/ja4proxy/internal/tls/ja4.go:184.59,185.20 1 44
github.com/anomalyco/ja4proxy/internal/tls/ja4.go:185.20,187.3 1 8
github.com/anomalyco/ja4proxy/internal/tls/ja4.go:190.2,192.45 3 36
github.com/anomalyco/ja4proxy/internal/tls/ja4.go:192.45,192.85 1 234
github.com/anomalyco/ja4proxy/internal/tls/ja4.go:194.2,195.33 2 36
github.com/anomalyco/ja4proxy/internal/tls/ja4.go:195.33,197.3 1 154
github.com/anomalyco/ja4proxy/internal/tls/ja4.go:198.2,202.22 3 36
github.com/anomalyco/ja4proxy/internal/tls/ja4.go:202.22,204.30 2 17
github.com/anomalyco/ja4proxy/internal/tls/ja4.go:204.30,206.4 1 164
github.com/anomalyco/ja4proxy/internal/tls/ja4.go:207.3,208.35 2 17
github.com/anomalyco/ja4proxy/internal/tls/ja4.go:209.8,211.3 1 19
github.com/anomalyco/ja4proxy/internal/tls/ja4.go:213.2,214.34 2 36
github.com/anomalyco/ja4proxy/internal/tls/ja4x.go:19.41,20.23 1 6
github.com/anomalyco/ja4proxy/internal/tls/ja4x.go:20.23,22.3 1 2
github.com/anomalyco/ja4proxy/internal/tls/ja4x.go:24.2,25.16 2 4
github.com/anomalyco/ja4proxy/internal/tls/ja4x.go:25.16,27.3 1 2
github.com/anomalyco/ja4proxy/internal/tls/ja4x.go:29.2,33.41 4 2
github.com/anomalyco/ja4proxy/internal/tls/ja4x.go:37.48,39.49 2 0
github.com/anomalyco/ja4proxy/internal/tls/ja4x.go:39.49,41.3 1 0
github.com/anomalyco/ja4proxy/internal/tls/ja4x.go:42.2,42.33 1 0
github.com/anomalyco/ja4proxy/internal/tls/ja4x.go:45.48,47.16 2 2
github.com/anomalyco/ja4proxy/internal/tls/ja4x.go:47.16,49.3 1 0
github.com/anomalyco/ja4proxy/internal/tls/ja4x.go:51.2,52.36 2 2
github.com/anomalyco/ja4proxy/internal/tls/ja4x.go:52.36,54.3 1 2
github.com/anomalyco/ja4proxy/internal/tls/ja4x.go:55.2,55.44 1 2
github.com/anomalyco/ja4proxy/internal/tls/ja4x.go:55.44,57.3 1 0
github.com/anomalyco/ja4proxy/internal/tls/ja4x.go:58.2,58.38 1 2
github.com/anomalyco/ja4proxy/internal/tls/ja4x.go:58.38,60.3 1 0
github.com/anomalyco/ja4proxy/internal/tls/ja4x.go:61.2,61.32 1 2
github.com/anomalyco/ja4proxy/internal/tls/ja4x.go:61.32,63.3 1 0
github.com/anomalyco/ja4proxy/internal/tls/ja4x.go:65.2,66.35 2 2
github.com/anomalyco/ja4proxy/internal/tls/ja4x.go:69.40,70.26 1 4
github.com/anomalyco/ja4proxy/internal/tls/ja4x.go:70.26,72.3 1 0
github.com/anomalyco/ja4proxy/internal/tls/ja4x.go:73.2,78.34 4 4
github.com/anomalyco/ja4proxy/internal/tls/ja4x.go:78.34,80.3 1 8
github.com/anomalyco/ja4proxy/internal/tls/ja4x.go:81.2,83.29 2 4
github.com/anomalyco/ja4proxy/internal/tls/ja4x.go:83.29,84.12 1 8
github.com/anomalyco/ja4proxy/internal/tls/ja4x.go:84.12,86.4 1 4
github.com/anomalyco/ja4proxy/internal/tls/ja4x.go:87.3,87.23 1 8
github.com/anomalyco/ja4proxy/internal/tls/ja4x.go:89.2,89.20 1 4
github.com/anomalyco/ja4proxy/internal/tls/ja4x.go:92.53,94.2 1 6
github.com/anomalyco/ja4proxy/internal/tls/ja4x.go:96.33,97.16 1 24
github.com/anomalyco/ja4proxy/internal/tls/ja4x.go:97.16,99.3 1 13
github.com/anomalyco/ja4proxy/internal/tls/ja4x.go:100.2,102.34 2 11
github.com/anomalyco/ja4proxy/internal/tls/parser.go:30.62,31.19 1 46
github.com/anomalyco/ja4proxy/internal/tls/parser.go:31.19,33.3 1 4
github.com/anomalyco/ja4proxy/internal/tls/parser.go:39.2,39.21 1 42
github.com/anomalyco/ja4proxy/internal/tls/parser.go:39.21,41.3 1 6
github.com/anomalyco/ja4proxy/internal/tls/parser.go:42.2,43.23 2 36
github.com/anomalyco/ja4proxy/internal/tls/parser.go:43.23,45.3 1 1
github.com/anomalyco/ja4proxy/internal/tls/parser.go:46.2,46.29 1 35
[...]
github.com/anomalyco/ja4proxy/cmd/proxy/main.go:1462.54,1464.3 1 15
github.com/anomalyco/ja4proxy/cmd/proxy/main.go:1465.2,1465.10 1 3
github.com/anomalyco/ja4proxy/cmd/proxy/main.go:1468.51,1474.44 4 4
github.com/anomalyco/ja4proxy/cmd/proxy/main.go:1474.44,1477.3 1 3
github.com/anomalyco/ja4proxy/cmd/proxy/main.go:1478.2,1479.16 2 4
github.com/anomalyco/ja4proxy/cmd/proxy/main.go:1479.16,1481.3 1 1
github.com/anomalyco/ja4proxy/cmd/proxy/main.go:1482.2,1486.59 2 4
github.com/anomalyco/ja4proxy/cmd/proxy/main.go:1486.59,1497.3 1 1
github.com/anomalyco/ja4proxy/cmd/proxy/main.go:1500.2,1501.12 2 4
github.com/anomalyco/ja4proxy/cmd/proxy/main.go:1504.71,1506.44 2 42
github.com/anomalyco/ja4proxy/cmd/proxy/main.go:1506.44,1508.3 1 2
github.com/anomalyco/ja4proxy/cmd/proxy/main.go:1509.2,1510.44 2 42
github.com/anomalyco/ja4proxy/cmd/proxy/main.go:1510.44,1512.3 1 2
github.com/anomalyco/ja4proxy/cmd/proxy/main.go:1513.2,1641.3 3 42
github.com/anomalyco/ja4proxy/cmd/proxy/main.go:1644.97,1646.26 2 43
github.com/anomalyco/ja4proxy/cmd/proxy/main.go:1646.26,1657.3 1 1
github.com/anomalyco/ja4proxy/cmd/proxy/main.go:1658.2,1658.12 1 43
github.com/anomalyco/ja4proxy/cmd/proxy/main.go:1661.76,1663.28 2 43
github.com/anomalyco/ja4proxy/cmd/proxy/main.go:1663.28,1665.3 1 2
github.com/anomalyco/ja4proxy/cmd/proxy/main.go:1666.2,1666.12 1 43
github.com/anomalyco/ja4proxy/cmd/proxy/main.go:1670.89,1671.44 1 1
github.com/anomalyco/ja4proxy/cmd/proxy/main.go:1671.44,1673.3 1 2
github.com/anomalyco/ja4proxy/cmd/proxy/main.go:1674.2,1674.44 1 1
github.com/anomalyco/ja4proxy/cmd/proxy/main.go:1674.44,1676.3 1 1
github.com/anomalyco/ja4proxy/cmd/proxy/main.go:1679.2,1679.50 1 1
github.com/anomalyco/ja4proxy/cmd/proxy/main.go:1679.50,1681.96 1 1
github.com/anomalyco/ja4proxy/cmd/proxy/main.go:1681.96,1683.4 1 1
github.com/anomalyco/ja4proxy/cmd/proxy/main.go:1688.91,1698.27 7 3
github.com/anomalyco/ja4proxy/cmd/proxy/main.go:1698.27,1700.3 1 1
github.com/anomalyco/ja4proxy/cmd/proxy/main.go:1701.2,1702.27 2 3
github.com/anomalyco/ja4proxy/cmd/proxy/main.go:1702.27,1704.3 1 3
github.com/anomalyco/ja4proxy/cmd/proxy/main.go:1706.2,1713.45 3 3
github.com/anomalyco/ja4proxy/cmd/proxy/main.go:1725.66,1727.41 2 5
github.com/anomalyco/ja4proxy/cmd/proxy/main.go:1727.41,1729.3 1 2
github.com/anomalyco/ja4proxy/cmd/proxy/main.go:1729.8,1731.3 1 3
github.com/anomalyco/ja4proxy/cmd/proxy/main.go:1732.2,1732.62 1 5
github.com/anomalyco/ja4proxy/cmd/proxy/main.go:1732.62,1734.3 1 4
github.com/anomalyco/ja4proxy/cmd/proxy/main.go:1735.2,1736.16 2 1
github.com/anomalyco/ja4proxy/cmd/proxy/main.go:1736.16,1738.49 2 1
github.com/anomalyco/ja4proxy/cmd/proxy/main.go:1738.49,1740.4 1 0
github.com/anomalyco/ja4proxy/cmd/proxy/main.go:1742.2,1752.3 1 1
github.com/anomalyco/ja4proxy/cmd/proxy/main.go:1762.57,1763.16 1 23
github.com/anomalyco/ja4proxy/cmd/proxy/main.go:1763.16,1765.3 1 1
github.com/anomalyco/ja4proxy/cmd/proxy/main.go:1766.2,1769.82 2 22
github.com/anomalyco/ja4proxy/cmd/proxy/main.go:1769.82,1770.31 1 10
github.com/anomalyco/ja4proxy/cmd/proxy/main.go:1770.31,1772.4 1 10
github.com/anomalyco/ja4proxy/cmd/proxy/main.go:1773.3,1773.30 1 0
github.com/anomalyco/ja4proxy/cmd/proxy/main.go:1775.2,1775.84 1 12
github.com/anomalyco/ja4proxy/cmd/proxy/main.go:1775.84,1777.3 1 1
github.com/anomalyco/ja4proxy/cmd/proxy/main.go:1779.2,1781.16 2 11
github.com/anomalyco/ja4proxy/cmd/proxy/main.go:1782.21,1783.16 1 4
github.com/anomalyco/ja4proxy/cmd/proxy/main.go:1783.16,1785.4 1 2
github.com/anomalyco/ja4proxy/cmd/proxy/main.go:1786.3,1786.29 1 2
github.com/anomalyco/ja4proxy/cmd/proxy/main.go:1787.22,1788.16 1 2
github.com/anomalyco/ja4proxy/cmd/proxy/main.go:1788.16,1790.4 1 1
github.com/anomalyco/ja4proxy/cmd/proxy/main.go:1791.3,1791.30 1 1
github.com/anomalyco/ja4proxy/cmd/proxy/main.go:1792.15,1793.16 1 3
github.com/anomalyco/ja4proxy/cmd/proxy/main.go:1793.16,1795.4 1 2
github.com/anomalyco/ja4proxy/cmd/proxy/main.go:1796.3,1796.23 1 1
github.com/anomalyco/ja4proxy/cmd/proxy/main.go:1797.10,1798.16 1 2
github.com/anomalyco/ja4proxy/cmd/proxy/main.go:1798.16,1800.4 1 1
github.com/anomalyco/ja4proxy/cmd/proxy/main.go:1801.3,1801.19 1 1
github.com/anomalyco/ja4proxy/cmd/proxy/main.go:1815.68,1816.20 1 7
github.com/anomalyco/ja4proxy/cmd/proxy/main.go:1816.20,1818.3 1 4
github.com/anomalyco/ja4proxy/cmd/proxy/main.go:1819.2,1820.16 2 3
github.com/anomalyco/ja4proxy/cmd/proxy/main.go:1820.16,1824.3 3 1
github.com/anomalyco/ja4proxy/cmd/proxy/main.go:1825.2,1826.18 2 2
github.com/anomalyco/ja4proxy/cmd/proxy/main.go:1826.18,1830.3 3 1
github.com/anomalyco/ja4proxy/cmd/proxy/main.go:1831.2,1832.16 2 1
github.com/anomalyco/ja4proxy/cmd/proxy/main.go:1832.16,1836.3 3 0
github.com/anomalyco/ja4proxy/cmd/proxy/main.go:1837.2,1841.52 2 1
github.com/anomalyco/ja4proxy/cmd/proxy/main.go:1845.52,1846.18 1 86
github.com/anomalyco/ja4proxy/cmd/proxy/main.go:1846.18,1848.3 1 84
github.com/anomalyco/ja4proxy/cmd/proxy/main.go:1849.2,1850.23 2 2
github.com/anomalyco/ja4proxy/cmd/proxy/main.go:1850.23,1852.3 1 4
github.com/anomalyco/ja4proxy/cmd/proxy/main.go:1853.2,1853.10 1 2
github.com/anomalyco/ja4proxy/cmd/proxy/main.go:1858.41,1861.23 3 2
github.com/anomalyco/ja4proxy/cmd/proxy/main.go:1861.23,1862.15 1 8
github.com/anomalyco/ja4proxy/cmd/proxy/main.go:1862.15,1865.4 2 6
github.com/anomalyco/ja4proxy/cmd/proxy/main.go:1867.2,1867.12 1 2
github.com/anomalyco/ja4proxy/cmd/proxy/main.go:1872.59,1877.6 4 2
github.com/anomalyco/ja4proxy/cmd/proxy/main.go:1877.6,1878.10 1 2
github.com/anomalyco/ja4proxy/cmd/proxy/main.go:1879.21,1880.10 1 2
github.com/anomalyco/ja4proxy/cmd/proxy/main.go:1881.19,1885.42 2 0
github.com/anomalyco/ja4proxy/cmd/proxy/main.go:1890.43,1892.16 2 0
github.com/anomalyco/ja4proxy/cmd/proxy/main.go:1892.16,1894.3 1 0
github.com/anomalyco/ja4proxy/cmd/proxy/main.go:1895.2,1895.23 1 0
github.com/anomalyco/ja4proxy/cmd/proxy/main.go:1898.56,1900.15 2 0
github.com/anomalyco/ja4proxy/cmd/proxy/main.go:1900.15,1902.3 1 0
github.com/anomalyco/ja4proxy/cmd/proxy/main.go:1904.2,1926.21 10 0
github.com/anomalyco/ja4proxy/cmd/proxy/main.go:1926.21,1928.3 1 0
github.com/anomalyco/ja4proxy/cmd/proxy/main.go:1929.2,1930.35 2 0
github.com/anomalyco/ja4proxy/cmd/proxy/main.go:1930.35,1932.3 1 0
github.com/anomalyco/ja4proxy/cmd/proxy/main.go:1934.2,1934.12 1 0
github.com/anomalyco/ja4proxy/cmd/proxy/main.go:1937.21,1940.2 2 0
github.com/anomalyco/ja4proxy/internal/redis/client.go:24.40,26.2 1 120
github.com/anomalyco/ja4proxy/internal/redis/client.go:58.58,68.13 2 94
github.com/anomalyco/ja4proxy/internal/redis/client.go:68.13,70.3 1 6
github.com/anomalyco/ja4proxy/internal/redis/client.go:71.2,71.13 1 94
github.com/anomalyco/ja4proxy/internal/redis/client.go:75.64,86.13 2 2
github.com/anomalyco/ja4proxy/internal/redis/client.go:86.13,88.3 1 1
github.com/anomalyco/ja4proxy/internal/redis/client.go:89.2,89.13 1 2
github.com/anomalyco/ja4proxy/internal/redis/client.go:94.48,96.2 1 0
github.com/anomalyco/ja4proxy/internal/redis/client.go:99.72,100.16 1 6
github.com/anomalyco/ja4proxy/internal/redis/client.go:100.16,102.3 1 1
github.com/anomalyco/ja4proxy/internal/redis/client.go:103.2,106.27 4 6
github.com/anomalyco/ja4proxy/internal/redis/client.go:106.27,109.49 3 4
github.com/anomalyco/ja4proxy/internal/redis/client.go:109.49,111.4 1 2
github.com/anomalyco/ja4proxy/internal/redis/client.go:113.2,113.10 1 6
github.com/anomalyco/ja4proxy/internal/redis/client.go:119.50,120.16 1 88
github.com/anomalyco/ja4proxy/internal/redis/client.go:120.16,122.3 1 1
github.com/anomalyco/ja4proxy/internal/redis/client.go:124.2,125.26 2 88
github.com/anomalyco/ja4proxy/internal/redis/client.go:125.26,131.3 2 1
github.com/anomalyco/ja4proxy/internal/redis/client.go:131.8,133.3 1 87
github.com/anomalyco/ja4proxy/internal/redis/client.go:135.2,143.13 4 88
github.com/anomalyco/ja4proxy/internal/redis/client.go:143.13,146.49 3 1
github.com/anomalyco/ja4proxy/internal/redis/client.go:146.49,148.4 1 1
github.com/anomalyco/ja4proxy/internal/redis/client.go:150.2,150.10 1 88
github.com/anomalyco/ja4proxy/internal/redis/client.go:154.44,156.2 1 5
github.com/anomalyco/ja4proxy/internal/redis/client.go:160.103,161.24 1 49
github.com/anomalyco/ja4proxy/internal/redis/client.go:161.24,163.3 1 39
github.com/anomalyco/ja4proxy/internal/redis/client.go:166.2,167.88 1 10
github.com/anomalyco/ja4proxy/internal/redis/client.go:167.88,169.3 1 5
github.com/anomalyco/ja4proxy/internal/redis/client.go:172.2,173.68 1 5
github.com/anomalyco/ja4proxy/internal/redis/client.go:173.68,175.3 1 1
github.com/anomalyco/ja4proxy/internal/redis/client.go:177.2,183.13 2 4
github.com/anomalyco/ja4proxy/internal/redis/client.go:183.13,185.3 1 2
github.com/anomalyco/ja4proxy/internal/redis/client.go:188.2,188.35 1 4
github.com/anomalyco/ja4proxy/internal/redis/client.go:193.32,197.2 3 94
github.com/anomalyco/ja4proxy/internal/redis/client.go:200.38,204.16 4 97
github.com/anomalyco/ja4proxy/internal/redis/client.go:204.16,207.3 2 9
github.com/anomalyco/ja4proxy/internal/redis/client.go:208.2,209.81 2 88
github.com/anomalyco/ja4proxy/internal/redis/client.go:213.71,215.24 2 11
github.com/anomalyco/ja4proxy/internal/redis/client.go:215.24,218.3 2 2
github.com/anomalyco/ja4proxy/internal/redis/client.go:219.2,219.16 1 9
github.com/anomalyco/ja4proxy/internal/redis/client.go:219.16,223.3 3 3
github.com/anomalyco/ja4proxy/internal/redis/client.go:224.2,225.17 2 6
github.com/anomalyco/ja4proxy/internal/redis/client.go:229.81,230.62 1 26
github.com/anomalyco/ja4proxy/internal/redis/client.go:230.62,234.3 3 2
github.com/anomalyco/ja4proxy/internal/redis/client.go:235.2,236.42 2 24
github.com/anomalyco/ja4proxy/internal/redis/client.go:240.86,242.16 2 3
github.com/anomalyco/ja4proxy/internal/redis/client.go:242.16,246.3 3 1
github.com/anomalyco/ja4proxy/internal/redis/client.go:247.2,248.11 2 2
github.com/anomalyco/ja4proxy/internal/redis/client.go:252.69,254.16 2 3
github.com/anomalyco/ja4proxy/internal/redis/client.go:254.16,258.3 3 1
github.com/anomalyco/ja4proxy/internal/redis/client.go:259.2,260.15 2 2
github.com/anomalyco/ja4proxy/internal/redis/client.go:264.76,265.59 1 7
github.com/anomalyco/ja4proxy/internal/redis/client.go:265.59,269.3 3 1
github.com/anomalyco/ja4proxy/internal/redis/client.go:270.2,271.42 2 6
github.com/anomalyco/ja4proxy/internal/redis/client.go:275.76,276.59 1 6
github.com/anomalyco/ja4proxy/internal/redis/client.go:276.59,280.3 3 1
github.com/anomalyco/ja4proxy/internal/redis/client.go:281.2,284.54 2 5
github.com/anomalyco/ja4proxy/internal/redis/client.go:284.54,287.69 2 3
github.com/anomalyco/ja4proxy/internal/redis/client.go:287.69,291.4 2 3
github.com/anomalyco/ja4proxy/internal/redis/client.go:292.8,294.3 1 2
github.com/anomalyco/ja4proxy/internal/redis/client.go:298.51,300.24 2 9
github.com/anomalyco/ja4proxy/internal/redis/client.go:300.24,303.3 2 1
github.com/anomalyco/ja4proxy/internal/redis/client.go:304.2,304.16 1 8
github.com/anomalyco/ja4proxy/internal/redis/client.go:304.16,308.3 3 2
github.com/anomalyco/ja4proxy/internal/redis/client.go:309.2,313.30 2 6
github.com/anomalyco/ja4proxy/internal/redis/client.go:313.30,315.17 2 0
github.com/anomalyco/ja4proxy/internal/redis/client.go:315.17,318.4 2 0
github.com/anomalyco/ja4proxy/internal/redis/client.go:320.3,321.17 2 0
github.com/anomalyco/ja4proxy/internal/redis/client.go:321.17,324.4 2 0
github.com/anomalyco/ja4proxy/internal/redis/client.go:326.3,330.25 4 0
github.com/anomalyco/ja4proxy/internal/redis/client.go:330.25,337.4 2 0
github.com/anomalyco/ja4proxy/internal/redis/client.go:340.2,341.56 2 6
github.com/anomalyco/ja4proxy/internal/redis/client.go:341.56,344.3 2 1
github.com/anomalyco/ja4proxy/internal/redis/client.go:345.2,345.14 1 5
github.com/anomalyco/ja4proxy/internal/redis/client.go:345.14,347.3 1 1
github.com/anomalyco/ja4proxy/internal/redis/client.go:348.2,348.16 1 4
github.com/anomalyco/ja4proxy/internal/redis/client.go:348.16,350.3 1 1
github.com/anomalyco/ja4proxy/internal/redis/client.go:351.2,351.13 1 3
github.com/anomalyco/ja4proxy/internal/redis/client.go:353.44,357.2 3 2
github.com/anomalyco/ja4proxy/internal/redis/client.go:360.48,364.2 3 2
github.com/anomalyco/ja4proxy/internal/redis/client.go:367.45,371.2 3 5
github.com/anomalyco/ja4proxy/internal/redis/client.go:375.51,378.46 3 54
github.com/anomalyco/ja4proxy/internal/redis/client.go:378.46,383.3 4 2
github.com/anomalyco/ja4proxy/internal/redis/client.go:384.2,387.11 4 52
github.com/anomalyco/ja4proxy/internal/redis/client.go:387.11,390.28 2 3
github.com/anomalyco/ja4proxy/internal/redis/client.go:390.28,394.16 4 3
github.com/anomalyco/ja4proxy/internal/redis/client.go:394.16,396.5 1 3
github.com/anomalyco/ja4proxy/internal/redis/client.go:396.10,398.5 1 0
github.com/anomalyco/ja4proxy/internal/redis/client.go:399.9,401.4 1 0
github.com/anomalyco/ja4proxy/internal/redis/client.go:403.2,404.53 2 52
github.com/anomalyco/ja4proxy/internal/redis/client.go:408.32,410.2 1 3
github.com/anomalyco/ja4proxy/internal/redis/client.go:413.50,415.16 2 6
github.com/anomalyco/ja4proxy/internal/redis/client.go:415.16,417.3 1 4
github.com/anomalyco/ja4proxy/internal/redis/client.go:417.8,419.3 1 2
github.com/anomalyco/ja4proxy/internal/redis/client.go:420.2,420.12 1 6
github.com/anomalyco/ja4proxy/internal/redis/client.go:425.69,427.16 2 3
github.com/anomalyco/ja4proxy/internal/redis/client.go:427.16,431.3 3 1
github.com/anomalyco/ja4proxy/internal/redis/client.go:432.2,433.18 2 2
github.com/anomalyco/ja4proxy/internal/redis/client.go:439.99,443.15 4 4
github.com/anomalyco/ja4proxy/internal/redis/client.go:443.15,445.3 1 1
github.com/anomalyco/ja4proxy/internal/redis/client.go:446.2,451.16 3 3
github.com/anomalyco/ja4proxy/internal/redis/client.go:451.16,455.3 3 1
github.com/anomalyco/ja4proxy/internal/redis/client.go:456.2,457.15 2 2
github.com/anomalyco/ja4proxy/internal/redis/client.go:461.77,463.16 2 3
github.com/anomalyco/ja4proxy/internal/redis/client.go:463.16,467.3 3 1
github.com/anomalyco/ja4proxy/internal/redis/client.go:468.2,469.15 2 2
github.com/anomalyco/ja4proxy/internal/redis/client.go:473.68,476.2 2 3
github.com/anomalyco/ja4proxy/internal/redis/client.go:479.84,481.2 1 2
github.com/anomalyco/ja4proxy/internal/redis/client.go:484.63,486.16 2 3
github.com/anomalyco/ja4proxy/internal/redis/client.go:486.16,489.3 2 1
github.com/anomalyco/ja4proxy/internal/redis/client.go:490.2,491.14 2 2
github.com/anomalyco/ja4proxy/internal/redis/client.go:495.86,496.92 1 15
github.com/anomalyco/ja4proxy/internal/redis/client.go:496.92,500.3 3 1
github.com/anomalyco/ja4proxy/internal/redis/client.go:501.2,502.42 2 14
github.com/anomalyco/ja4proxy/internal/redis/client.go:506.86,507.111 1 2
github.com/anomalyco/ja4proxy/internal/redis/client.go:507.111,511.3 3 1
github.com/anomalyco/ja4proxy/internal/redis/client.go:512.2,512.37 1 1
github.com/anomalyco/ja4proxy/internal/redis/client.go:516.86,518.16 2 4
github.com/anomalyco/ja4proxy/internal/redis/client.go:518.16,521.3 2 1
github.com/anomalyco/ja4proxy/internal/redis/client.go:522.2,523.15 2 3
github.com/anomalyco/ja4proxy/internal/redis/client.go:527.63,529.16 2 3
github.com/anomalyco/ja4proxy/internal/redis/client.go:529.16,532.3 2 1
github.com/anomalyco/ja4proxy/internal/redis/client.go:533.2,534.10 2 2
github.com/anomalyco/ja4proxy/internal/redis/client.go:538.93,540.16 2 2
github.com/anomalyco/ja4proxy/internal/redis/client.go:540.16,545.3 2 1
github.com/anomalyco/ja4proxy/internal/redis/client.go:546.2,548.27 3 1
github.com/anomalyco/ja4proxy/internal/redis/client.go:548.27,550.3 1 3
github.com/anomalyco/ja4proxy/internal/redis/client.go:551.2,551.15 1 1
github.com/anomalyco/ja4proxy/internal/redis/client.go:556.90,558.2 1 8
github.com/anomalyco/ja4proxy/internal/redis/client.go:564.99,568.23 1 8
github.com/anomalyco/ja4proxy/internal/redis/client.go:568.23,572.3 3 1
github.com/anomalyco/ja4proxy/internal/redis/client.go:573.2,574.12 2 7
github.com/anomalyco/ja4proxy/internal/redis/client.go:579.95,581.62 2 5
github.com/anomalyco/ja4proxy/internal/redis/client.go:581.62,583.3 1 1
github.com/anomalyco/ja4proxy/internal/redis/client.go:584.2,584.12 1 4
github.com/anomalyco/ja4proxy/internal/redis/client.go:588.107,590.2 1 3
github.com/anomalyco/ja4proxy/internal/redis/client.go:593.87,595.2 1 2
github.com/anomalyco/ja4proxy/internal/redis/client.go:598.66,600.16 2 3
github.com/anomalyco/ja4proxy/internal/redis/client.go:600.16,604.3 3 2
github.com/anomalyco/ja4proxy/internal/redis/client.go:605.2,606.20 2 1
github.com/anomalyco/ja4proxy/internal/redis/client.go:606.20,608.3 1 1
github.com/anomalyco/ja4proxy/internal/redis/pubsub.go:66.102,67.16 1 18
github.com/anomalyco/ja4proxy/internal/redis/pubsub.go:67.16,69.3 1 1
github.com/anomalyco/ja4proxy/internal/redis/pubsub.go:70.2,75.3 1 18
github.com/anomalyco/ja4proxy/internal/redis/pubsub.go:82.54,83.18 1 6
github.com/anomalyco/ja4proxy/internal/redis/pubsub.go:83.18,87.3 3 1
github.com/anomalyco/ja4proxy/internal/redis/pubsub.go:88.2,88.31 1 5
github.com/anomalyco/ja4proxy/internal/redis/pubsub.go:93.50,100.6 3 1
github.com/anomalyco/ja4proxy/internal/redis/pubsub.go:100.6,101.10 1 1
github.com/anomalyco/ja4proxy/internal/redis/pubsub.go:102.21,103.10 1 0
github.com/anomalyco/ja4proxy/internal/redis/pubsub.go:104.11,104.11 0 1
github.com/anomalyco/ja4proxy/internal/redis/pubsub.go:107.3,111.41 3 1
github.com/anomalyco/ja4proxy/internal/redis/pubsub.go:111.41,113.4 1 0
github.com/anomalyco/ja4proxy/internal/redis/pubsub.go:115.3,115.10 1 1
github.com/anomalyco/ja4proxy/internal/redis/pubsub.go:116.21,117.10 1 1
github.com/anomalyco/ja4proxy/internal/redis/pubsub.go:118.30,120.28 2 0
github.com/anomalyco/ja4proxy/internal/redis/pubsub.go:120.28,122.5 1 0
github.com/anomalyco/ja4proxy/internal/redis/pubsub.go:127.54,140.6 5 2
github.com/anomalyco/ja4proxy/internal/redis/pubsub.go:140.6,141.10 1 2
github.com/anomalyco/ja4proxy/internal/redis/pubsub.go:142.21,143.10 1 2
github.com/anomalyco/ja4proxy/internal/redis/pubsub.go:144.24,145.11 1 0
github.com/anomalyco/ja4proxy/internal/redis/pubsub.go:145.11,148.5 2 0
github.com/anomalyco/ja4proxy/internal/redis/pubsub.go:149.4,149.24 1 0
github.com/anomalyco/ja4proxy/internal/redis/pubsub.go:154.57,160.85 2 34
github.com/anomalyco/ja4proxy/internal/redis/pubsub.go:160.85,161.82 1 21
github.com/anomalyco/ja4proxy/internal/redis/pubsub.go:161.82,167.4 2 14
github.com/anomalyco/ja4proxy/internal/redis/pubsub.go:170.2,170.21 1 20
github.com/anomalyco/ja4proxy/internal/redis/pubsub.go:171.46,172.24 1 6
github.com/anomalyco/ja4proxy/internal/redis/pubsub.go:172.24,174.4 1 5
github.com/anomalyco/ja4proxy/internal/redis/pubsub.go:175.115,176.25 1 12
github.com/anomalyco/ja4proxy/internal/redis/pubsub.go:176.25,178.4 1 11
github.com/anomalyco/ja4proxy/internal/redis/pubsub.go:179.10,180.85 1 2
github.com/anomalyco/ja4proxy/internal/redis/pubsub.go:188.69,189.19 1 22
github.com/anomalyco/ja4proxy/internal/redis/pubsub.go:189.19,191.3 1 1
github.com/anomalyco/ja4proxy/internal/redis/pubsub.go:192.2,193.62 2 21
github.com/anomalyco/ja4proxy/internal/redis/pubsub.go:193.62,195.3 1 9
github.com/anomalyco/ja4proxy/internal/redis/pubsub.go:196.2,196.25 1 12
github.com/anomalyco/ja4proxy/internal/redis/pubsub.go:196.25,198.3 1 2
github.com/anomalyco/ja4proxy/internal/redis/pubsub.go:199.2,200.19 2 10
github.com/anomalyco/ja4proxy/internal/redis/pubsub.go:200.19,205.3 1 0
github.com/anomalyco/ja4proxy/internal/redis/pubsub.go:206.2,207.16 2 10
github.com/anomalyco/ja4proxy/internal/redis/pubsub.go:207.16,209.3 1 1
github.com/anomalyco/ja4proxy/internal/redis/pubsub.go:210.2,212.37 3 9
github.com/anomalyco/ja4proxy/internal/redis/pubsub.go:212.37,214.3 1 1
github.com/anomalyco/ja4proxy/internal/redis/pubsub.go:215.2,215.12 1 8
github.com/anomalyco/ja4proxy/internal/redis/pubsub.go:221.78,230.16 5 8
github.com/anomalyco/ja4proxy/internal/redis/pubsub.go:230.16,232.3 1 0
github.com/anomalyco/ja4proxy/internal/redis/pubsub.go:233.2,233.23 1 8
